<?xml version="1.0" encoding="UTF-8"?>
<testsuites name="jest tests" tests="35" failures="34" errors="0" time="14.798">
  <testsuite name="Tests of the {@ZodSchemaReifier} reify() method against the zod parse method" errors="0" failures="0" skipped="0" timestamp="2025-05-08T09:12:20" time="3.191" tests="1">
    <testcase classname="Tests of the {@ZodSchemaReifier} reify() method against the zod parse method TypeScript Decorators Test 1 successfully get n display the lucky number, and the created properties" name="Tests of the {@ZodSchemaReifier} reify() method against the zod parse method TypeScript Decorators Test 1 successfully get n display the lucky number, and the created properties" time="0.08">
    </testcase>
  </testsuite>
  <testsuite name="Tests of the {@ZodSchemaReifier} reify() method" errors="0" failures="34" skipped="0" timestamp="2025-05-08T09:12:20" time="14.325" tests="34">
    <testcase classname="Tests of the {@ZodSchemaReifier} reify() method Test the reify() returns a zod schema which successfully parses the test TypeScript Object Test [Test #1: zodSchema1] successfully pass the zod parse test" name="Tests of the {@ZodSchemaReifier} reify() method Test the reify() returns a zod schema which successfully parses the test TypeScript Object Test [Test #1: zodSchema1] successfully pass the zod parse test" time="0.633">
      <failure>Error: Compilation error inside the Zod Schema you provided as string: code=[2307] | message=[Cannot find module &apos;zod&apos; or its corresponding type declarations.] | lineNumber=[1] | start=[18] | 
    at C:\Users\Utilisateur\zod-reify\src\reify\ZodSchemaReifier.ts:1976:17
    at Array.forEach (&lt;anonymous&gt;)
    at ZodSchemaReifier.validate (C:\Users\Utilisateur\zod-reify\src\reify\ZodSchemaReifier.ts:1969:14)
    at new ZodSchemaReifier (C:\Users\Utilisateur\zod-reify\src\reify\ZodSchemaReifier.ts:282:10)
    at C:\Users\Utilisateur\zod-reify\tests\reify\ZodSchemaReifier.test.ts:1029:31
    at Object.&lt;anonymous&gt; (C:\Users\Utilisateur\zod-reify\node_modules\.pnpm\jest-each@29.7.0\node_modules\jest-each\build\bind.js:81:13)
    at Promise.then.completed (C:\Users\Utilisateur\zod-reify\node_modules\.pnpm\jest-circus@29.7.0\node_modules\jest-circus\build\utils.js:298:28)
    at new Promise (&lt;anonymous&gt;)
    at callAsyncCircusFn (C:\Users\Utilisateur\zod-reify\node_modules\.pnpm\jest-circus@29.7.0\node_modules\jest-circus\build\utils.js:231:10)
    at _callCircusTest (C:\Users\Utilisateur\zod-reify\node_modules\.pnpm\jest-circus@29.7.0\node_modules\jest-circus\build\run.js:316:40)
    at processTicksAndRejections (node:internal/process/task_queues:95:5)
    at _runTest (C:\Users\Utilisateur\zod-reify\node_modules\.pnpm\jest-circus@29.7.0\node_modules\jest-circus\build\run.js:252:3)
    at _runTestsForDescribeBlock (C:\Users\Utilisateur\zod-reify\node_modules\.pnpm\jest-circus@29.7.0\node_modules\jest-circus\build\run.js:126:9)
    at _runTestsForDescribeBlock (C:\Users\Utilisateur\zod-reify\node_modules\.pnpm\jest-circus@29.7.0\node_modules\jest-circus\build\run.js:121:9)
    at _runTestsForDescribeBlock (C:\Users\Utilisateur\zod-reify\node_modules\.pnpm\jest-circus@29.7.0\node_modules\jest-circus\build\run.js:121:9)
    at run (C:\Users\Utilisateur\zod-reify\node_modules\.pnpm\jest-circus@29.7.0\node_modules\jest-circus\build\run.js:71:3)
    at runAndTransformResultsToJestFormat (C:\Users\Utilisateur\zod-reify\node_modules\.pnpm\jest-circus@29.7.0\node_modules\jest-circus\build\legacy-code-todo-rewrite\jestAdapterInit.js:122:21)
    at jestAdapter (C:\Users\Utilisateur\zod-reify\node_modules\.pnpm\jest-circus@29.7.0\node_modules\jest-circus\build\legacy-code-todo-rewrite\jestAdapter.js:79:19)
    at runTestInternal (C:\Users\Utilisateur\zod-reify\node_modules\.pnpm\jest-runner@29.7.0\node_modules\jest-runner\build\runTest.js:367:16)
    at runTest (C:\Users\Utilisateur\zod-reify\node_modules\.pnpm\jest-runner@29.7.0\node_modules\jest-runner\build\runTest.js:444:34)
    at Object.worker (C:\Users\Utilisateur\zod-reify\node_modules\.pnpm\jest-runner@29.7.0\node_modules\jest-runner\build\testWorker.js:106:12)</failure>
    </testcase>
    <testcase classname="Tests of the {@ZodSchemaReifier} reify() method Test the reify() returns a zod schema which successfully parses the test TypeScript Object Test [Test #1bis: zodSchema1 should fail with null] successfully pass the zod parse test" name="Tests of the {@ZodSchemaReifier} reify() method Test the reify() returns a zod schema which successfully parses the test TypeScript Object Test [Test #1bis: zodSchema1 should fail with null] successfully pass the zod parse test" time="0.305">
      <failure>Error: Compilation error inside the Zod Schema you provided as string: code=[2307] | message=[Cannot find module &apos;zod&apos; or its corresponding type declarations.] | lineNumber=[1] | start=[18] | 
    at C:\Users\Utilisateur\zod-reify\src\reify\ZodSchemaReifier.ts:1976:17
    at Array.forEach (&lt;anonymous&gt;)
    at ZodSchemaReifier.validate (C:\Users\Utilisateur\zod-reify\src\reify\ZodSchemaReifier.ts:1969:14)
    at new ZodSchemaReifier (C:\Users\Utilisateur\zod-reify\src\reify\ZodSchemaReifier.ts:282:10)
    at C:\Users\Utilisateur\zod-reify\tests\reify\ZodSchemaReifier.test.ts:1029:31
    at Object.&lt;anonymous&gt; (C:\Users\Utilisateur\zod-reify\node_modules\.pnpm\jest-each@29.7.0\node_modules\jest-each\build\bind.js:81:13)
    at Promise.then.completed (C:\Users\Utilisateur\zod-reify\node_modules\.pnpm\jest-circus@29.7.0\node_modules\jest-circus\build\utils.js:298:28)
    at new Promise (&lt;anonymous&gt;)
    at callAsyncCircusFn (C:\Users\Utilisateur\zod-reify\node_modules\.pnpm\jest-circus@29.7.0\node_modules\jest-circus\build\utils.js:231:10)
    at _callCircusTest (C:\Users\Utilisateur\zod-reify\node_modules\.pnpm\jest-circus@29.7.0\node_modules\jest-circus\build\run.js:316:40)
    at processTicksAndRejections (node:internal/process/task_queues:95:5)
    at _runTest (C:\Users\Utilisateur\zod-reify\node_modules\.pnpm\jest-circus@29.7.0\node_modules\jest-circus\build\run.js:252:3)
    at _runTestsForDescribeBlock (C:\Users\Utilisateur\zod-reify\node_modules\.pnpm\jest-circus@29.7.0\node_modules\jest-circus\build\run.js:126:9)
    at _runTestsForDescribeBlock (C:\Users\Utilisateur\zod-reify\node_modules\.pnpm\jest-circus@29.7.0\node_modules\jest-circus\build\run.js:121:9)
    at _runTestsForDescribeBlock (C:\Users\Utilisateur\zod-reify\node_modules\.pnpm\jest-circus@29.7.0\node_modules\jest-circus\build\run.js:121:9)
    at run (C:\Users\Utilisateur\zod-reify\node_modules\.pnpm\jest-circus@29.7.0\node_modules\jest-circus\build\run.js:71:3)
    at runAndTransformResultsToJestFormat (C:\Users\Utilisateur\zod-reify\node_modules\.pnpm\jest-circus@29.7.0\node_modules\jest-circus\build\legacy-code-todo-rewrite\jestAdapterInit.js:122:21)
    at jestAdapter (C:\Users\Utilisateur\zod-reify\node_modules\.pnpm\jest-circus@29.7.0\node_modules\jest-circus\build\legacy-code-todo-rewrite\jestAdapter.js:79:19)
    at runTestInternal (C:\Users\Utilisateur\zod-reify\node_modules\.pnpm\jest-runner@29.7.0\node_modules\jest-runner\build\runTest.js:367:16)
    at runTest (C:\Users\Utilisateur\zod-reify\node_modules\.pnpm\jest-runner@29.7.0\node_modules\jest-runner\build\runTest.js:444:34)
    at Object.worker (C:\Users\Utilisateur\zod-reify\node_modules\.pnpm\jest-runner@29.7.0\node_modules\jest-runner\build\testWorker.js:106:12)</failure>
    </testcase>
    <testcase classname="Tests of the {@ZodSchemaReifier} reify() method Test the reify() returns a zod schema which successfully parses the test TypeScript Object Test [Test #2: zodSchema2] successfully pass the zod parse test" name="Tests of the {@ZodSchemaReifier} reify() method Test the reify() returns a zod schema which successfully parses the test TypeScript Object Test [Test #2: zodSchema2] successfully pass the zod parse test" time="0.257">
      <failure>Error: Compilation error inside the Zod Schema you provided as string: code=[2307] | message=[Cannot find module &apos;zod&apos; or its corresponding type declarations.] | lineNumber=[1] | start=[18] | 
    at C:\Users\Utilisateur\zod-reify\src\reify\ZodSchemaReifier.ts:1976:17
    at Array.forEach (&lt;anonymous&gt;)
    at ZodSchemaReifier.validate (C:\Users\Utilisateur\zod-reify\src\reify\ZodSchemaReifier.ts:1969:14)
    at new ZodSchemaReifier (C:\Users\Utilisateur\zod-reify\src\reify\ZodSchemaReifier.ts:282:10)
    at C:\Users\Utilisateur\zod-reify\tests\reify\ZodSchemaReifier.test.ts:1029:31
    at Object.&lt;anonymous&gt; (C:\Users\Utilisateur\zod-reify\node_modules\.pnpm\jest-each@29.7.0\node_modules\jest-each\build\bind.js:81:13)
    at Promise.then.completed (C:\Users\Utilisateur\zod-reify\node_modules\.pnpm\jest-circus@29.7.0\node_modules\jest-circus\build\utils.js:298:28)
    at new Promise (&lt;anonymous&gt;)
    at callAsyncCircusFn (C:\Users\Utilisateur\zod-reify\node_modules\.pnpm\jest-circus@29.7.0\node_modules\jest-circus\build\utils.js:231:10)
    at _callCircusTest (C:\Users\Utilisateur\zod-reify\node_modules\.pnpm\jest-circus@29.7.0\node_modules\jest-circus\build\run.js:316:40)
    at processTicksAndRejections (node:internal/process/task_queues:95:5)
    at _runTest (C:\Users\Utilisateur\zod-reify\node_modules\.pnpm\jest-circus@29.7.0\node_modules\jest-circus\build\run.js:252:3)
    at _runTestsForDescribeBlock (C:\Users\Utilisateur\zod-reify\node_modules\.pnpm\jest-circus@29.7.0\node_modules\jest-circus\build\run.js:126:9)
    at _runTestsForDescribeBlock (C:\Users\Utilisateur\zod-reify\node_modules\.pnpm\jest-circus@29.7.0\node_modules\jest-circus\build\run.js:121:9)
    at _runTestsForDescribeBlock (C:\Users\Utilisateur\zod-reify\node_modules\.pnpm\jest-circus@29.7.0\node_modules\jest-circus\build\run.js:121:9)
    at run (C:\Users\Utilisateur\zod-reify\node_modules\.pnpm\jest-circus@29.7.0\node_modules\jest-circus\build\run.js:71:3)
    at runAndTransformResultsToJestFormat (C:\Users\Utilisateur\zod-reify\node_modules\.pnpm\jest-circus@29.7.0\node_modules\jest-circus\build\legacy-code-todo-rewrite\jestAdapterInit.js:122:21)
    at jestAdapter (C:\Users\Utilisateur\zod-reify\node_modules\.pnpm\jest-circus@29.7.0\node_modules\jest-circus\build\legacy-code-todo-rewrite\jestAdapter.js:79:19)
    at runTestInternal (C:\Users\Utilisateur\zod-reify\node_modules\.pnpm\jest-runner@29.7.0\node_modules\jest-runner\build\runTest.js:367:16)
    at runTest (C:\Users\Utilisateur\zod-reify\node_modules\.pnpm\jest-runner@29.7.0\node_modules\jest-runner\build\runTest.js:444:34)
    at Object.worker (C:\Users\Utilisateur\zod-reify\node_modules\.pnpm\jest-runner@29.7.0\node_modules\jest-runner\build\testWorker.js:106:12)</failure>
    </testcase>
    <testcase classname="Tests of the {@ZodSchemaReifier} reify() method Test the reify() returns a zod schema which successfully parses the test TypeScript Object Test [Test #3: zodSchema3] successfully pass the zod parse test" name="Tests of the {@ZodSchemaReifier} reify() method Test the reify() returns a zod schema which successfully parses the test TypeScript Object Test [Test #3: zodSchema3] successfully pass the zod parse test" time="0.255">
      <failure>Error: Compilation error inside the Zod Schema you provided as string: code=[2307] | message=[Cannot find module &apos;zod&apos; or its corresponding type declarations.] | lineNumber=[1] | start=[18] | 
    at C:\Users\Utilisateur\zod-reify\src\reify\ZodSchemaReifier.ts:1976:17
    at Array.forEach (&lt;anonymous&gt;)
    at ZodSchemaReifier.validate (C:\Users\Utilisateur\zod-reify\src\reify\ZodSchemaReifier.ts:1969:14)
    at new ZodSchemaReifier (C:\Users\Utilisateur\zod-reify\src\reify\ZodSchemaReifier.ts:282:10)
    at C:\Users\Utilisateur\zod-reify\tests\reify\ZodSchemaReifier.test.ts:1029:31
    at Object.&lt;anonymous&gt; (C:\Users\Utilisateur\zod-reify\node_modules\.pnpm\jest-each@29.7.0\node_modules\jest-each\build\bind.js:81:13)
    at Promise.then.completed (C:\Users\Utilisateur\zod-reify\node_modules\.pnpm\jest-circus@29.7.0\node_modules\jest-circus\build\utils.js:298:28)
    at new Promise (&lt;anonymous&gt;)
    at callAsyncCircusFn (C:\Users\Utilisateur\zod-reify\node_modules\.pnpm\jest-circus@29.7.0\node_modules\jest-circus\build\utils.js:231:10)
    at _callCircusTest (C:\Users\Utilisateur\zod-reify\node_modules\.pnpm\jest-circus@29.7.0\node_modules\jest-circus\build\run.js:316:40)
    at processTicksAndRejections (node:internal/process/task_queues:95:5)
    at _runTest (C:\Users\Utilisateur\zod-reify\node_modules\.pnpm\jest-circus@29.7.0\node_modules\jest-circus\build\run.js:252:3)
    at _runTestsForDescribeBlock (C:\Users\Utilisateur\zod-reify\node_modules\.pnpm\jest-circus@29.7.0\node_modules\jest-circus\build\run.js:126:9)
    at _runTestsForDescribeBlock (C:\Users\Utilisateur\zod-reify\node_modules\.pnpm\jest-circus@29.7.0\node_modules\jest-circus\build\run.js:121:9)
    at _runTestsForDescribeBlock (C:\Users\Utilisateur\zod-reify\node_modules\.pnpm\jest-circus@29.7.0\node_modules\jest-circus\build\run.js:121:9)
    at run (C:\Users\Utilisateur\zod-reify\node_modules\.pnpm\jest-circus@29.7.0\node_modules\jest-circus\build\run.js:71:3)
    at runAndTransformResultsToJestFormat (C:\Users\Utilisateur\zod-reify\node_modules\.pnpm\jest-circus@29.7.0\node_modules\jest-circus\build\legacy-code-todo-rewrite\jestAdapterInit.js:122:21)
    at jestAdapter (C:\Users\Utilisateur\zod-reify\node_modules\.pnpm\jest-circus@29.7.0\node_modules\jest-circus\build\legacy-code-todo-rewrite\jestAdapter.js:79:19)
    at runTestInternal (C:\Users\Utilisateur\zod-reify\node_modules\.pnpm\jest-runner@29.7.0\node_modules\jest-runner\build\runTest.js:367:16)
    at runTest (C:\Users\Utilisateur\zod-reify\node_modules\.pnpm\jest-runner@29.7.0\node_modules\jest-runner\build\runTest.js:444:34)
    at Object.worker (C:\Users\Utilisateur\zod-reify\node_modules\.pnpm\jest-runner@29.7.0\node_modules\jest-runner\build\testWorker.js:106:12)</failure>
    </testcase>
    <testcase classname="Tests of the {@ZodSchemaReifier} reify() method Test the reify() returns a zod schema which successfully parses the test TypeScript Object Test [Test #4: zodSchema4] successfully pass the zod parse test" name="Tests of the {@ZodSchemaReifier} reify() method Test the reify() returns a zod schema which successfully parses the test TypeScript Object Test [Test #4: zodSchema4] successfully pass the zod parse test" time="0.261">
      <failure>Error: Compilation error inside the Zod Schema you provided as string: code=[2307] | message=[Cannot find module &apos;zod&apos; or its corresponding type declarations.] | lineNumber=[1] | start=[18] | 
    at C:\Users\Utilisateur\zod-reify\src\reify\ZodSchemaReifier.ts:1976:17
    at Array.forEach (&lt;anonymous&gt;)
    at ZodSchemaReifier.validate (C:\Users\Utilisateur\zod-reify\src\reify\ZodSchemaReifier.ts:1969:14)
    at new ZodSchemaReifier (C:\Users\Utilisateur\zod-reify\src\reify\ZodSchemaReifier.ts:282:10)
    at C:\Users\Utilisateur\zod-reify\tests\reify\ZodSchemaReifier.test.ts:1029:31
    at Object.&lt;anonymous&gt; (C:\Users\Utilisateur\zod-reify\node_modules\.pnpm\jest-each@29.7.0\node_modules\jest-each\build\bind.js:81:13)
    at Promise.then.completed (C:\Users\Utilisateur\zod-reify\node_modules\.pnpm\jest-circus@29.7.0\node_modules\jest-circus\build\utils.js:298:28)
    at new Promise (&lt;anonymous&gt;)
    at callAsyncCircusFn (C:\Users\Utilisateur\zod-reify\node_modules\.pnpm\jest-circus@29.7.0\node_modules\jest-circus\build\utils.js:231:10)
    at _callCircusTest (C:\Users\Utilisateur\zod-reify\node_modules\.pnpm\jest-circus@29.7.0\node_modules\jest-circus\build\run.js:316:40)
    at processTicksAndRejections (node:internal/process/task_queues:95:5)
    at _runTest (C:\Users\Utilisateur\zod-reify\node_modules\.pnpm\jest-circus@29.7.0\node_modules\jest-circus\build\run.js:252:3)
    at _runTestsForDescribeBlock (C:\Users\Utilisateur\zod-reify\node_modules\.pnpm\jest-circus@29.7.0\node_modules\jest-circus\build\run.js:126:9)
    at _runTestsForDescribeBlock (C:\Users\Utilisateur\zod-reify\node_modules\.pnpm\jest-circus@29.7.0\node_modules\jest-circus\build\run.js:121:9)
    at _runTestsForDescribeBlock (C:\Users\Utilisateur\zod-reify\node_modules\.pnpm\jest-circus@29.7.0\node_modules\jest-circus\build\run.js:121:9)
    at run (C:\Users\Utilisateur\zod-reify\node_modules\.pnpm\jest-circus@29.7.0\node_modules\jest-circus\build\run.js:71:3)
    at runAndTransformResultsToJestFormat (C:\Users\Utilisateur\zod-reify\node_modules\.pnpm\jest-circus@29.7.0\node_modules\jest-circus\build\legacy-code-todo-rewrite\jestAdapterInit.js:122:21)
    at jestAdapter (C:\Users\Utilisateur\zod-reify\node_modules\.pnpm\jest-circus@29.7.0\node_modules\jest-circus\build\legacy-code-todo-rewrite\jestAdapter.js:79:19)
    at runTestInternal (C:\Users\Utilisateur\zod-reify\node_modules\.pnpm\jest-runner@29.7.0\node_modules\jest-runner\build\runTest.js:367:16)
    at runTest (C:\Users\Utilisateur\zod-reify\node_modules\.pnpm\jest-runner@29.7.0\node_modules\jest-runner\build\runTest.js:444:34)
    at Object.worker (C:\Users\Utilisateur\zod-reify\node_modules\.pnpm\jest-runner@29.7.0\node_modules\jest-runner\build\testWorker.js:106:12)</failure>
    </testcase>
    <testcase classname="Tests of the {@ZodSchemaReifier} reify() method Test the reify() returns a zod schema which successfully parses the test TypeScript Object Test [Test #5: zodSchema5] successfully pass the zod parse test" name="Tests of the {@ZodSchemaReifier} reify() method Test the reify() returns a zod schema which successfully parses the test TypeScript Object Test [Test #5: zodSchema5] successfully pass the zod parse test" time="0.263">
      <failure>Error: Compilation error inside the Zod Schema you provided as string: code=[2307] | message=[Cannot find module &apos;zod&apos; or its corresponding type declarations.] | lineNumber=[1] | start=[18] | 
    at C:\Users\Utilisateur\zod-reify\src\reify\ZodSchemaReifier.ts:1976:17
    at Array.forEach (&lt;anonymous&gt;)
    at ZodSchemaReifier.validate (C:\Users\Utilisateur\zod-reify\src\reify\ZodSchemaReifier.ts:1969:14)
    at new ZodSchemaReifier (C:\Users\Utilisateur\zod-reify\src\reify\ZodSchemaReifier.ts:282:10)
    at C:\Users\Utilisateur\zod-reify\tests\reify\ZodSchemaReifier.test.ts:1029:31
    at Object.&lt;anonymous&gt; (C:\Users\Utilisateur\zod-reify\node_modules\.pnpm\jest-each@29.7.0\node_modules\jest-each\build\bind.js:81:13)
    at Promise.then.completed (C:\Users\Utilisateur\zod-reify\node_modules\.pnpm\jest-circus@29.7.0\node_modules\jest-circus\build\utils.js:298:28)
    at new Promise (&lt;anonymous&gt;)
    at callAsyncCircusFn (C:\Users\Utilisateur\zod-reify\node_modules\.pnpm\jest-circus@29.7.0\node_modules\jest-circus\build\utils.js:231:10)
    at _callCircusTest (C:\Users\Utilisateur\zod-reify\node_modules\.pnpm\jest-circus@29.7.0\node_modules\jest-circus\build\run.js:316:40)
    at processTicksAndRejections (node:internal/process/task_queues:95:5)
    at _runTest (C:\Users\Utilisateur\zod-reify\node_modules\.pnpm\jest-circus@29.7.0\node_modules\jest-circus\build\run.js:252:3)
    at _runTestsForDescribeBlock (C:\Users\Utilisateur\zod-reify\node_modules\.pnpm\jest-circus@29.7.0\node_modules\jest-circus\build\run.js:126:9)
    at _runTestsForDescribeBlock (C:\Users\Utilisateur\zod-reify\node_modules\.pnpm\jest-circus@29.7.0\node_modules\jest-circus\build\run.js:121:9)
    at _runTestsForDescribeBlock (C:\Users\Utilisateur\zod-reify\node_modules\.pnpm\jest-circus@29.7.0\node_modules\jest-circus\build\run.js:121:9)
    at run (C:\Users\Utilisateur\zod-reify\node_modules\.pnpm\jest-circus@29.7.0\node_modules\jest-circus\build\run.js:71:3)
    at runAndTransformResultsToJestFormat (C:\Users\Utilisateur\zod-reify\node_modules\.pnpm\jest-circus@29.7.0\node_modules\jest-circus\build\legacy-code-todo-rewrite\jestAdapterInit.js:122:21)
    at jestAdapter (C:\Users\Utilisateur\zod-reify\node_modules\.pnpm\jest-circus@29.7.0\node_modules\jest-circus\build\legacy-code-todo-rewrite\jestAdapter.js:79:19)
    at runTestInternal (C:\Users\Utilisateur\zod-reify\node_modules\.pnpm\jest-runner@29.7.0\node_modules\jest-runner\build\runTest.js:367:16)
    at runTest (C:\Users\Utilisateur\zod-reify\node_modules\.pnpm\jest-runner@29.7.0\node_modules\jest-runner\build\runTest.js:444:34)
    at Object.worker (C:\Users\Utilisateur\zod-reify\node_modules\.pnpm\jest-runner@29.7.0\node_modules\jest-runner\build\testWorker.js:106:12)</failure>
    </testcase>
    <testcase classname="Tests of the {@ZodSchemaReifier} reify() method Test the reify() returns a zod schema which successfully parses the test TypeScript Object Test [Test #6: zodSchema6] successfully pass the zod parse test" name="Tests of the {@ZodSchemaReifier} reify() method Test the reify() returns a zod schema which successfully parses the test TypeScript Object Test [Test #6: zodSchema6] successfully pass the zod parse test" time="0.257">
      <failure>Error: Compilation error inside the Zod Schema you provided as string: code=[2307] | message=[Cannot find module &apos;zod&apos; or its corresponding type declarations.] | lineNumber=[1] | start=[18] | 
    at C:\Users\Utilisateur\zod-reify\src\reify\ZodSchemaReifier.ts:1976:17
    at Array.forEach (&lt;anonymous&gt;)
    at ZodSchemaReifier.validate (C:\Users\Utilisateur\zod-reify\src\reify\ZodSchemaReifier.ts:1969:14)
    at new ZodSchemaReifier (C:\Users\Utilisateur\zod-reify\src\reify\ZodSchemaReifier.ts:282:10)
    at C:\Users\Utilisateur\zod-reify\tests\reify\ZodSchemaReifier.test.ts:1029:31
    at Object.&lt;anonymous&gt; (C:\Users\Utilisateur\zod-reify\node_modules\.pnpm\jest-each@29.7.0\node_modules\jest-each\build\bind.js:81:13)
    at Promise.then.completed (C:\Users\Utilisateur\zod-reify\node_modules\.pnpm\jest-circus@29.7.0\node_modules\jest-circus\build\utils.js:298:28)
    at new Promise (&lt;anonymous&gt;)
    at callAsyncCircusFn (C:\Users\Utilisateur\zod-reify\node_modules\.pnpm\jest-circus@29.7.0\node_modules\jest-circus\build\utils.js:231:10)
    at _callCircusTest (C:\Users\Utilisateur\zod-reify\node_modules\.pnpm\jest-circus@29.7.0\node_modules\jest-circus\build\run.js:316:40)
    at processTicksAndRejections (node:internal/process/task_queues:95:5)
    at _runTest (C:\Users\Utilisateur\zod-reify\node_modules\.pnpm\jest-circus@29.7.0\node_modules\jest-circus\build\run.js:252:3)
    at _runTestsForDescribeBlock (C:\Users\Utilisateur\zod-reify\node_modules\.pnpm\jest-circus@29.7.0\node_modules\jest-circus\build\run.js:126:9)
    at _runTestsForDescribeBlock (C:\Users\Utilisateur\zod-reify\node_modules\.pnpm\jest-circus@29.7.0\node_modules\jest-circus\build\run.js:121:9)
    at _runTestsForDescribeBlock (C:\Users\Utilisateur\zod-reify\node_modules\.pnpm\jest-circus@29.7.0\node_modules\jest-circus\build\run.js:121:9)
    at run (C:\Users\Utilisateur\zod-reify\node_modules\.pnpm\jest-circus@29.7.0\node_modules\jest-circus\build\run.js:71:3)
    at runAndTransformResultsToJestFormat (C:\Users\Utilisateur\zod-reify\node_modules\.pnpm\jest-circus@29.7.0\node_modules\jest-circus\build\legacy-code-todo-rewrite\jestAdapterInit.js:122:21)
    at jestAdapter (C:\Users\Utilisateur\zod-reify\node_modules\.pnpm\jest-circus@29.7.0\node_modules\jest-circus\build\legacy-code-todo-rewrite\jestAdapter.js:79:19)
    at runTestInternal (C:\Users\Utilisateur\zod-reify\node_modules\.pnpm\jest-runner@29.7.0\node_modules\jest-runner\build\runTest.js:367:16)
    at runTest (C:\Users\Utilisateur\zod-reify\node_modules\.pnpm\jest-runner@29.7.0\node_modules\jest-runner\build\runTest.js:444:34)
    at Object.worker (C:\Users\Utilisateur\zod-reify\node_modules\.pnpm\jest-runner@29.7.0\node_modules\jest-runner\build\testWorker.js:106:12)</failure>
    </testcase>
    <testcase classname="Tests of the {@ZodSchemaReifier} reify() method Test the reify() returns a zod schema which successfully parses the test TypeScript Object Test [Test #7: zodSchema7] successfully pass the zod parse test" name="Tests of the {@ZodSchemaReifier} reify() method Test the reify() returns a zod schema which successfully parses the test TypeScript Object Test [Test #7: zodSchema7] successfully pass the zod parse test" time="0.238">
      <failure>Error: Compilation error inside the Zod Schema you provided as string: code=[2307] | message=[Cannot find module &apos;zod&apos; or its corresponding type declarations.] | lineNumber=[1] | start=[18] | 
    at C:\Users\Utilisateur\zod-reify\src\reify\ZodSchemaReifier.ts:1976:17
    at Array.forEach (&lt;anonymous&gt;)
    at ZodSchemaReifier.validate (C:\Users\Utilisateur\zod-reify\src\reify\ZodSchemaReifier.ts:1969:14)
    at new ZodSchemaReifier (C:\Users\Utilisateur\zod-reify\src\reify\ZodSchemaReifier.ts:282:10)
    at C:\Users\Utilisateur\zod-reify\tests\reify\ZodSchemaReifier.test.ts:1029:31
    at Object.&lt;anonymous&gt; (C:\Users\Utilisateur\zod-reify\node_modules\.pnpm\jest-each@29.7.0\node_modules\jest-each\build\bind.js:81:13)
    at Promise.then.completed (C:\Users\Utilisateur\zod-reify\node_modules\.pnpm\jest-circus@29.7.0\node_modules\jest-circus\build\utils.js:298:28)
    at new Promise (&lt;anonymous&gt;)
    at callAsyncCircusFn (C:\Users\Utilisateur\zod-reify\node_modules\.pnpm\jest-circus@29.7.0\node_modules\jest-circus\build\utils.js:231:10)
    at _callCircusTest (C:\Users\Utilisateur\zod-reify\node_modules\.pnpm\jest-circus@29.7.0\node_modules\jest-circus\build\run.js:316:40)
    at processTicksAndRejections (node:internal/process/task_queues:95:5)
    at _runTest (C:\Users\Utilisateur\zod-reify\node_modules\.pnpm\jest-circus@29.7.0\node_modules\jest-circus\build\run.js:252:3)
    at _runTestsForDescribeBlock (C:\Users\Utilisateur\zod-reify\node_modules\.pnpm\jest-circus@29.7.0\node_modules\jest-circus\build\run.js:126:9)
    at _runTestsForDescribeBlock (C:\Users\Utilisateur\zod-reify\node_modules\.pnpm\jest-circus@29.7.0\node_modules\jest-circus\build\run.js:121:9)
    at _runTestsForDescribeBlock (C:\Users\Utilisateur\zod-reify\node_modules\.pnpm\jest-circus@29.7.0\node_modules\jest-circus\build\run.js:121:9)
    at run (C:\Users\Utilisateur\zod-reify\node_modules\.pnpm\jest-circus@29.7.0\node_modules\jest-circus\build\run.js:71:3)
    at runAndTransformResultsToJestFormat (C:\Users\Utilisateur\zod-reify\node_modules\.pnpm\jest-circus@29.7.0\node_modules\jest-circus\build\legacy-code-todo-rewrite\jestAdapterInit.js:122:21)
    at jestAdapter (C:\Users\Utilisateur\zod-reify\node_modules\.pnpm\jest-circus@29.7.0\node_modules\jest-circus\build\legacy-code-todo-rewrite\jestAdapter.js:79:19)
    at runTestInternal (C:\Users\Utilisateur\zod-reify\node_modules\.pnpm\jest-runner@29.7.0\node_modules\jest-runner\build\runTest.js:367:16)
    at runTest (C:\Users\Utilisateur\zod-reify\node_modules\.pnpm\jest-runner@29.7.0\node_modules\jest-runner\build\runTest.js:444:34)
    at Object.worker (C:\Users\Utilisateur\zod-reify\node_modules\.pnpm\jest-runner@29.7.0\node_modules\jest-runner\build\testWorker.js:106:12)</failure>
    </testcase>
    <testcase classname="Tests of the {@ZodSchemaReifier} reify() method Test the reify() returns a zod schema which successfully parses the test TypeScript Object Test [Test #8: zodSchema8] successfully pass the zod parse test" name="Tests of the {@ZodSchemaReifier} reify() method Test the reify() returns a zod schema which successfully parses the test TypeScript Object Test [Test #8: zodSchema8] successfully pass the zod parse test" time="0.248">
      <failure>Error: Compilation error inside the Zod Schema you provided as string: code=[2307] | message=[Cannot find module &apos;zod&apos; or its corresponding type declarations.] | lineNumber=[1] | start=[18] | 
    at C:\Users\Utilisateur\zod-reify\src\reify\ZodSchemaReifier.ts:1976:17
    at Array.forEach (&lt;anonymous&gt;)
    at ZodSchemaReifier.validate (C:\Users\Utilisateur\zod-reify\src\reify\ZodSchemaReifier.ts:1969:14)
    at new ZodSchemaReifier (C:\Users\Utilisateur\zod-reify\src\reify\ZodSchemaReifier.ts:282:10)
    at C:\Users\Utilisateur\zod-reify\tests\reify\ZodSchemaReifier.test.ts:1029:31
    at Object.&lt;anonymous&gt; (C:\Users\Utilisateur\zod-reify\node_modules\.pnpm\jest-each@29.7.0\node_modules\jest-each\build\bind.js:81:13)
    at Promise.then.completed (C:\Users\Utilisateur\zod-reify\node_modules\.pnpm\jest-circus@29.7.0\node_modules\jest-circus\build\utils.js:298:28)
    at new Promise (&lt;anonymous&gt;)
    at callAsyncCircusFn (C:\Users\Utilisateur\zod-reify\node_modules\.pnpm\jest-circus@29.7.0\node_modules\jest-circus\build\utils.js:231:10)
    at _callCircusTest (C:\Users\Utilisateur\zod-reify\node_modules\.pnpm\jest-circus@29.7.0\node_modules\jest-circus\build\run.js:316:40)
    at processTicksAndRejections (node:internal/process/task_queues:95:5)
    at _runTest (C:\Users\Utilisateur\zod-reify\node_modules\.pnpm\jest-circus@29.7.0\node_modules\jest-circus\build\run.js:252:3)
    at _runTestsForDescribeBlock (C:\Users\Utilisateur\zod-reify\node_modules\.pnpm\jest-circus@29.7.0\node_modules\jest-circus\build\run.js:126:9)
    at _runTestsForDescribeBlock (C:\Users\Utilisateur\zod-reify\node_modules\.pnpm\jest-circus@29.7.0\node_modules\jest-circus\build\run.js:121:9)
    at _runTestsForDescribeBlock (C:\Users\Utilisateur\zod-reify\node_modules\.pnpm\jest-circus@29.7.0\node_modules\jest-circus\build\run.js:121:9)
    at run (C:\Users\Utilisateur\zod-reify\node_modules\.pnpm\jest-circus@29.7.0\node_modules\jest-circus\build\run.js:71:3)
    at runAndTransformResultsToJestFormat (C:\Users\Utilisateur\zod-reify\node_modules\.pnpm\jest-circus@29.7.0\node_modules\jest-circus\build\legacy-code-todo-rewrite\jestAdapterInit.js:122:21)
    at jestAdapter (C:\Users\Utilisateur\zod-reify\node_modules\.pnpm\jest-circus@29.7.0\node_modules\jest-circus\build\legacy-code-todo-rewrite\jestAdapter.js:79:19)
    at runTestInternal (C:\Users\Utilisateur\zod-reify\node_modules\.pnpm\jest-runner@29.7.0\node_modules\jest-runner\build\runTest.js:367:16)
    at runTest (C:\Users\Utilisateur\zod-reify\node_modules\.pnpm\jest-runner@29.7.0\node_modules\jest-runner\build\runTest.js:444:34)
    at Object.worker (C:\Users\Utilisateur\zod-reify\node_modules\.pnpm\jest-runner@29.7.0\node_modules\jest-runner\build\testWorker.js:106:12)</failure>
    </testcase>
    <testcase classname="Tests of the {@ZodSchemaReifier} reify() method Test the reify() returns a zod schema which successfully parses the test TypeScript Object Test [Test #9: zodSchema9] successfully pass the zod parse test" name="Tests of the {@ZodSchemaReifier} reify() method Test the reify() returns a zod schema which successfully parses the test TypeScript Object Test [Test #9: zodSchema9] successfully pass the zod parse test" time="0.239">
      <failure>Error: Compilation error inside the Zod Schema you provided as string: code=[2307] | message=[Cannot find module &apos;zod&apos; or its corresponding type declarations.] | lineNumber=[1] | start=[18] | 
    at C:\Users\Utilisateur\zod-reify\src\reify\ZodSchemaReifier.ts:1976:17
    at Array.forEach (&lt;anonymous&gt;)
    at ZodSchemaReifier.validate (C:\Users\Utilisateur\zod-reify\src\reify\ZodSchemaReifier.ts:1969:14)
    at new ZodSchemaReifier (C:\Users\Utilisateur\zod-reify\src\reify\ZodSchemaReifier.ts:282:10)
    at C:\Users\Utilisateur\zod-reify\tests\reify\ZodSchemaReifier.test.ts:1029:31
    at Object.&lt;anonymous&gt; (C:\Users\Utilisateur\zod-reify\node_modules\.pnpm\jest-each@29.7.0\node_modules\jest-each\build\bind.js:81:13)
    at Promise.then.completed (C:\Users\Utilisateur\zod-reify\node_modules\.pnpm\jest-circus@29.7.0\node_modules\jest-circus\build\utils.js:298:28)
    at new Promise (&lt;anonymous&gt;)
    at callAsyncCircusFn (C:\Users\Utilisateur\zod-reify\node_modules\.pnpm\jest-circus@29.7.0\node_modules\jest-circus\build\utils.js:231:10)
    at _callCircusTest (C:\Users\Utilisateur\zod-reify\node_modules\.pnpm\jest-circus@29.7.0\node_modules\jest-circus\build\run.js:316:40)
    at processTicksAndRejections (node:internal/process/task_queues:95:5)
    at _runTest (C:\Users\Utilisateur\zod-reify\node_modules\.pnpm\jest-circus@29.7.0\node_modules\jest-circus\build\run.js:252:3)
    at _runTestsForDescribeBlock (C:\Users\Utilisateur\zod-reify\node_modules\.pnpm\jest-circus@29.7.0\node_modules\jest-circus\build\run.js:126:9)
    at _runTestsForDescribeBlock (C:\Users\Utilisateur\zod-reify\node_modules\.pnpm\jest-circus@29.7.0\node_modules\jest-circus\build\run.js:121:9)
    at _runTestsForDescribeBlock (C:\Users\Utilisateur\zod-reify\node_modules\.pnpm\jest-circus@29.7.0\node_modules\jest-circus\build\run.js:121:9)
    at run (C:\Users\Utilisateur\zod-reify\node_modules\.pnpm\jest-circus@29.7.0\node_modules\jest-circus\build\run.js:71:3)
    at runAndTransformResultsToJestFormat (C:\Users\Utilisateur\zod-reify\node_modules\.pnpm\jest-circus@29.7.0\node_modules\jest-circus\build\legacy-code-todo-rewrite\jestAdapterInit.js:122:21)
    at jestAdapter (C:\Users\Utilisateur\zod-reify\node_modules\.pnpm\jest-circus@29.7.0\node_modules\jest-circus\build\legacy-code-todo-rewrite\jestAdapter.js:79:19)
    at runTestInternal (C:\Users\Utilisateur\zod-reify\node_modules\.pnpm\jest-runner@29.7.0\node_modules\jest-runner\build\runTest.js:367:16)
    at runTest (C:\Users\Utilisateur\zod-reify\node_modules\.pnpm\jest-runner@29.7.0\node_modules\jest-runner\build\runTest.js:444:34)
    at Object.worker (C:\Users\Utilisateur\zod-reify\node_modules\.pnpm\jest-runner@29.7.0\node_modules\jest-runner\build\testWorker.js:106:12)</failure>
    </testcase>
    <testcase classname="Tests of the {@ZodSchemaReifier} reify() method Test the reify() returns a zod schema which successfully parses the test TypeScript Object Test [Test #10: zodSchema10] successfully pass the zod parse test" name="Tests of the {@ZodSchemaReifier} reify() method Test the reify() returns a zod schema which successfully parses the test TypeScript Object Test [Test #10: zodSchema10] successfully pass the zod parse test" time="0.241">
      <failure>Error: Compilation error inside the Zod Schema you provided as string: code=[2307] | message=[Cannot find module &apos;zod&apos; or its corresponding type declarations.] | lineNumber=[1] | start=[18] | 
    at C:\Users\Utilisateur\zod-reify\src\reify\ZodSchemaReifier.ts:1976:17
    at Array.forEach (&lt;anonymous&gt;)
    at ZodSchemaReifier.validate (C:\Users\Utilisateur\zod-reify\src\reify\ZodSchemaReifier.ts:1969:14)
    at new ZodSchemaReifier (C:\Users\Utilisateur\zod-reify\src\reify\ZodSchemaReifier.ts:282:10)
    at C:\Users\Utilisateur\zod-reify\tests\reify\ZodSchemaReifier.test.ts:1029:31
    at Object.&lt;anonymous&gt; (C:\Users\Utilisateur\zod-reify\node_modules\.pnpm\jest-each@29.7.0\node_modules\jest-each\build\bind.js:81:13)
    at Promise.then.completed (C:\Users\Utilisateur\zod-reify\node_modules\.pnpm\jest-circus@29.7.0\node_modules\jest-circus\build\utils.js:298:28)
    at new Promise (&lt;anonymous&gt;)
    at callAsyncCircusFn (C:\Users\Utilisateur\zod-reify\node_modules\.pnpm\jest-circus@29.7.0\node_modules\jest-circus\build\utils.js:231:10)
    at _callCircusTest (C:\Users\Utilisateur\zod-reify\node_modules\.pnpm\jest-circus@29.7.0\node_modules\jest-circus\build\run.js:316:40)
    at processTicksAndRejections (node:internal/process/task_queues:95:5)
    at _runTest (C:\Users\Utilisateur\zod-reify\node_modules\.pnpm\jest-circus@29.7.0\node_modules\jest-circus\build\run.js:252:3)
    at _runTestsForDescribeBlock (C:\Users\Utilisateur\zod-reify\node_modules\.pnpm\jest-circus@29.7.0\node_modules\jest-circus\build\run.js:126:9)
    at _runTestsForDescribeBlock (C:\Users\Utilisateur\zod-reify\node_modules\.pnpm\jest-circus@29.7.0\node_modules\jest-circus\build\run.js:121:9)
    at _runTestsForDescribeBlock (C:\Users\Utilisateur\zod-reify\node_modules\.pnpm\jest-circus@29.7.0\node_modules\jest-circus\build\run.js:121:9)
    at run (C:\Users\Utilisateur\zod-reify\node_modules\.pnpm\jest-circus@29.7.0\node_modules\jest-circus\build\run.js:71:3)
    at runAndTransformResultsToJestFormat (C:\Users\Utilisateur\zod-reify\node_modules\.pnpm\jest-circus@29.7.0\node_modules\jest-circus\build\legacy-code-todo-rewrite\jestAdapterInit.js:122:21)
    at jestAdapter (C:\Users\Utilisateur\zod-reify\node_modules\.pnpm\jest-circus@29.7.0\node_modules\jest-circus\build\legacy-code-todo-rewrite\jestAdapter.js:79:19)
    at runTestInternal (C:\Users\Utilisateur\zod-reify\node_modules\.pnpm\jest-runner@29.7.0\node_modules\jest-runner\build\runTest.js:367:16)
    at runTest (C:\Users\Utilisateur\zod-reify\node_modules\.pnpm\jest-runner@29.7.0\node_modules\jest-runner\build\runTest.js:444:34)
    at Object.worker (C:\Users\Utilisateur\zod-reify\node_modules\.pnpm\jest-runner@29.7.0\node_modules\jest-runner\build\testWorker.js:106:12)</failure>
    </testcase>
    <testcase classname="Tests of the {@ZodSchemaReifier} reify() method Test the reify() returns a zod schema which successfully parses the test TypeScript Object Test [Test #10bis: zodSchema10] successfully pass the zod parse test" name="Tests of the {@ZodSchemaReifier} reify() method Test the reify() returns a zod schema which successfully parses the test TypeScript Object Test [Test #10bis: zodSchema10] successfully pass the zod parse test" time="0.235">
      <failure>Error: Compilation error inside the Zod Schema you provided as string: code=[2307] | message=[Cannot find module &apos;zod&apos; or its corresponding type declarations.] | lineNumber=[1] | start=[18] | 
    at C:\Users\Utilisateur\zod-reify\src\reify\ZodSchemaReifier.ts:1976:17
    at Array.forEach (&lt;anonymous&gt;)
    at ZodSchemaReifier.validate (C:\Users\Utilisateur\zod-reify\src\reify\ZodSchemaReifier.ts:1969:14)
    at new ZodSchemaReifier (C:\Users\Utilisateur\zod-reify\src\reify\ZodSchemaReifier.ts:282:10)
    at C:\Users\Utilisateur\zod-reify\tests\reify\ZodSchemaReifier.test.ts:1029:31
    at Object.&lt;anonymous&gt; (C:\Users\Utilisateur\zod-reify\node_modules\.pnpm\jest-each@29.7.0\node_modules\jest-each\build\bind.js:81:13)
    at Promise.then.completed (C:\Users\Utilisateur\zod-reify\node_modules\.pnpm\jest-circus@29.7.0\node_modules\jest-circus\build\utils.js:298:28)
    at new Promise (&lt;anonymous&gt;)
    at callAsyncCircusFn (C:\Users\Utilisateur\zod-reify\node_modules\.pnpm\jest-circus@29.7.0\node_modules\jest-circus\build\utils.js:231:10)
    at _callCircusTest (C:\Users\Utilisateur\zod-reify\node_modules\.pnpm\jest-circus@29.7.0\node_modules\jest-circus\build\run.js:316:40)
    at processTicksAndRejections (node:internal/process/task_queues:95:5)
    at _runTest (C:\Users\Utilisateur\zod-reify\node_modules\.pnpm\jest-circus@29.7.0\node_modules\jest-circus\build\run.js:252:3)
    at _runTestsForDescribeBlock (C:\Users\Utilisateur\zod-reify\node_modules\.pnpm\jest-circus@29.7.0\node_modules\jest-circus\build\run.js:126:9)
    at _runTestsForDescribeBlock (C:\Users\Utilisateur\zod-reify\node_modules\.pnpm\jest-circus@29.7.0\node_modules\jest-circus\build\run.js:121:9)
    at _runTestsForDescribeBlock (C:\Users\Utilisateur\zod-reify\node_modules\.pnpm\jest-circus@29.7.0\node_modules\jest-circus\build\run.js:121:9)
    at run (C:\Users\Utilisateur\zod-reify\node_modules\.pnpm\jest-circus@29.7.0\node_modules\jest-circus\build\run.js:71:3)
    at runAndTransformResultsToJestFormat (C:\Users\Utilisateur\zod-reify\node_modules\.pnpm\jest-circus@29.7.0\node_modules\jest-circus\build\legacy-code-todo-rewrite\jestAdapterInit.js:122:21)
    at jestAdapter (C:\Users\Utilisateur\zod-reify\node_modules\.pnpm\jest-circus@29.7.0\node_modules\jest-circus\build\legacy-code-todo-rewrite\jestAdapter.js:79:19)
    at runTestInternal (C:\Users\Utilisateur\zod-reify\node_modules\.pnpm\jest-runner@29.7.0\node_modules\jest-runner\build\runTest.js:367:16)
    at runTest (C:\Users\Utilisateur\zod-reify\node_modules\.pnpm\jest-runner@29.7.0\node_modules\jest-runner\build\runTest.js:444:34)
    at Object.worker (C:\Users\Utilisateur\zod-reify\node_modules\.pnpm\jest-runner@29.7.0\node_modules\jest-runner\build\testWorker.js:106:12)</failure>
    </testcase>
    <testcase classname="Tests of the {@ZodSchemaReifier} reify() method Test the reify() returns a zod schema which successfully parses the test TypeScript Object Test [Test #10ter: zodSchema10] successfully pass the zod parse test" name="Tests of the {@ZodSchemaReifier} reify() method Test the reify() returns a zod schema which successfully parses the test TypeScript Object Test [Test #10ter: zodSchema10] successfully pass the zod parse test" time="0.242">
      <failure>Error: Compilation error inside the Zod Schema you provided as string: code=[2307] | message=[Cannot find module &apos;zod&apos; or its corresponding type declarations.] | lineNumber=[1] | start=[18] | 
    at C:\Users\Utilisateur\zod-reify\src\reify\ZodSchemaReifier.ts:1976:17
    at Array.forEach (&lt;anonymous&gt;)
    at ZodSchemaReifier.validate (C:\Users\Utilisateur\zod-reify\src\reify\ZodSchemaReifier.ts:1969:14)
    at new ZodSchemaReifier (C:\Users\Utilisateur\zod-reify\src\reify\ZodSchemaReifier.ts:282:10)
    at C:\Users\Utilisateur\zod-reify\tests\reify\ZodSchemaReifier.test.ts:1029:31
    at Object.&lt;anonymous&gt; (C:\Users\Utilisateur\zod-reify\node_modules\.pnpm\jest-each@29.7.0\node_modules\jest-each\build\bind.js:81:13)
    at Promise.then.completed (C:\Users\Utilisateur\zod-reify\node_modules\.pnpm\jest-circus@29.7.0\node_modules\jest-circus\build\utils.js:298:28)
    at new Promise (&lt;anonymous&gt;)
    at callAsyncCircusFn (C:\Users\Utilisateur\zod-reify\node_modules\.pnpm\jest-circus@29.7.0\node_modules\jest-circus\build\utils.js:231:10)
    at _callCircusTest (C:\Users\Utilisateur\zod-reify\node_modules\.pnpm\jest-circus@29.7.0\node_modules\jest-circus\build\run.js:316:40)
    at processTicksAndRejections (node:internal/process/task_queues:95:5)
    at _runTest (C:\Users\Utilisateur\zod-reify\node_modules\.pnpm\jest-circus@29.7.0\node_modules\jest-circus\build\run.js:252:3)
    at _runTestsForDescribeBlock (C:\Users\Utilisateur\zod-reify\node_modules\.pnpm\jest-circus@29.7.0\node_modules\jest-circus\build\run.js:126:9)
    at _runTestsForDescribeBlock (C:\Users\Utilisateur\zod-reify\node_modules\.pnpm\jest-circus@29.7.0\node_modules\jest-circus\build\run.js:121:9)
    at _runTestsForDescribeBlock (C:\Users\Utilisateur\zod-reify\node_modules\.pnpm\jest-circus@29.7.0\node_modules\jest-circus\build\run.js:121:9)
    at run (C:\Users\Utilisateur\zod-reify\node_modules\.pnpm\jest-circus@29.7.0\node_modules\jest-circus\build\run.js:71:3)
    at runAndTransformResultsToJestFormat (C:\Users\Utilisateur\zod-reify\node_modules\.pnpm\jest-circus@29.7.0\node_modules\jest-circus\build\legacy-code-todo-rewrite\jestAdapterInit.js:122:21)
    at jestAdapter (C:\Users\Utilisateur\zod-reify\node_modules\.pnpm\jest-circus@29.7.0\node_modules\jest-circus\build\legacy-code-todo-rewrite\jestAdapter.js:79:19)
    at runTestInternal (C:\Users\Utilisateur\zod-reify\node_modules\.pnpm\jest-runner@29.7.0\node_modules\jest-runner\build\runTest.js:367:16)
    at runTest (C:\Users\Utilisateur\zod-reify\node_modules\.pnpm\jest-runner@29.7.0\node_modules\jest-runner\build\runTest.js:444:34)
    at Object.worker (C:\Users\Utilisateur\zod-reify\node_modules\.pnpm\jest-runner@29.7.0\node_modules\jest-runner\build\testWorker.js:106:12)</failure>
    </testcase>
    <testcase classname="Tests of the {@ZodSchemaReifier} reify() method Test the reify() returns a zod schema which successfully parses the test TypeScript Object Test [Test #11: zodSchema11, https://zod.dev/?id=datetimes] successfully pass the zod parse test" name="Tests of the {@ZodSchemaReifier} reify() method Test the reify() returns a zod schema which successfully parses the test TypeScript Object Test [Test #11: zodSchema11, https://zod.dev/?id=datetimes] successfully pass the zod parse test" time="0.24">
      <failure>Error: Compilation error inside the Zod Schema you provided as string: code=[2307] | message=[Cannot find module &apos;zod&apos; or its corresponding type declarations.] | lineNumber=[1] | start=[18] | 
    at C:\Users\Utilisateur\zod-reify\src\reify\ZodSchemaReifier.ts:1976:17
    at Array.forEach (&lt;anonymous&gt;)
    at ZodSchemaReifier.validate (C:\Users\Utilisateur\zod-reify\src\reify\ZodSchemaReifier.ts:1969:14)
    at new ZodSchemaReifier (C:\Users\Utilisateur\zod-reify\src\reify\ZodSchemaReifier.ts:282:10)
    at C:\Users\Utilisateur\zod-reify\tests\reify\ZodSchemaReifier.test.ts:1029:31
    at Object.&lt;anonymous&gt; (C:\Users\Utilisateur\zod-reify\node_modules\.pnpm\jest-each@29.7.0\node_modules\jest-each\build\bind.js:81:13)
    at Promise.then.completed (C:\Users\Utilisateur\zod-reify\node_modules\.pnpm\jest-circus@29.7.0\node_modules\jest-circus\build\utils.js:298:28)
    at new Promise (&lt;anonymous&gt;)
    at callAsyncCircusFn (C:\Users\Utilisateur\zod-reify\node_modules\.pnpm\jest-circus@29.7.0\node_modules\jest-circus\build\utils.js:231:10)
    at _callCircusTest (C:\Users\Utilisateur\zod-reify\node_modules\.pnpm\jest-circus@29.7.0\node_modules\jest-circus\build\run.js:316:40)
    at processTicksAndRejections (node:internal/process/task_queues:95:5)
    at _runTest (C:\Users\Utilisateur\zod-reify\node_modules\.pnpm\jest-circus@29.7.0\node_modules\jest-circus\build\run.js:252:3)
    at _runTestsForDescribeBlock (C:\Users\Utilisateur\zod-reify\node_modules\.pnpm\jest-circus@29.7.0\node_modules\jest-circus\build\run.js:126:9)
    at _runTestsForDescribeBlock (C:\Users\Utilisateur\zod-reify\node_modules\.pnpm\jest-circus@29.7.0\node_modules\jest-circus\build\run.js:121:9)
    at _runTestsForDescribeBlock (C:\Users\Utilisateur\zod-reify\node_modules\.pnpm\jest-circus@29.7.0\node_modules\jest-circus\build\run.js:121:9)
    at run (C:\Users\Utilisateur\zod-reify\node_modules\.pnpm\jest-circus@29.7.0\node_modules\jest-circus\build\run.js:71:3)
    at runAndTransformResultsToJestFormat (C:\Users\Utilisateur\zod-reify\node_modules\.pnpm\jest-circus@29.7.0\node_modules\jest-circus\build\legacy-code-todo-rewrite\jestAdapterInit.js:122:21)
    at jestAdapter (C:\Users\Utilisateur\zod-reify\node_modules\.pnpm\jest-circus@29.7.0\node_modules\jest-circus\build\legacy-code-todo-rewrite\jestAdapter.js:79:19)
    at runTestInternal (C:\Users\Utilisateur\zod-reify\node_modules\.pnpm\jest-runner@29.7.0\node_modules\jest-runner\build\runTest.js:367:16)
    at runTest (C:\Users\Utilisateur\zod-reify\node_modules\.pnpm\jest-runner@29.7.0\node_modules\jest-runner\build\runTest.js:444:34)
    at Object.worker (C:\Users\Utilisateur\zod-reify\node_modules\.pnpm\jest-runner@29.7.0\node_modules\jest-runner\build\testWorker.js:106:12)</failure>
    </testcase>
    <testcase classname="Tests of the {@ZodSchemaReifier} reify() method Test the reify() returns a zod schema which successfully parses the test TypeScript Object Test [Test #11bis: zodSchema11, https://zod.dev/?id=datetimes] successfully pass the zod parse test" name="Tests of the {@ZodSchemaReifier} reify() method Test the reify() returns a zod schema which successfully parses the test TypeScript Object Test [Test #11bis: zodSchema11, https://zod.dev/?id=datetimes] successfully pass the zod parse test" time="0.247">
      <failure>Error: Compilation error inside the Zod Schema you provided as string: code=[2307] | message=[Cannot find module &apos;zod&apos; or its corresponding type declarations.] | lineNumber=[1] | start=[18] | 
    at C:\Users\Utilisateur\zod-reify\src\reify\ZodSchemaReifier.ts:1976:17
    at Array.forEach (&lt;anonymous&gt;)
    at ZodSchemaReifier.validate (C:\Users\Utilisateur\zod-reify\src\reify\ZodSchemaReifier.ts:1969:14)
    at new ZodSchemaReifier (C:\Users\Utilisateur\zod-reify\src\reify\ZodSchemaReifier.ts:282:10)
    at C:\Users\Utilisateur\zod-reify\tests\reify\ZodSchemaReifier.test.ts:1029:31
    at Object.&lt;anonymous&gt; (C:\Users\Utilisateur\zod-reify\node_modules\.pnpm\jest-each@29.7.0\node_modules\jest-each\build\bind.js:81:13)
    at Promise.then.completed (C:\Users\Utilisateur\zod-reify\node_modules\.pnpm\jest-circus@29.7.0\node_modules\jest-circus\build\utils.js:298:28)
    at new Promise (&lt;anonymous&gt;)
    at callAsyncCircusFn (C:\Users\Utilisateur\zod-reify\node_modules\.pnpm\jest-circus@29.7.0\node_modules\jest-circus\build\utils.js:231:10)
    at _callCircusTest (C:\Users\Utilisateur\zod-reify\node_modules\.pnpm\jest-circus@29.7.0\node_modules\jest-circus\build\run.js:316:40)
    at processTicksAndRejections (node:internal/process/task_queues:95:5)
    at _runTest (C:\Users\Utilisateur\zod-reify\node_modules\.pnpm\jest-circus@29.7.0\node_modules\jest-circus\build\run.js:252:3)
    at _runTestsForDescribeBlock (C:\Users\Utilisateur\zod-reify\node_modules\.pnpm\jest-circus@29.7.0\node_modules\jest-circus\build\run.js:126:9)
    at _runTestsForDescribeBlock (C:\Users\Utilisateur\zod-reify\node_modules\.pnpm\jest-circus@29.7.0\node_modules\jest-circus\build\run.js:121:9)
    at _runTestsForDescribeBlock (C:\Users\Utilisateur\zod-reify\node_modules\.pnpm\jest-circus@29.7.0\node_modules\jest-circus\build\run.js:121:9)
    at run (C:\Users\Utilisateur\zod-reify\node_modules\.pnpm\jest-circus@29.7.0\node_modules\jest-circus\build\run.js:71:3)
    at runAndTransformResultsToJestFormat (C:\Users\Utilisateur\zod-reify\node_modules\.pnpm\jest-circus@29.7.0\node_modules\jest-circus\build\legacy-code-todo-rewrite\jestAdapterInit.js:122:21)
    at jestAdapter (C:\Users\Utilisateur\zod-reify\node_modules\.pnpm\jest-circus@29.7.0\node_modules\jest-circus\build\legacy-code-todo-rewrite\jestAdapter.js:79:19)
    at runTestInternal (C:\Users\Utilisateur\zod-reify\node_modules\.pnpm\jest-runner@29.7.0\node_modules\jest-runner\build\runTest.js:367:16)
    at runTest (C:\Users\Utilisateur\zod-reify\node_modules\.pnpm\jest-runner@29.7.0\node_modules\jest-runner\build\runTest.js:444:34)
    at Object.worker (C:\Users\Utilisateur\zod-reify\node_modules\.pnpm\jest-runner@29.7.0\node_modules\jest-runner\build\testWorker.js:106:12)</failure>
    </testcase>
    <testcase classname="Tests of the {@ZodSchemaReifier} reify() method Test the reify() returns a zod schema which successfully parses the test TypeScript Object Test [Test #11ter: zodSchema11, https://zod.dev/?id=datetimes] successfully pass the zod parse test" name="Tests of the {@ZodSchemaReifier} reify() method Test the reify() returns a zod schema which successfully parses the test TypeScript Object Test [Test #11ter: zodSchema11, https://zod.dev/?id=datetimes] successfully pass the zod parse test" time="0.237">
      <failure>Error: Compilation error inside the Zod Schema you provided as string: code=[2307] | message=[Cannot find module &apos;zod&apos; or its corresponding type declarations.] | lineNumber=[1] | start=[18] | 
    at C:\Users\Utilisateur\zod-reify\src\reify\ZodSchemaReifier.ts:1976:17
    at Array.forEach (&lt;anonymous&gt;)
    at ZodSchemaReifier.validate (C:\Users\Utilisateur\zod-reify\src\reify\ZodSchemaReifier.ts:1969:14)
    at new ZodSchemaReifier (C:\Users\Utilisateur\zod-reify\src\reify\ZodSchemaReifier.ts:282:10)
    at C:\Users\Utilisateur\zod-reify\tests\reify\ZodSchemaReifier.test.ts:1029:31
    at Object.&lt;anonymous&gt; (C:\Users\Utilisateur\zod-reify\node_modules\.pnpm\jest-each@29.7.0\node_modules\jest-each\build\bind.js:81:13)
    at Promise.then.completed (C:\Users\Utilisateur\zod-reify\node_modules\.pnpm\jest-circus@29.7.0\node_modules\jest-circus\build\utils.js:298:28)
    at new Promise (&lt;anonymous&gt;)
    at callAsyncCircusFn (C:\Users\Utilisateur\zod-reify\node_modules\.pnpm\jest-circus@29.7.0\node_modules\jest-circus\build\utils.js:231:10)
    at _callCircusTest (C:\Users\Utilisateur\zod-reify\node_modules\.pnpm\jest-circus@29.7.0\node_modules\jest-circus\build\run.js:316:40)
    at processTicksAndRejections (node:internal/process/task_queues:95:5)
    at _runTest (C:\Users\Utilisateur\zod-reify\node_modules\.pnpm\jest-circus@29.7.0\node_modules\jest-circus\build\run.js:252:3)
    at _runTestsForDescribeBlock (C:\Users\Utilisateur\zod-reify\node_modules\.pnpm\jest-circus@29.7.0\node_modules\jest-circus\build\run.js:126:9)
    at _runTestsForDescribeBlock (C:\Users\Utilisateur\zod-reify\node_modules\.pnpm\jest-circus@29.7.0\node_modules\jest-circus\build\run.js:121:9)
    at _runTestsForDescribeBlock (C:\Users\Utilisateur\zod-reify\node_modules\.pnpm\jest-circus@29.7.0\node_modules\jest-circus\build\run.js:121:9)
    at run (C:\Users\Utilisateur\zod-reify\node_modules\.pnpm\jest-circus@29.7.0\node_modules\jest-circus\build\run.js:71:3)
    at runAndTransformResultsToJestFormat (C:\Users\Utilisateur\zod-reify\node_modules\.pnpm\jest-circus@29.7.0\node_modules\jest-circus\build\legacy-code-todo-rewrite\jestAdapterInit.js:122:21)
    at jestAdapter (C:\Users\Utilisateur\zod-reify\node_modules\.pnpm\jest-circus@29.7.0\node_modules\jest-circus\build\legacy-code-todo-rewrite\jestAdapter.js:79:19)
    at runTestInternal (C:\Users\Utilisateur\zod-reify\node_modules\.pnpm\jest-runner@29.7.0\node_modules\jest-runner\build\runTest.js:367:16)
    at runTest (C:\Users\Utilisateur\zod-reify\node_modules\.pnpm\jest-runner@29.7.0\node_modules\jest-runner\build\runTest.js:444:34)
    at Object.worker (C:\Users\Utilisateur\zod-reify\node_modules\.pnpm\jest-runner@29.7.0\node_modules\jest-runner\build\testWorker.js:106:12)</failure>
    </testcase>
    <testcase classname="Tests of the {@ZodSchemaReifier} reify() method Test the reify() returns a zod schema which successfully parses the test TypeScript Object Test [Test #11quarte: zodSchema11, https://zod.dev/?id=datetimes] successfully pass the zod parse test" name="Tests of the {@ZodSchemaReifier} reify() method Test the reify() returns a zod schema which successfully parses the test TypeScript Object Test [Test #11quarte: zodSchema11, https://zod.dev/?id=datetimes] successfully pass the zod parse test" time="0.243">
      <failure>Error: Compilation error inside the Zod Schema you provided as string: code=[2307] | message=[Cannot find module &apos;zod&apos; or its corresponding type declarations.] | lineNumber=[1] | start=[18] | 
    at C:\Users\Utilisateur\zod-reify\src\reify\ZodSchemaReifier.ts:1976:17
    at Array.forEach (&lt;anonymous&gt;)
    at ZodSchemaReifier.validate (C:\Users\Utilisateur\zod-reify\src\reify\ZodSchemaReifier.ts:1969:14)
    at new ZodSchemaReifier (C:\Users\Utilisateur\zod-reify\src\reify\ZodSchemaReifier.ts:282:10)
    at C:\Users\Utilisateur\zod-reify\tests\reify\ZodSchemaReifier.test.ts:1029:31
    at Object.&lt;anonymous&gt; (C:\Users\Utilisateur\zod-reify\node_modules\.pnpm\jest-each@29.7.0\node_modules\jest-each\build\bind.js:81:13)
    at Promise.then.completed (C:\Users\Utilisateur\zod-reify\node_modules\.pnpm\jest-circus@29.7.0\node_modules\jest-circus\build\utils.js:298:28)
    at new Promise (&lt;anonymous&gt;)
    at callAsyncCircusFn (C:\Users\Utilisateur\zod-reify\node_modules\.pnpm\jest-circus@29.7.0\node_modules\jest-circus\build\utils.js:231:10)
    at _callCircusTest (C:\Users\Utilisateur\zod-reify\node_modules\.pnpm\jest-circus@29.7.0\node_modules\jest-circus\build\run.js:316:40)
    at processTicksAndRejections (node:internal/process/task_queues:95:5)
    at _runTest (C:\Users\Utilisateur\zod-reify\node_modules\.pnpm\jest-circus@29.7.0\node_modules\jest-circus\build\run.js:252:3)
    at _runTestsForDescribeBlock (C:\Users\Utilisateur\zod-reify\node_modules\.pnpm\jest-circus@29.7.0\node_modules\jest-circus\build\run.js:126:9)
    at _runTestsForDescribeBlock (C:\Users\Utilisateur\zod-reify\node_modules\.pnpm\jest-circus@29.7.0\node_modules\jest-circus\build\run.js:121:9)
    at _runTestsForDescribeBlock (C:\Users\Utilisateur\zod-reify\node_modules\.pnpm\jest-circus@29.7.0\node_modules\jest-circus\build\run.js:121:9)
    at run (C:\Users\Utilisateur\zod-reify\node_modules\.pnpm\jest-circus@29.7.0\node_modules\jest-circus\build\run.js:71:3)
    at runAndTransformResultsToJestFormat (C:\Users\Utilisateur\zod-reify\node_modules\.pnpm\jest-circus@29.7.0\node_modules\jest-circus\build\legacy-code-todo-rewrite\jestAdapterInit.js:122:21)
    at jestAdapter (C:\Users\Utilisateur\zod-reify\node_modules\.pnpm\jest-circus@29.7.0\node_modules\jest-circus\build\legacy-code-todo-rewrite\jestAdapter.js:79:19)
    at runTestInternal (C:\Users\Utilisateur\zod-reify\node_modules\.pnpm\jest-runner@29.7.0\node_modules\jest-runner\build\runTest.js:367:16)
    at runTest (C:\Users\Utilisateur\zod-reify\node_modules\.pnpm\jest-runner@29.7.0\node_modules\jest-runner\build\runTest.js:444:34)
    at Object.worker (C:\Users\Utilisateur\zod-reify\node_modules\.pnpm\jest-runner@29.7.0\node_modules\jest-runner\build\testWorker.js:106:12)</failure>
    </testcase>
    <testcase classname="Tests of the {@ZodSchemaReifier} reify() method Test the reify() returns a zod schema which successfully parses the test TypeScript Object Test [Test #12: zodSchema12, https://zod.dev/?id=datetimes] successfully pass the zod parse test" name="Tests of the {@ZodSchemaReifier} reify() method Test the reify() returns a zod schema which successfully parses the test TypeScript Object Test [Test #12: zodSchema12, https://zod.dev/?id=datetimes] successfully pass the zod parse test" time="0.24">
      <failure>Error: Compilation error inside the Zod Schema you provided as string: code=[2307] | message=[Cannot find module &apos;zod&apos; or its corresponding type declarations.] | lineNumber=[1] | start=[18] | 
    at C:\Users\Utilisateur\zod-reify\src\reify\ZodSchemaReifier.ts:1976:17
    at Array.forEach (&lt;anonymous&gt;)
    at ZodSchemaReifier.validate (C:\Users\Utilisateur\zod-reify\src\reify\ZodSchemaReifier.ts:1969:14)
    at new ZodSchemaReifier (C:\Users\Utilisateur\zod-reify\src\reify\ZodSchemaReifier.ts:282:10)
    at C:\Users\Utilisateur\zod-reify\tests\reify\ZodSchemaReifier.test.ts:1029:31
    at Object.&lt;anonymous&gt; (C:\Users\Utilisateur\zod-reify\node_modules\.pnpm\jest-each@29.7.0\node_modules\jest-each\build\bind.js:81:13)
    at Promise.then.completed (C:\Users\Utilisateur\zod-reify\node_modules\.pnpm\jest-circus@29.7.0\node_modules\jest-circus\build\utils.js:298:28)
    at new Promise (&lt;anonymous&gt;)
    at callAsyncCircusFn (C:\Users\Utilisateur\zod-reify\node_modules\.pnpm\jest-circus@29.7.0\node_modules\jest-circus\build\utils.js:231:10)
    at _callCircusTest (C:\Users\Utilisateur\zod-reify\node_modules\.pnpm\jest-circus@29.7.0\node_modules\jest-circus\build\run.js:316:40)
    at processTicksAndRejections (node:internal/process/task_queues:95:5)
    at _runTest (C:\Users\Utilisateur\zod-reify\node_modules\.pnpm\jest-circus@29.7.0\node_modules\jest-circus\build\run.js:252:3)
    at _runTestsForDescribeBlock (C:\Users\Utilisateur\zod-reify\node_modules\.pnpm\jest-circus@29.7.0\node_modules\jest-circus\build\run.js:126:9)
    at _runTestsForDescribeBlock (C:\Users\Utilisateur\zod-reify\node_modules\.pnpm\jest-circus@29.7.0\node_modules\jest-circus\build\run.js:121:9)
    at _runTestsForDescribeBlock (C:\Users\Utilisateur\zod-reify\node_modules\.pnpm\jest-circus@29.7.0\node_modules\jest-circus\build\run.js:121:9)
    at run (C:\Users\Utilisateur\zod-reify\node_modules\.pnpm\jest-circus@29.7.0\node_modules\jest-circus\build\run.js:71:3)
    at runAndTransformResultsToJestFormat (C:\Users\Utilisateur\zod-reify\node_modules\.pnpm\jest-circus@29.7.0\node_modules\jest-circus\build\legacy-code-todo-rewrite\jestAdapterInit.js:122:21)
    at jestAdapter (C:\Users\Utilisateur\zod-reify\node_modules\.pnpm\jest-circus@29.7.0\node_modules\jest-circus\build\legacy-code-todo-rewrite\jestAdapter.js:79:19)
    at runTestInternal (C:\Users\Utilisateur\zod-reify\node_modules\.pnpm\jest-runner@29.7.0\node_modules\jest-runner\build\runTest.js:367:16)
    at runTest (C:\Users\Utilisateur\zod-reify\node_modules\.pnpm\jest-runner@29.7.0\node_modules\jest-runner\build\runTest.js:444:34)
    at Object.worker (C:\Users\Utilisateur\zod-reify\node_modules\.pnpm\jest-runner@29.7.0\node_modules\jest-runner\build\testWorker.js:106:12)</failure>
    </testcase>
    <testcase classname="Tests of the {@ZodSchemaReifier} reify() method Test the reify() returns a zod schema which successfully parses the test TypeScript Object Test [Test #12bis: zodSchema12, https://zod.dev/?id=datetimes] successfully pass the zod parse test" name="Tests of the {@ZodSchemaReifier} reify() method Test the reify() returns a zod schema which successfully parses the test TypeScript Object Test [Test #12bis: zodSchema12, https://zod.dev/?id=datetimes] successfully pass the zod parse test" time="0.239">
      <failure>Error: Compilation error inside the Zod Schema you provided as string: code=[2307] | message=[Cannot find module &apos;zod&apos; or its corresponding type declarations.] | lineNumber=[1] | start=[18] | 
    at C:\Users\Utilisateur\zod-reify\src\reify\ZodSchemaReifier.ts:1976:17
    at Array.forEach (&lt;anonymous&gt;)
    at ZodSchemaReifier.validate (C:\Users\Utilisateur\zod-reify\src\reify\ZodSchemaReifier.ts:1969:14)
    at new ZodSchemaReifier (C:\Users\Utilisateur\zod-reify\src\reify\ZodSchemaReifier.ts:282:10)
    at C:\Users\Utilisateur\zod-reify\tests\reify\ZodSchemaReifier.test.ts:1029:31
    at Object.&lt;anonymous&gt; (C:\Users\Utilisateur\zod-reify\node_modules\.pnpm\jest-each@29.7.0\node_modules\jest-each\build\bind.js:81:13)
    at Promise.then.completed (C:\Users\Utilisateur\zod-reify\node_modules\.pnpm\jest-circus@29.7.0\node_modules\jest-circus\build\utils.js:298:28)
    at new Promise (&lt;anonymous&gt;)
    at callAsyncCircusFn (C:\Users\Utilisateur\zod-reify\node_modules\.pnpm\jest-circus@29.7.0\node_modules\jest-circus\build\utils.js:231:10)
    at _callCircusTest (C:\Users\Utilisateur\zod-reify\node_modules\.pnpm\jest-circus@29.7.0\node_modules\jest-circus\build\run.js:316:40)
    at processTicksAndRejections (node:internal/process/task_queues:95:5)
    at _runTest (C:\Users\Utilisateur\zod-reify\node_modules\.pnpm\jest-circus@29.7.0\node_modules\jest-circus\build\run.js:252:3)
    at _runTestsForDescribeBlock (C:\Users\Utilisateur\zod-reify\node_modules\.pnpm\jest-circus@29.7.0\node_modules\jest-circus\build\run.js:126:9)
    at _runTestsForDescribeBlock (C:\Users\Utilisateur\zod-reify\node_modules\.pnpm\jest-circus@29.7.0\node_modules\jest-circus\build\run.js:121:9)
    at _runTestsForDescribeBlock (C:\Users\Utilisateur\zod-reify\node_modules\.pnpm\jest-circus@29.7.0\node_modules\jest-circus\build\run.js:121:9)
    at run (C:\Users\Utilisateur\zod-reify\node_modules\.pnpm\jest-circus@29.7.0\node_modules\jest-circus\build\run.js:71:3)
    at runAndTransformResultsToJestFormat (C:\Users\Utilisateur\zod-reify\node_modules\.pnpm\jest-circus@29.7.0\node_modules\jest-circus\build\legacy-code-todo-rewrite\jestAdapterInit.js:122:21)
    at jestAdapter (C:\Users\Utilisateur\zod-reify\node_modules\.pnpm\jest-circus@29.7.0\node_modules\jest-circus\build\legacy-code-todo-rewrite\jestAdapter.js:79:19)
    at runTestInternal (C:\Users\Utilisateur\zod-reify\node_modules\.pnpm\jest-runner@29.7.0\node_modules\jest-runner\build\runTest.js:367:16)
    at runTest (C:\Users\Utilisateur\zod-reify\node_modules\.pnpm\jest-runner@29.7.0\node_modules\jest-runner\build\runTest.js:444:34)
    at Object.worker (C:\Users\Utilisateur\zod-reify\node_modules\.pnpm\jest-runner@29.7.0\node_modules\jest-runner\build\testWorker.js:106:12)</failure>
    </testcase>
    <testcase classname="Tests of the {@ZodSchemaReifier} reify() method Test the reify() returns a zod schema which successfully parses the test TypeScript Object Test [Test #12ter: zodSchema12, https://zod.dev/?id=datetimes] successfully pass the zod parse test" name="Tests of the {@ZodSchemaReifier} reify() method Test the reify() returns a zod schema which successfully parses the test TypeScript Object Test [Test #12ter: zodSchema12, https://zod.dev/?id=datetimes] successfully pass the zod parse test" time="0.238">
      <failure>Error: Compilation error inside the Zod Schema you provided as string: code=[2307] | message=[Cannot find module &apos;zod&apos; or its corresponding type declarations.] | lineNumber=[1] | start=[18] | 
    at C:\Users\Utilisateur\zod-reify\src\reify\ZodSchemaReifier.ts:1976:17
    at Array.forEach (&lt;anonymous&gt;)
    at ZodSchemaReifier.validate (C:\Users\Utilisateur\zod-reify\src\reify\ZodSchemaReifier.ts:1969:14)
    at new ZodSchemaReifier (C:\Users\Utilisateur\zod-reify\src\reify\ZodSchemaReifier.ts:282:10)
    at C:\Users\Utilisateur\zod-reify\tests\reify\ZodSchemaReifier.test.ts:1029:31
    at Object.&lt;anonymous&gt; (C:\Users\Utilisateur\zod-reify\node_modules\.pnpm\jest-each@29.7.0\node_modules\jest-each\build\bind.js:81:13)
    at Promise.then.completed (C:\Users\Utilisateur\zod-reify\node_modules\.pnpm\jest-circus@29.7.0\node_modules\jest-circus\build\utils.js:298:28)
    at new Promise (&lt;anonymous&gt;)
    at callAsyncCircusFn (C:\Users\Utilisateur\zod-reify\node_modules\.pnpm\jest-circus@29.7.0\node_modules\jest-circus\build\utils.js:231:10)
    at _callCircusTest (C:\Users\Utilisateur\zod-reify\node_modules\.pnpm\jest-circus@29.7.0\node_modules\jest-circus\build\run.js:316:40)
    at processTicksAndRejections (node:internal/process/task_queues:95:5)
    at _runTest (C:\Users\Utilisateur\zod-reify\node_modules\.pnpm\jest-circus@29.7.0\node_modules\jest-circus\build\run.js:252:3)
    at _runTestsForDescribeBlock (C:\Users\Utilisateur\zod-reify\node_modules\.pnpm\jest-circus@29.7.0\node_modules\jest-circus\build\run.js:126:9)
    at _runTestsForDescribeBlock (C:\Users\Utilisateur\zod-reify\node_modules\.pnpm\jest-circus@29.7.0\node_modules\jest-circus\build\run.js:121:9)
    at _runTestsForDescribeBlock (C:\Users\Utilisateur\zod-reify\node_modules\.pnpm\jest-circus@29.7.0\node_modules\jest-circus\build\run.js:121:9)
    at run (C:\Users\Utilisateur\zod-reify\node_modules\.pnpm\jest-circus@29.7.0\node_modules\jest-circus\build\run.js:71:3)
    at runAndTransformResultsToJestFormat (C:\Users\Utilisateur\zod-reify\node_modules\.pnpm\jest-circus@29.7.0\node_modules\jest-circus\build\legacy-code-todo-rewrite\jestAdapterInit.js:122:21)
    at jestAdapter (C:\Users\Utilisateur\zod-reify\node_modules\.pnpm\jest-circus@29.7.0\node_modules\jest-circus\build\legacy-code-todo-rewrite\jestAdapter.js:79:19)
    at runTestInternal (C:\Users\Utilisateur\zod-reify\node_modules\.pnpm\jest-runner@29.7.0\node_modules\jest-runner\build\runTest.js:367:16)
    at runTest (C:\Users\Utilisateur\zod-reify\node_modules\.pnpm\jest-runner@29.7.0\node_modules\jest-runner\build\runTest.js:444:34)
    at Object.worker (C:\Users\Utilisateur\zod-reify\node_modules\.pnpm\jest-runner@29.7.0\node_modules\jest-runner\build\testWorker.js:106:12)</failure>
    </testcase>
    <testcase classname="Tests of the {@ZodSchemaReifier} reify() method Test the reify() returns a zod schema which successfully parses the test TypeScript Object Test [Test #12quarte: zodSchema12, https://zod.dev/?id=datetimes] successfully pass the zod parse test" name="Tests of the {@ZodSchemaReifier} reify() method Test the reify() returns a zod schema which successfully parses the test TypeScript Object Test [Test #12quarte: zodSchema12, https://zod.dev/?id=datetimes] successfully pass the zod parse test" time="0.238">
      <failure>Error: Compilation error inside the Zod Schema you provided as string: code=[2307] | message=[Cannot find module &apos;zod&apos; or its corresponding type declarations.] | lineNumber=[1] | start=[18] | 
    at C:\Users\Utilisateur\zod-reify\src\reify\ZodSchemaReifier.ts:1976:17
    at Array.forEach (&lt;anonymous&gt;)
    at ZodSchemaReifier.validate (C:\Users\Utilisateur\zod-reify\src\reify\ZodSchemaReifier.ts:1969:14)
    at new ZodSchemaReifier (C:\Users\Utilisateur\zod-reify\src\reify\ZodSchemaReifier.ts:282:10)
    at C:\Users\Utilisateur\zod-reify\tests\reify\ZodSchemaReifier.test.ts:1029:31
    at Object.&lt;anonymous&gt; (C:\Users\Utilisateur\zod-reify\node_modules\.pnpm\jest-each@29.7.0\node_modules\jest-each\build\bind.js:81:13)
    at Promise.then.completed (C:\Users\Utilisateur\zod-reify\node_modules\.pnpm\jest-circus@29.7.0\node_modules\jest-circus\build\utils.js:298:28)
    at new Promise (&lt;anonymous&gt;)
    at callAsyncCircusFn (C:\Users\Utilisateur\zod-reify\node_modules\.pnpm\jest-circus@29.7.0\node_modules\jest-circus\build\utils.js:231:10)
    at _callCircusTest (C:\Users\Utilisateur\zod-reify\node_modules\.pnpm\jest-circus@29.7.0\node_modules\jest-circus\build\run.js:316:40)
    at processTicksAndRejections (node:internal/process/task_queues:95:5)
    at _runTest (C:\Users\Utilisateur\zod-reify\node_modules\.pnpm\jest-circus@29.7.0\node_modules\jest-circus\build\run.js:252:3)
    at _runTestsForDescribeBlock (C:\Users\Utilisateur\zod-reify\node_modules\.pnpm\jest-circus@29.7.0\node_modules\jest-circus\build\run.js:126:9)
    at _runTestsForDescribeBlock (C:\Users\Utilisateur\zod-reify\node_modules\.pnpm\jest-circus@29.7.0\node_modules\jest-circus\build\run.js:121:9)
    at _runTestsForDescribeBlock (C:\Users\Utilisateur\zod-reify\node_modules\.pnpm\jest-circus@29.7.0\node_modules\jest-circus\build\run.js:121:9)
    at run (C:\Users\Utilisateur\zod-reify\node_modules\.pnpm\jest-circus@29.7.0\node_modules\jest-circus\build\run.js:71:3)
    at runAndTransformResultsToJestFormat (C:\Users\Utilisateur\zod-reify\node_modules\.pnpm\jest-circus@29.7.0\node_modules\jest-circus\build\legacy-code-todo-rewrite\jestAdapterInit.js:122:21)
    at jestAdapter (C:\Users\Utilisateur\zod-reify\node_modules\.pnpm\jest-circus@29.7.0\node_modules\jest-circus\build\legacy-code-todo-rewrite\jestAdapter.js:79:19)
    at runTestInternal (C:\Users\Utilisateur\zod-reify\node_modules\.pnpm\jest-runner@29.7.0\node_modules\jest-runner\build\runTest.js:367:16)
    at runTest (C:\Users\Utilisateur\zod-reify\node_modules\.pnpm\jest-runner@29.7.0\node_modules\jest-runner\build\runTest.js:444:34)
    at Object.worker (C:\Users\Utilisateur\zod-reify\node_modules\.pnpm\jest-runner@29.7.0\node_modules\jest-runner\build\testWorker.js:106:12)</failure>
    </testcase>
    <testcase classname="Tests of the {@ZodSchemaReifier} reify() method Test the reify() returns a zod schema which successfully parses the test TypeScript Object Test [Test #13: zodSchema13, https://zod.dev/?id=datetimes] successfully pass the zod parse test" name="Tests of the {@ZodSchemaReifier} reify() method Test the reify() returns a zod schema which successfully parses the test TypeScript Object Test [Test #13: zodSchema13, https://zod.dev/?id=datetimes] successfully pass the zod parse test" time="0.358">
      <failure>Error: Compilation error inside the Zod Schema you provided as string: code=[2307] | message=[Cannot find module &apos;zod&apos; or its corresponding type declarations.] | lineNumber=[1] | start=[18] | 
    at C:\Users\Utilisateur\zod-reify\src\reify\ZodSchemaReifier.ts:1976:17
    at Array.forEach (&lt;anonymous&gt;)
    at ZodSchemaReifier.validate (C:\Users\Utilisateur\zod-reify\src\reify\ZodSchemaReifier.ts:1969:14)
    at new ZodSchemaReifier (C:\Users\Utilisateur\zod-reify\src\reify\ZodSchemaReifier.ts:282:10)
    at C:\Users\Utilisateur\zod-reify\tests\reify\ZodSchemaReifier.test.ts:1029:31
    at Object.&lt;anonymous&gt; (C:\Users\Utilisateur\zod-reify\node_modules\.pnpm\jest-each@29.7.0\node_modules\jest-each\build\bind.js:81:13)
    at Promise.then.completed (C:\Users\Utilisateur\zod-reify\node_modules\.pnpm\jest-circus@29.7.0\node_modules\jest-circus\build\utils.js:298:28)
    at new Promise (&lt;anonymous&gt;)
    at callAsyncCircusFn (C:\Users\Utilisateur\zod-reify\node_modules\.pnpm\jest-circus@29.7.0\node_modules\jest-circus\build\utils.js:231:10)
    at _callCircusTest (C:\Users\Utilisateur\zod-reify\node_modules\.pnpm\jest-circus@29.7.0\node_modules\jest-circus\build\run.js:316:40)
    at processTicksAndRejections (node:internal/process/task_queues:95:5)
    at _runTest (C:\Users\Utilisateur\zod-reify\node_modules\.pnpm\jest-circus@29.7.0\node_modules\jest-circus\build\run.js:252:3)
    at _runTestsForDescribeBlock (C:\Users\Utilisateur\zod-reify\node_modules\.pnpm\jest-circus@29.7.0\node_modules\jest-circus\build\run.js:126:9)
    at _runTestsForDescribeBlock (C:\Users\Utilisateur\zod-reify\node_modules\.pnpm\jest-circus@29.7.0\node_modules\jest-circus\build\run.js:121:9)
    at _runTestsForDescribeBlock (C:\Users\Utilisateur\zod-reify\node_modules\.pnpm\jest-circus@29.7.0\node_modules\jest-circus\build\run.js:121:9)
    at run (C:\Users\Utilisateur\zod-reify\node_modules\.pnpm\jest-circus@29.7.0\node_modules\jest-circus\build\run.js:71:3)
    at runAndTransformResultsToJestFormat (C:\Users\Utilisateur\zod-reify\node_modules\.pnpm\jest-circus@29.7.0\node_modules\jest-circus\build\legacy-code-todo-rewrite\jestAdapterInit.js:122:21)
    at jestAdapter (C:\Users\Utilisateur\zod-reify\node_modules\.pnpm\jest-circus@29.7.0\node_modules\jest-circus\build\legacy-code-todo-rewrite\jestAdapter.js:79:19)
    at runTestInternal (C:\Users\Utilisateur\zod-reify\node_modules\.pnpm\jest-runner@29.7.0\node_modules\jest-runner\build\runTest.js:367:16)
    at runTest (C:\Users\Utilisateur\zod-reify\node_modules\.pnpm\jest-runner@29.7.0\node_modules\jest-runner\build\runTest.js:444:34)
    at Object.worker (C:\Users\Utilisateur\zod-reify\node_modules\.pnpm\jest-runner@29.7.0\node_modules\jest-runner\build\testWorker.js:106:12)</failure>
    </testcase>
    <testcase classname="Tests of the {@ZodSchemaReifier} reify() method Test the reify() returns a zod schema which successfully parses the test TypeScript Object Test [Test #13bis: zodSchema13, https://zod.dev/?id=datetimes] successfully pass the zod parse test" name="Tests of the {@ZodSchemaReifier} reify() method Test the reify() returns a zod schema which successfully parses the test TypeScript Object Test [Test #13bis: zodSchema13, https://zod.dev/?id=datetimes] successfully pass the zod parse test" time="0.243">
      <failure>Error: Compilation error inside the Zod Schema you provided as string: code=[2307] | message=[Cannot find module &apos;zod&apos; or its corresponding type declarations.] | lineNumber=[1] | start=[18] | 
    at C:\Users\Utilisateur\zod-reify\src\reify\ZodSchemaReifier.ts:1976:17
    at Array.forEach (&lt;anonymous&gt;)
    at ZodSchemaReifier.validate (C:\Users\Utilisateur\zod-reify\src\reify\ZodSchemaReifier.ts:1969:14)
    at new ZodSchemaReifier (C:\Users\Utilisateur\zod-reify\src\reify\ZodSchemaReifier.ts:282:10)
    at C:\Users\Utilisateur\zod-reify\tests\reify\ZodSchemaReifier.test.ts:1029:31
    at Object.&lt;anonymous&gt; (C:\Users\Utilisateur\zod-reify\node_modules\.pnpm\jest-each@29.7.0\node_modules\jest-each\build\bind.js:81:13)
    at Promise.then.completed (C:\Users\Utilisateur\zod-reify\node_modules\.pnpm\jest-circus@29.7.0\node_modules\jest-circus\build\utils.js:298:28)
    at new Promise (&lt;anonymous&gt;)
    at callAsyncCircusFn (C:\Users\Utilisateur\zod-reify\node_modules\.pnpm\jest-circus@29.7.0\node_modules\jest-circus\build\utils.js:231:10)
    at _callCircusTest (C:\Users\Utilisateur\zod-reify\node_modules\.pnpm\jest-circus@29.7.0\node_modules\jest-circus\build\run.js:316:40)
    at processTicksAndRejections (node:internal/process/task_queues:95:5)
    at _runTest (C:\Users\Utilisateur\zod-reify\node_modules\.pnpm\jest-circus@29.7.0\node_modules\jest-circus\build\run.js:252:3)
    at _runTestsForDescribeBlock (C:\Users\Utilisateur\zod-reify\node_modules\.pnpm\jest-circus@29.7.0\node_modules\jest-circus\build\run.js:126:9)
    at _runTestsForDescribeBlock (C:\Users\Utilisateur\zod-reify\node_modules\.pnpm\jest-circus@29.7.0\node_modules\jest-circus\build\run.js:121:9)
    at _runTestsForDescribeBlock (C:\Users\Utilisateur\zod-reify\node_modules\.pnpm\jest-circus@29.7.0\node_modules\jest-circus\build\run.js:121:9)
    at run (C:\Users\Utilisateur\zod-reify\node_modules\.pnpm\jest-circus@29.7.0\node_modules\jest-circus\build\run.js:71:3)
    at runAndTransformResultsToJestFormat (C:\Users\Utilisateur\zod-reify\node_modules\.pnpm\jest-circus@29.7.0\node_modules\jest-circus\build\legacy-code-todo-rewrite\jestAdapterInit.js:122:21)
    at jestAdapter (C:\Users\Utilisateur\zod-reify\node_modules\.pnpm\jest-circus@29.7.0\node_modules\jest-circus\build\legacy-code-todo-rewrite\jestAdapter.js:79:19)
    at runTestInternal (C:\Users\Utilisateur\zod-reify\node_modules\.pnpm\jest-runner@29.7.0\node_modules\jest-runner\build\runTest.js:367:16)
    at runTest (C:\Users\Utilisateur\zod-reify\node_modules\.pnpm\jest-runner@29.7.0\node_modules\jest-runner\build\runTest.js:444:34)
    at Object.worker (C:\Users\Utilisateur\zod-reify\node_modules\.pnpm\jest-runner@29.7.0\node_modules\jest-runner\build\testWorker.js:106:12)</failure>
    </testcase>
    <testcase classname="Tests of the {@ZodSchemaReifier} reify() method Test the reify() returns a zod schema which successfully parses the test TypeScript Object Test [Test #13ter: zodSchema13, https://zod.dev/?id=datetimes] successfully pass the zod parse test" name="Tests of the {@ZodSchemaReifier} reify() method Test the reify() returns a zod schema which successfully parses the test TypeScript Object Test [Test #13ter: zodSchema13, https://zod.dev/?id=datetimes] successfully pass the zod parse test" time="0.239">
      <failure>Error: Compilation error inside the Zod Schema you provided as string: code=[2307] | message=[Cannot find module &apos;zod&apos; or its corresponding type declarations.] | lineNumber=[1] | start=[18] | 
    at C:\Users\Utilisateur\zod-reify\src\reify\ZodSchemaReifier.ts:1976:17
    at Array.forEach (&lt;anonymous&gt;)
    at ZodSchemaReifier.validate (C:\Users\Utilisateur\zod-reify\src\reify\ZodSchemaReifier.ts:1969:14)
    at new ZodSchemaReifier (C:\Users\Utilisateur\zod-reify\src\reify\ZodSchemaReifier.ts:282:10)
    at C:\Users\Utilisateur\zod-reify\tests\reify\ZodSchemaReifier.test.ts:1029:31
    at Object.&lt;anonymous&gt; (C:\Users\Utilisateur\zod-reify\node_modules\.pnpm\jest-each@29.7.0\node_modules\jest-each\build\bind.js:81:13)
    at Promise.then.completed (C:\Users\Utilisateur\zod-reify\node_modules\.pnpm\jest-circus@29.7.0\node_modules\jest-circus\build\utils.js:298:28)
    at new Promise (&lt;anonymous&gt;)
    at callAsyncCircusFn (C:\Users\Utilisateur\zod-reify\node_modules\.pnpm\jest-circus@29.7.0\node_modules\jest-circus\build\utils.js:231:10)
    at _callCircusTest (C:\Users\Utilisateur\zod-reify\node_modules\.pnpm\jest-circus@29.7.0\node_modules\jest-circus\build\run.js:316:40)
    at processTicksAndRejections (node:internal/process/task_queues:95:5)
    at _runTest (C:\Users\Utilisateur\zod-reify\node_modules\.pnpm\jest-circus@29.7.0\node_modules\jest-circus\build\run.js:252:3)
    at _runTestsForDescribeBlock (C:\Users\Utilisateur\zod-reify\node_modules\.pnpm\jest-circus@29.7.0\node_modules\jest-circus\build\run.js:126:9)
    at _runTestsForDescribeBlock (C:\Users\Utilisateur\zod-reify\node_modules\.pnpm\jest-circus@29.7.0\node_modules\jest-circus\build\run.js:121:9)
    at _runTestsForDescribeBlock (C:\Users\Utilisateur\zod-reify\node_modules\.pnpm\jest-circus@29.7.0\node_modules\jest-circus\build\run.js:121:9)
    at run (C:\Users\Utilisateur\zod-reify\node_modules\.pnpm\jest-circus@29.7.0\node_modules\jest-circus\build\run.js:71:3)
    at runAndTransformResultsToJestFormat (C:\Users\Utilisateur\zod-reify\node_modules\.pnpm\jest-circus@29.7.0\node_modules\jest-circus\build\legacy-code-todo-rewrite\jestAdapterInit.js:122:21)
    at jestAdapter (C:\Users\Utilisateur\zod-reify\node_modules\.pnpm\jest-circus@29.7.0\node_modules\jest-circus\build\legacy-code-todo-rewrite\jestAdapter.js:79:19)
    at runTestInternal (C:\Users\Utilisateur\zod-reify\node_modules\.pnpm\jest-runner@29.7.0\node_modules\jest-runner\build\runTest.js:367:16)
[...]
    at C:\Users\Utilisateur\zod-reify\src\reify\ZodSchemaReifier.ts:1976:17
    at Array.forEach (&lt;anonymous&gt;)
    at ZodSchemaReifier.validate (C:\Users\Utilisateur\zod-reify\src\reify\ZodSchemaReifier.ts:1969:14)
    at new ZodSchemaReifier (C:\Users\Utilisateur\zod-reify\src\reify\ZodSchemaReifier.ts:282:10)
    at C:\Users\Utilisateur\zod-reify\tests\reify\ZodSchemaReifier.test.ts:1029:31
    at Object.&lt;anonymous&gt; (C:\Users\Utilisateur\zod-reify\node_modules\.pnpm\jest-each@29.7.0\node_modules\jest-each\build\bind.js:81:13)
    at Promise.then.completed (C:\Users\Utilisateur\zod-reify\node_modules\.pnpm\jest-circus@29.7.0\node_modules\jest-circus\build\utils.js:298:28)
    at new Promise (&lt;anonymous&gt;)
    at callAsyncCircusFn (C:\Users\Utilisateur\zod-reify\node_modules\.pnpm\jest-circus@29.7.0\node_modules\jest-circus\build\utils.js:231:10)
    at _callCircusTest (C:\Users\Utilisateur\zod-reify\node_modules\.pnpm\jest-circus@29.7.0\node_modules\jest-circus\build\run.js:316:40)
    at processTicksAndRejections (node:internal/process/task_queues:95:5)
    at _runTest (C:\Users\Utilisateur\zod-reify\node_modules\.pnpm\jest-circus@29.7.0\node_modules\jest-circus\build\run.js:252:3)
    at _runTestsForDescribeBlock (C:\Users\Utilisateur\zod-reify\node_modules\.pnpm\jest-circus@29.7.0\node_modules\jest-circus\build\run.js:126:9)
    at _runTestsForDescribeBlock (C:\Users\Utilisateur\zod-reify\node_modules\.pnpm\jest-circus@29.7.0\node_modules\jest-circus\build\run.js:121:9)
    at _runTestsForDescribeBlock (C:\Users\Utilisateur\zod-reify\node_modules\.pnpm\jest-circus@29.7.0\node_modules\jest-circus\build\run.js:121:9)
    at run (C:\Users\Utilisateur\zod-reify\node_modules\.pnpm\jest-circus@29.7.0\node_modules\jest-circus\build\run.js:71:3)
    at runAndTransformResultsToJestFormat (C:\Users\Utilisateur\zod-reify\node_modules\.pnpm\jest-circus@29.7.0\node_modules\jest-circus\build\legacy-code-todo-rewrite\jestAdapterInit.js:122:21)
    at jestAdapter (C:\Users\Utilisateur\zod-reify\node_modules\.pnpm\jest-circus@29.7.0\node_modules\jest-circus\build\legacy-code-todo-rewrite\jestAdapter.js:79:19)
    at runTestInternal (C:\Users\Utilisateur\zod-reify\node_modules\.pnpm\jest-runner@29.7.0\node_modules\jest-runner\build\runTest.js:367:16)
    at runTest (C:\Users\Utilisateur\zod-reify\node_modules\.pnpm\jest-runner@29.7.0\node_modules\jest-runner\build\runTest.js:444:34)
    at Object.worker (C:\Users\Utilisateur\zod-reify\node_modules\.pnpm\jest-runner@29.7.0\node_modules\jest-runner\build\testWorker.js:106:12)</failure>
    </testcase>
    <testcase classname="Tests of the {@ZodSchemaReifier} reify() method Test the reify() returns a zod schema which successfully parses the test TypeScript Object Test [Test #17: zodSchema17, z.coerce.date().] successfully pass the zod parse test" name="Tests of the {@ZodSchemaReifier} reify() method Test the reify() returns a zod schema which successfully parses the test TypeScript Object Test [Test #17: zodSchema17, z.coerce.date().] successfully pass the zod parse test" time="0.236">
      <failure>Error: Compilation error inside the Zod Schema you provided as string: code=[2307] | message=[Cannot find module &apos;zod&apos; or its corresponding type declarations.] | lineNumber=[1] | start=[18] | 
    at C:\Users\Utilisateur\zod-reify\src\reify\ZodSchemaReifier.ts:1976:17
    at Array.forEach (&lt;anonymous&gt;)
    at ZodSchemaReifier.validate (C:\Users\Utilisateur\zod-reify\src\reify\ZodSchemaReifier.ts:1969:14)
    at new ZodSchemaReifier (C:\Users\Utilisateur\zod-reify\src\reify\ZodSchemaReifier.ts:282:10)
    at C:\Users\Utilisateur\zod-reify\tests\reify\ZodSchemaReifier.test.ts:1029:31
    at Object.&lt;anonymous&gt; (C:\Users\Utilisateur\zod-reify\node_modules\.pnpm\jest-each@29.7.0\node_modules\jest-each\build\bind.js:81:13)
    at Promise.then.completed (C:\Users\Utilisateur\zod-reify\node_modules\.pnpm\jest-circus@29.7.0\node_modules\jest-circus\build\utils.js:298:28)
    at new Promise (&lt;anonymous&gt;)
    at callAsyncCircusFn (C:\Users\Utilisateur\zod-reify\node_modules\.pnpm\jest-circus@29.7.0\node_modules\jest-circus\build\utils.js:231:10)
    at _callCircusTest (C:\Users\Utilisateur\zod-reify\node_modules\.pnpm\jest-circus@29.7.0\node_modules\jest-circus\build\run.js:316:40)
    at processTicksAndRejections (node:internal/process/task_queues:95:5)
    at _runTest (C:\Users\Utilisateur\zod-reify\node_modules\.pnpm\jest-circus@29.7.0\node_modules\jest-circus\build\run.js:252:3)
    at _runTestsForDescribeBlock (C:\Users\Utilisateur\zod-reify\node_modules\.pnpm\jest-circus@29.7.0\node_modules\jest-circus\build\run.js:126:9)
    at _runTestsForDescribeBlock (C:\Users\Utilisateur\zod-reify\node_modules\.pnpm\jest-circus@29.7.0\node_modules\jest-circus\build\run.js:121:9)
    at _runTestsForDescribeBlock (C:\Users\Utilisateur\zod-reify\node_modules\.pnpm\jest-circus@29.7.0\node_modules\jest-circus\build\run.js:121:9)
    at run (C:\Users\Utilisateur\zod-reify\node_modules\.pnpm\jest-circus@29.7.0\node_modules\jest-circus\build\run.js:71:3)
    at runAndTransformResultsToJestFormat (C:\Users\Utilisateur\zod-reify\node_modules\.pnpm\jest-circus@29.7.0\node_modules\jest-circus\build\legacy-code-todo-rewrite\jestAdapterInit.js:122:21)
    at jestAdapter (C:\Users\Utilisateur\zod-reify\node_modules\.pnpm\jest-circus@29.7.0\node_modules\jest-circus\build\legacy-code-todo-rewrite\jestAdapter.js:79:19)
    at runTestInternal (C:\Users\Utilisateur\zod-reify\node_modules\.pnpm\jest-runner@29.7.0\node_modules\jest-runner\build\runTest.js:367:16)
    at runTest (C:\Users\Utilisateur\zod-reify\node_modules\.pnpm\jest-runner@29.7.0\node_modules\jest-runner\build\runTest.js:444:34)
    at Object.worker (C:\Users\Utilisateur\zod-reify\node_modules\.pnpm\jest-runner@29.7.0\node_modules\jest-runner\build\testWorker.js:106:12)</failure>
    </testcase>
    <testcase classname="Tests of the {@ZodSchemaReifier} reify() method against the zod-matter parse method Test the reify() returns a zod schema which successfully extracts the frontmatter from the test markdown Test [Test #3: markdown frontmatter extraction zodSchema3] should successfully parse the test markdown" name="Tests of the {@ZodSchemaReifier} reify() method against the zod-matter parse method Test the reify() returns a zod schema which successfully extracts the frontmatter from the test markdown Test [Test #3: markdown frontmatter extraction zodSchema3] should successfully parse the test markdown" time="0.245">
      <failure>Error: Compilation error inside the Zod Schema you provided as string: code=[2307] | message=[Cannot find module &apos;zod&apos; or its corresponding type declarations.] | lineNumber=[1] | start=[18] | 
    at C:\Users\Utilisateur\zod-reify\src\reify\ZodSchemaReifier.ts:1976:17
    at Array.forEach (&lt;anonymous&gt;)
    at ZodSchemaReifier.validate (C:\Users\Utilisateur\zod-reify\src\reify\ZodSchemaReifier.ts:1969:14)
    at new ZodSchemaReifier (C:\Users\Utilisateur\zod-reify\src\reify\ZodSchemaReifier.ts:282:10)
    at C:\Users\Utilisateur\zod-reify\tests\reify\ZodSchemaReifier.test.ts:1078:33
    at Object.&lt;anonymous&gt; (C:\Users\Utilisateur\zod-reify\node_modules\.pnpm\jest-each@29.7.0\node_modules\jest-each\build\bind.js:81:13)
    at Promise.then.completed (C:\Users\Utilisateur\zod-reify\node_modules\.pnpm\jest-circus@29.7.0\node_modules\jest-circus\build\utils.js:298:28)
    at new Promise (&lt;anonymous&gt;)
    at callAsyncCircusFn (C:\Users\Utilisateur\zod-reify\node_modules\.pnpm\jest-circus@29.7.0\node_modules\jest-circus\build\utils.js:231:10)
    at _callCircusTest (C:\Users\Utilisateur\zod-reify\node_modules\.pnpm\jest-circus@29.7.0\node_modules\jest-circus\build\run.js:316:40)
    at processTicksAndRejections (node:internal/process/task_queues:95:5)
    at _runTest (C:\Users\Utilisateur\zod-reify\node_modules\.pnpm\jest-circus@29.7.0\node_modules\jest-circus\build\run.js:252:3)
    at _runTestsForDescribeBlock (C:\Users\Utilisateur\zod-reify\node_modules\.pnpm\jest-circus@29.7.0\node_modules\jest-circus\build\run.js:126:9)
    at _runTestsForDescribeBlock (C:\Users\Utilisateur\zod-reify\node_modules\.pnpm\jest-circus@29.7.0\node_modules\jest-circus\build\run.js:121:9)
    at _runTestsForDescribeBlock (C:\Users\Utilisateur\zod-reify\node_modules\.pnpm\jest-circus@29.7.0\node_modules\jest-circus\build\run.js:121:9)
    at run (C:\Users\Utilisateur\zod-reify\node_modules\.pnpm\jest-circus@29.7.0\node_modules\jest-circus\build\run.js:71:3)
    at runAndTransformResultsToJestFormat (C:\Users\Utilisateur\zod-reify\node_modules\.pnpm\jest-circus@29.7.0\node_modules\jest-circus\build\legacy-code-todo-rewrite\jestAdapterInit.js:122:21)
    at jestAdapter (C:\Users\Utilisateur\zod-reify\node_modules\.pnpm\jest-circus@29.7.0\node_modules\jest-circus\build\legacy-code-todo-rewrite\jestAdapter.js:79:19)
    at runTestInternal (C:\Users\Utilisateur\zod-reify\node_modules\.pnpm\jest-runner@29.7.0\node_modules\jest-runner\build\runTest.js:367:16)
    at runTest (C:\Users\Utilisateur\zod-reify\node_modules\.pnpm\jest-runner@29.7.0\node_modules\jest-runner\build\runTest.js:444:34)
    at Object.worker (C:\Users\Utilisateur\zod-reify\node_modules\.pnpm\jest-runner@29.7.0\node_modules\jest-runner\build\testWorker.js:106:12)</failure>
    </testcase>
    <testcase classname="Tests of the {@ZodSchemaReifier} reify() method against the zod-matter parse method Test the reify() returns a zod schema which successfully extracts the frontmatter from the test markdown Test [Test #4: markdown frontmatter extraction zodSchema4] should successfully parse the test markdown" name="Tests of the {@ZodSchemaReifier} reify() method against the zod-matter parse method Test the reify() returns a zod schema which successfully extracts the frontmatter from the test markdown Test [Test #4: markdown frontmatter extraction zodSchema4] should successfully parse the test markdown" time="0.236">
      <failure>Error: Compilation error inside the Zod Schema you provided as string: code=[2307] | message=[Cannot find module &apos;zod&apos; or its corresponding type declarations.] | lineNumber=[1] | start=[18] | 
    at C:\Users\Utilisateur\zod-reify\src\reify\ZodSchemaReifier.ts:1976:17
    at Array.forEach (&lt;anonymous&gt;)
    at ZodSchemaReifier.validate (C:\Users\Utilisateur\zod-reify\src\reify\ZodSchemaReifier.ts:1969:14)
    at new ZodSchemaReifier (C:\Users\Utilisateur\zod-reify\src\reify\ZodSchemaReifier.ts:282:10)
    at C:\Users\Utilisateur\zod-reify\tests\reify\ZodSchemaReifier.test.ts:1078:33
    at Object.&lt;anonymous&gt; (C:\Users\Utilisateur\zod-reify\node_modules\.pnpm\jest-each@29.7.0\node_modules\jest-each\build\bind.js:81:13)
    at Promise.then.completed (C:\Users\Utilisateur\zod-reify\node_modules\.pnpm\jest-circus@29.7.0\node_modules\jest-circus\build\utils.js:298:28)
    at new Promise (&lt;anonymous&gt;)
    at callAsyncCircusFn (C:\Users\Utilisateur\zod-reify\node_modules\.pnpm\jest-circus@29.7.0\node_modules\jest-circus\build\utils.js:231:10)
    at _callCircusTest (C:\Users\Utilisateur\zod-reify\node_modules\.pnpm\jest-circus@29.7.0\node_modules\jest-circus\build\run.js:316:40)
    at processTicksAndRejections (node:internal/process/task_queues:95:5)
    at _runTest (C:\Users\Utilisateur\zod-reify\node_modules\.pnpm\jest-circus@29.7.0\node_modules\jest-circus\build\run.js:252:3)
    at _runTestsForDescribeBlock (C:\Users\Utilisateur\zod-reify\node_modules\.pnpm\jest-circus@29.7.0\node_modules\jest-circus\build\run.js:126:9)
    at _runTestsForDescribeBlock (C:\Users\Utilisateur\zod-reify\node_modules\.pnpm\jest-circus@29.7.0\node_modules\jest-circus\build\run.js:121:9)
    at _runTestsForDescribeBlock (C:\Users\Utilisateur\zod-reify\node_modules\.pnpm\jest-circus@29.7.0\node_modules\jest-circus\build\run.js:121:9)
    at run (C:\Users\Utilisateur\zod-reify\node_modules\.pnpm\jest-circus@29.7.0\node_modules\jest-circus\build\run.js:71:3)
    at runAndTransformResultsToJestFormat (C:\Users\Utilisateur\zod-reify\node_modules\.pnpm\jest-circus@29.7.0\node_modules\jest-circus\build\legacy-code-todo-rewrite\jestAdapterInit.js:122:21)
    at jestAdapter (C:\Users\Utilisateur\zod-reify\node_modules\.pnpm\jest-circus@29.7.0\node_modules\jest-circus\build\legacy-code-todo-rewrite\jestAdapter.js:79:19)
    at runTestInternal (C:\Users\Utilisateur\zod-reify\node_modules\.pnpm\jest-runner@29.7.0\node_modules\jest-runner\build\runTest.js:367:16)
    at runTest (C:\Users\Utilisateur\zod-reify\node_modules\.pnpm\jest-runner@29.7.0\node_modules\jest-runner\build\runTest.js:444:34)
    at Object.worker (C:\Users\Utilisateur\zod-reify\node_modules\.pnpm\jest-runner@29.7.0\node_modules\jest-runner\build\testWorker.js:106:12)</failure>
    </testcase>
    <testcase classname="Tests of the {@ZodSchemaReifier} reify() method against the zod-matter parse method Test the reify() returns a zod schema which successfully extracts the frontmatter from the test markdown Test [Test #5: markdown frontmatter extraction zodSchema5] should successfully parse the test markdown" name="Tests of the {@ZodSchemaReifier} reify() method against the zod-matter parse method Test the reify() returns a zod schema which successfully extracts the frontmatter from the test markdown Test [Test #5: markdown frontmatter extraction zodSchema5] should successfully parse the test markdown" time="0.236">
      <failure>Error: Compilation error inside the Zod Schema you provided as string: code=[2307] | message=[Cannot find module &apos;zod&apos; or its corresponding type declarations.] | lineNumber=[1] | start=[18] | 
    at C:\Users\Utilisateur\zod-reify\src\reify\ZodSchemaReifier.ts:1976:17
    at Array.forEach (&lt;anonymous&gt;)
    at ZodSchemaReifier.validate (C:\Users\Utilisateur\zod-reify\src\reify\ZodSchemaReifier.ts:1969:14)
    at new ZodSchemaReifier (C:\Users\Utilisateur\zod-reify\src\reify\ZodSchemaReifier.ts:282:10)
    at C:\Users\Utilisateur\zod-reify\tests\reify\ZodSchemaReifier.test.ts:1078:33
    at Object.&lt;anonymous&gt; (C:\Users\Utilisateur\zod-reify\node_modules\.pnpm\jest-each@29.7.0\node_modules\jest-each\build\bind.js:81:13)
    at Promise.then.completed (C:\Users\Utilisateur\zod-reify\node_modules\.pnpm\jest-circus@29.7.0\node_modules\jest-circus\build\utils.js:298:28)
    at new Promise (&lt;anonymous&gt;)
    at callAsyncCircusFn (C:\Users\Utilisateur\zod-reify\node_modules\.pnpm\jest-circus@29.7.0\node_modules\jest-circus\build\utils.js:231:10)
    at _callCircusTest (C:\Users\Utilisateur\zod-reify\node_modules\.pnpm\jest-circus@29.7.0\node_modules\jest-circus\build\run.js:316:40)
    at processTicksAndRejections (node:internal/process/task_queues:95:5)
    at _runTest (C:\Users\Utilisateur\zod-reify\node_modules\.pnpm\jest-circus@29.7.0\node_modules\jest-circus\build\run.js:252:3)
    at _runTestsForDescribeBlock (C:\Users\Utilisateur\zod-reify\node_modules\.pnpm\jest-circus@29.7.0\node_modules\jest-circus\build\run.js:126:9)
    at _runTestsForDescribeBlock (C:\Users\Utilisateur\zod-reify\node_modules\.pnpm\jest-circus@29.7.0\node_modules\jest-circus\build\run.js:121:9)
    at _runTestsForDescribeBlock (C:\Users\Utilisateur\zod-reify\node_modules\.pnpm\jest-circus@29.7.0\node_modules\jest-circus\build\run.js:121:9)
    at run (C:\Users\Utilisateur\zod-reify\node_modules\.pnpm\jest-circus@29.7.0\node_modules\jest-circus\build\run.js:71:3)
    at runAndTransformResultsToJestFormat (C:\Users\Utilisateur\zod-reify\node_modules\.pnpm\jest-circus@29.7.0\node_modules\jest-circus\build\legacy-code-todo-rewrite\jestAdapterInit.js:122:21)
    at jestAdapter (C:\Users\Utilisateur\zod-reify\node_modules\.pnpm\jest-circus@29.7.0\node_modules\jest-circus\build\legacy-code-todo-rewrite\jestAdapter.js:79:19)
    at runTestInternal (C:\Users\Utilisateur\zod-reify\node_modules\.pnpm\jest-runner@29.7.0\node_modules\jest-runner\build\runTest.js:367:16)
    at runTest (C:\Users\Utilisateur\zod-reify\node_modules\.pnpm\jest-runner@29.7.0\node_modules\jest-runner\build\runTest.js:444:34)
    at Object.worker (C:\Users\Utilisateur\zod-reify\node_modules\.pnpm\jest-runner@29.7.0\node_modules\jest-runner\build\testWorker.js:106:12)</failure>
    </testcase>
    <testcase classname="Tests of the {@ZodSchemaReifier} reify() method against the zod-matter parse method Test the reify() returns a zod schema which successfully extracts the frontmatter from the test markdown Test [Test #6: markdown frontmatter extraction zodSchema6] should throw an error because zod matter parse does not accept zod tuples as input schema" name="Tests of the {@ZodSchemaReifier} reify() method against the zod-matter parse method Test the reify() returns a zod schema which successfully extracts the frontmatter from the test markdown Test [Test #6: markdown frontmatter extraction zodSchema6] should throw an error because zod matter parse does not accept zod tuples as input schema" time="0.241">
      <failure>Error: Compilation error inside the Zod Schema you provided as string: code=[2307] | message=[Cannot find module &apos;zod&apos; or its corresponding type declarations.] | lineNumber=[1] | start=[18] | 
    at C:\Users\Utilisateur\zod-reify\src\reify\ZodSchemaReifier.ts:1976:17
    at Array.forEach (&lt;anonymous&gt;)
    at ZodSchemaReifier.validate (C:\Users\Utilisateur\zod-reify\src\reify\ZodSchemaReifier.ts:1969:14)
    at new ZodSchemaReifier (C:\Users\Utilisateur\zod-reify\src\reify\ZodSchemaReifier.ts:282:10)
    at C:\Users\Utilisateur\zod-reify\tests\reify\ZodSchemaReifier.test.ts:1135:31
    at Object.&lt;anonymous&gt; (C:\Users\Utilisateur\zod-reify\node_modules\.pnpm\jest-each@29.7.0\node_modules\jest-each\build\bind.js:81:13)
    at Promise.then.completed (C:\Users\Utilisateur\zod-reify\node_modules\.pnpm\jest-circus@29.7.0\node_modules\jest-circus\build\utils.js:298:28)
    at new Promise (&lt;anonymous&gt;)
    at callAsyncCircusFn (C:\Users\Utilisateur\zod-reify\node_modules\.pnpm\jest-circus@29.7.0\node_modules\jest-circus\build\utils.js:231:10)
    at _callCircusTest (C:\Users\Utilisateur\zod-reify\node_modules\.pnpm\jest-circus@29.7.0\node_modules\jest-circus\build\run.js:316:40)
    at processTicksAndRejections (node:internal/process/task_queues:95:5)
    at _runTest (C:\Users\Utilisateur\zod-reify\node_modules\.pnpm\jest-circus@29.7.0\node_modules\jest-circus\build\run.js:252:3)
    at _runTestsForDescribeBlock (C:\Users\Utilisateur\zod-reify\node_modules\.pnpm\jest-circus@29.7.0\node_modules\jest-circus\build\run.js:126:9)
    at _runTestsForDescribeBlock (C:\Users\Utilisateur\zod-reify\node_modules\.pnpm\jest-circus@29.7.0\node_modules\jest-circus\build\run.js:121:9)
    at _runTestsForDescribeBlock (C:\Users\Utilisateur\zod-reify\node_modules\.pnpm\jest-circus@29.7.0\node_modules\jest-circus\build\run.js:121:9)
    at run (C:\Users\Utilisateur\zod-reify\node_modules\.pnpm\jest-circus@29.7.0\node_modules\jest-circus\build\run.js:71:3)
    at runAndTransformResultsToJestFormat (C:\Users\Utilisateur\zod-reify\node_modules\.pnpm\jest-circus@29.7.0\node_modules\jest-circus\build\legacy-code-todo-rewrite\jestAdapterInit.js:122:21)
    at jestAdapter (C:\Users\Utilisateur\zod-reify\node_modules\.pnpm\jest-circus@29.7.0\node_modules\jest-circus\build\legacy-code-todo-rewrite\jestAdapter.js:79:19)
    at runTestInternal (C:\Users\Utilisateur\zod-reify\node_modules\.pnpm\jest-runner@29.7.0\node_modules\jest-runner\build\runTest.js:367:16)
    at runTest (C:\Users\Utilisateur\zod-reify\node_modules\.pnpm\jest-runner@29.7.0\node_modules\jest-runner\build\runTest.js:444:34)
    at Object.worker (C:\Users\Utilisateur\zod-reify\node_modules\.pnpm\jest-runner@29.7.0\node_modules\jest-runner\build\testWorker.js:106:12)</failure>
    </testcase>
  </testsuite>
</testsuites>