<?xml version="1.0" encoding="UTF-8"?>
<testsuites name="jest tests" tests="34" failures="33" errors="0" time="43.044">
  <testsuite name="Tests of the {@ZodSchemaReifier} reify() method against the zod parse method" errors="0" failures="0" skipped="0" timestamp="2024-11-24T18:03:37" time="3.017" tests="1">
    <testcase classname="Tests of the {@ZodSchemaReifier} reify() method against the zod parse method TypeScript Decorators Test 1 successfully get n display the lucky number, and the created properties" name="Tests of the {@ZodSchemaReifier} reify() method against the zod parse method TypeScript Decorators Test 1 successfully get n display the lucky number, and the created properties" time="0.073">
    </testcase>
  </testsuite>
  <testsuite name="Tests of the {@ZodSchemaReifier} reify() method against the zod parse method" errors="0" failures="33" skipped="0" timestamp="2024-11-24T18:03:37" time="42.564" tests="33">
    <testcase classname="Tests of the {@ZodSchemaReifier} reify() method against the zod parse method Test the reify() returns a zod schema which successfully parses the test TypeScript Object [{&quot;expect&quot;: true, &quot;name&quot;: &quot;Test #1: zodSchema1&quot;, &quot;testTsObjectToValidate&quot;: undefined, &quot;zodSchema&quot;: [ZodOptional], &quot;zodSchemaAsText&quot;: &quot;z
  .object({
    voila: z.string(),
  })
  .optional()&quot;}] successfully pass the zod parse test" name="Tests of the {@ZodSchemaReifier} reify() method against the zod parse method Test the reify() returns a zod schema which successfully parses the test TypeScript Object [{&quot;expect&quot;: true, &quot;name&quot;: &quot;Test #1: zodSchema1&quot;, &quot;testTsObjectToValidate&quot;: undefined, &quot;zodSchema&quot;: [ZodOptional], &quot;zodSchemaAsText&quot;: &quot;z
  .object({
    voila: z.string(),
  })
  .optional()&quot;}] successfully pass the zod parse test" time="1.858">
      <failure>TypeError: Converting circular structure to JSON
    --&gt; starting at object with constructor &apos;SourceFile&apos;
    --- property &apos;__sourceFile&apos; closes the circle
    at JSON.stringify (&lt;anonymous&gt;)
    at ZodSchemaReifier.reify (C:\Users\Utilisateur\zod-reify\src\reify\ZodSchemaReifier.ts:343:106)
    at C:\Users\Utilisateur\zod-reify\tests\reify\ZodSchemaReifier.test.ts:1704:25
    at Object.&lt;anonymous&gt; (C:\Users\Utilisateur\zod-reify\node_modules\.pnpm\jest-each@29.7.0\node_modules\jest-each\build\bind.js:81:13)
    at Promise.then.completed (C:\Users\Utilisateur\zod-reify\node_modules\.pnpm\jest-circus@29.7.0\node_modules\jest-circus\build\utils.js:298:28)
    at new Promise (&lt;anonymous&gt;)
    at callAsyncCircusFn (C:\Users\Utilisateur\zod-reify\node_modules\.pnpm\jest-circus@29.7.0\node_modules\jest-circus\build\utils.js:231:10)
    at _callCircusTest (C:\Users\Utilisateur\zod-reify\node_modules\.pnpm\jest-circus@29.7.0\node_modules\jest-circus\build\run.js:316:40)
    at processTicksAndRejections (node:internal/process/task_queues:95:5)
    at _runTest (C:\Users\Utilisateur\zod-reify\node_modules\.pnpm\jest-circus@29.7.0\node_modules\jest-circus\build\run.js:252:3)
    at _runTestsForDescribeBlock (C:\Users\Utilisateur\zod-reify\node_modules\.pnpm\jest-circus@29.7.0\node_modules\jest-circus\build\run.js:126:9)
    at _runTestsForDescribeBlock (C:\Users\Utilisateur\zod-reify\node_modules\.pnpm\jest-circus@29.7.0\node_modules\jest-circus\build\run.js:121:9)
    at _runTestsForDescribeBlock (C:\Users\Utilisateur\zod-reify\node_modules\.pnpm\jest-circus@29.7.0\node_modules\jest-circus\build\run.js:121:9)
    at run (C:\Users\Utilisateur\zod-reify\node_modules\.pnpm\jest-circus@29.7.0\node_modules\jest-circus\build\run.js:71:3)
    at runAndTransformResultsToJestFormat (C:\Users\Utilisateur\zod-reify\node_modules\.pnpm\jest-circus@29.7.0\node_modules\jest-circus\build\legacy-code-todo-rewrite\jestAdapterInit.js:122:21)
    at jestAdapter (C:\Users\Utilisateur\zod-reify\node_modules\.pnpm\jest-circus@29.7.0\node_modules\jest-circus\build\legacy-code-todo-rewrite\jestAdapter.js:79:19)
    at runTestInternal (C:\Users\Utilisateur\zod-reify\node_modules\.pnpm\jest-runner@29.7.0\node_modules\jest-runner\build\runTest.js:367:16)
    at runTest (C:\Users\Utilisateur\zod-reify\node_modules\.pnpm\jest-runner@29.7.0\node_modules\jest-runner\build\runTest.js:444:34)
    at Object.worker (C:\Users\Utilisateur\zod-reify\node_modules\.pnpm\jest-runner@29.7.0\node_modules\jest-runner\build\testWorker.js:106:12)</failure>
    </testcase>
    <testcase classname="Tests of the {@ZodSchemaReifier} reify() method against the zod parse method Test the reify() returns a zod schema which successfully parses the test TypeScript Object [{&quot;expect&quot;: false, &quot;name&quot;: &quot;Test #1bis: zodSchema1&quot;, &quot;testTsObjectToValidate&quot;: null, &quot;zodSchema&quot;: [ZodOptional], &quot;zodSchemaAsText&quot;: &quot;z
  .object({
    voila: z.string(),
  })
  .optional()&quot;}] successfully pass the zod parse test" name="Tests of the {@ZodSchemaReifier} reify() method against the zod parse method Test the reify() returns a zod schema which successfully parses the test TypeScript Object [{&quot;expect&quot;: false, &quot;name&quot;: &quot;Test #1bis: zodSchema1&quot;, &quot;testTsObjectToValidate&quot;: null, &quot;zodSchema&quot;: [ZodOptional], &quot;zodSchemaAsText&quot;: &quot;z
  .object({
    voila: z.string(),
  })
  .optional()&quot;}] successfully pass the zod parse test" time="1.319">
      <failure>TypeError: Converting circular structure to JSON
    --&gt; starting at object with constructor &apos;SourceFile&apos;
    --- property &apos;__sourceFile&apos; closes the circle
    at JSON.stringify (&lt;anonymous&gt;)
    at ZodSchemaReifier.reify (C:\Users\Utilisateur\zod-reify\src\reify\ZodSchemaReifier.ts:343:106)
    at C:\Users\Utilisateur\zod-reify\tests\reify\ZodSchemaReifier.test.ts:1704:25
    at Object.&lt;anonymous&gt; (C:\Users\Utilisateur\zod-reify\node_modules\.pnpm\jest-each@29.7.0\node_modules\jest-each\build\bind.js:81:13)
    at Promise.then.completed (C:\Users\Utilisateur\zod-reify\node_modules\.pnpm\jest-circus@29.7.0\node_modules\jest-circus\build\utils.js:298:28)
    at new Promise (&lt;anonymous&gt;)
    at callAsyncCircusFn (C:\Users\Utilisateur\zod-reify\node_modules\.pnpm\jest-circus@29.7.0\node_modules\jest-circus\build\utils.js:231:10)
    at _callCircusTest (C:\Users\Utilisateur\zod-reify\node_modules\.pnpm\jest-circus@29.7.0\node_modules\jest-circus\build\run.js:316:40)
    at processTicksAndRejections (node:internal/process/task_queues:95:5)
    at _runTest (C:\Users\Utilisateur\zod-reify\node_modules\.pnpm\jest-circus@29.7.0\node_modules\jest-circus\build\run.js:252:3)
    at _runTestsForDescribeBlock (C:\Users\Utilisateur\zod-reify\node_modules\.pnpm\jest-circus@29.7.0\node_modules\jest-circus\build\run.js:126:9)
    at _runTestsForDescribeBlock (C:\Users\Utilisateur\zod-reify\node_modules\.pnpm\jest-circus@29.7.0\node_modules\jest-circus\build\run.js:121:9)
    at _runTestsForDescribeBlock (C:\Users\Utilisateur\zod-reify\node_modules\.pnpm\jest-circus@29.7.0\node_modules\jest-circus\build\run.js:121:9)
    at run (C:\Users\Utilisateur\zod-reify\node_modules\.pnpm\jest-circus@29.7.0\node_modules\jest-circus\build\run.js:71:3)
    at runAndTransformResultsToJestFormat (C:\Users\Utilisateur\zod-reify\node_modules\.pnpm\jest-circus@29.7.0\node_modules\jest-circus\build\legacy-code-todo-rewrite\jestAdapterInit.js:122:21)
    at jestAdapter (C:\Users\Utilisateur\zod-reify\node_modules\.pnpm\jest-circus@29.7.0\node_modules\jest-circus\build\legacy-code-todo-rewrite\jestAdapter.js:79:19)
    at runTestInternal (C:\Users\Utilisateur\zod-reify\node_modules\.pnpm\jest-runner@29.7.0\node_modules\jest-runner\build\runTest.js:367:16)
    at runTest (C:\Users\Utilisateur\zod-reify\node_modules\.pnpm\jest-runner@29.7.0\node_modules\jest-runner\build\runTest.js:444:34)
    at Object.worker (C:\Users\Utilisateur\zod-reify\node_modules\.pnpm\jest-runner@29.7.0\node_modules\jest-runner\build\testWorker.js:106:12)</failure>
    </testcase>
    <testcase classname="Tests of the {@ZodSchemaReifier} reify() method against the zod parse method Test the reify() returns a zod schema which successfully parses the test TypeScript Object [{&quot;expect&quot;: true, &quot;name&quot;: &quot;Test #2: zodSchema2&quot;, &quot;testTsObjectToValidate&quot;: [Array], &quot;zodSchema&quot;: [ZodOptional], &quot;zodSchemaAsText&quot;: &quot;z
  .object({
    voila: z.string(),
  })
  .array()
  .optional()&quot;}] successfully pass the zod parse test" name="Tests of the {@ZodSchemaReifier} reify() method against the zod parse method Test the reify() returns a zod schema which successfully parses the test TypeScript Object [{&quot;expect&quot;: true, &quot;name&quot;: &quot;Test #2: zodSchema2&quot;, &quot;testTsObjectToValidate&quot;: [Array], &quot;zodSchema&quot;: [ZodOptional], &quot;zodSchemaAsText&quot;: &quot;z
  .object({
    voila: z.string(),
  })
  .array()
  .optional()&quot;}] successfully pass the zod parse test" time="1.381">
      <failure>TypeError: Converting circular structure to JSON
    --&gt; starting at object with constructor &apos;SourceFile&apos;
    --- property &apos;__sourceFile&apos; closes the circle
    at JSON.stringify (&lt;anonymous&gt;)
    at ZodSchemaReifier.reify (C:\Users\Utilisateur\zod-reify\src\reify\ZodSchemaReifier.ts:343:106)
    at C:\Users\Utilisateur\zod-reify\tests\reify\ZodSchemaReifier.test.ts:1704:25
    at Object.&lt;anonymous&gt; (C:\Users\Utilisateur\zod-reify\node_modules\.pnpm\jest-each@29.7.0\node_modules\jest-each\build\bind.js:81:13)
    at Promise.then.completed (C:\Users\Utilisateur\zod-reify\node_modules\.pnpm\jest-circus@29.7.0\node_modules\jest-circus\build\utils.js:298:28)
    at new Promise (&lt;anonymous&gt;)
    at callAsyncCircusFn (C:\Users\Utilisateur\zod-reify\node_modules\.pnpm\jest-circus@29.7.0\node_modules\jest-circus\build\utils.js:231:10)
    at _callCircusTest (C:\Users\Utilisateur\zod-reify\node_modules\.pnpm\jest-circus@29.7.0\node_modules\jest-circus\build\run.js:316:40)
    at processTicksAndRejections (node:internal/process/task_queues:95:5)
    at _runTest (C:\Users\Utilisateur\zod-reify\node_modules\.pnpm\jest-circus@29.7.0\node_modules\jest-circus\build\run.js:252:3)
    at _runTestsForDescribeBlock (C:\Users\Utilisateur\zod-reify\node_modules\.pnpm\jest-circus@29.7.0\node_modules\jest-circus\build\run.js:126:9)
    at _runTestsForDescribeBlock (C:\Users\Utilisateur\zod-reify\node_modules\.pnpm\jest-circus@29.7.0\node_modules\jest-circus\build\run.js:121:9)
    at _runTestsForDescribeBlock (C:\Users\Utilisateur\zod-reify\node_modules\.pnpm\jest-circus@29.7.0\node_modules\jest-circus\build\run.js:121:9)
    at run (C:\Users\Utilisateur\zod-reify\node_modules\.pnpm\jest-circus@29.7.0\node_modules\jest-circus\build\run.js:71:3)
    at runAndTransformResultsToJestFormat (C:\Users\Utilisateur\zod-reify\node_modules\.pnpm\jest-circus@29.7.0\node_modules\jest-circus\build\legacy-code-todo-rewrite\jestAdapterInit.js:122:21)
    at jestAdapter (C:\Users\Utilisateur\zod-reify\node_modules\.pnpm\jest-circus@29.7.0\node_modules\jest-circus\build\legacy-code-todo-rewrite\jestAdapter.js:79:19)
    at runTestInternal (C:\Users\Utilisateur\zod-reify\node_modules\.pnpm\jest-runner@29.7.0\node_modules\jest-runner\build\runTest.js:367:16)
    at runTest (C:\Users\Utilisateur\zod-reify\node_modules\.pnpm\jest-runner@29.7.0\node_modules\jest-runner\build\runTest.js:444:34)
    at Object.worker (C:\Users\Utilisateur\zod-reify\node_modules\.pnpm\jest-runner@29.7.0\node_modules\jest-runner\build\testWorker.js:106:12)</failure>
    </testcase>
    <testcase classname="Tests of the {@ZodSchemaReifier} reify() method against the zod parse method Test the reify() returns a zod schema which successfully parses the test TypeScript Object [{&quot;expect&quot;: true, &quot;name&quot;: &quot;Test #3: zodSchema3&quot;, &quot;testTsObjectToValidate&quot;: [Array], &quot;zodSchema&quot;: [ZodNullable], &quot;zodSchemaAsText&quot;: &quot;z
  .object({
    voila: z.string(),
  })
  .array()
  .optional()
  .nullable()&quot;}] successfully pass the zod parse test" name="Tests of the {@ZodSchemaReifier} reify() method against the zod parse method Test the reify() returns a zod schema which successfully parses the test TypeScript Object [{&quot;expect&quot;: true, &quot;name&quot;: &quot;Test #3: zodSchema3&quot;, &quot;testTsObjectToValidate&quot;: [Array], &quot;zodSchema&quot;: [ZodNullable], &quot;zodSchemaAsText&quot;: &quot;z
  .object({
    voila: z.string(),
  })
  .array()
  .optional()
  .nullable()&quot;}] successfully pass the zod parse test" time="1.414">
      <failure>TypeError: Converting circular structure to JSON
    --&gt; starting at object with constructor &apos;SourceFile&apos;
    --- property &apos;__sourceFile&apos; closes the circle
    at JSON.stringify (&lt;anonymous&gt;)
    at ZodSchemaReifier.reify (C:\Users\Utilisateur\zod-reify\src\reify\ZodSchemaReifier.ts:343:106)
    at C:\Users\Utilisateur\zod-reify\tests\reify\ZodSchemaReifier.test.ts:1704:25
    at Object.&lt;anonymous&gt; (C:\Users\Utilisateur\zod-reify\node_modules\.pnpm\jest-each@29.7.0\node_modules\jest-each\build\bind.js:81:13)
    at Promise.then.completed (C:\Users\Utilisateur\zod-reify\node_modules\.pnpm\jest-circus@29.7.0\node_modules\jest-circus\build\utils.js:298:28)
    at new Promise (&lt;anonymous&gt;)
    at callAsyncCircusFn (C:\Users\Utilisateur\zod-reify\node_modules\.pnpm\jest-circus@29.7.0\node_modules\jest-circus\build\utils.js:231:10)
    at _callCircusTest (C:\Users\Utilisateur\zod-reify\node_modules\.pnpm\jest-circus@29.7.0\node_modules\jest-circus\build\run.js:316:40)
    at processTicksAndRejections (node:internal/process/task_queues:95:5)
    at _runTest (C:\Users\Utilisateur\zod-reify\node_modules\.pnpm\jest-circus@29.7.0\node_modules\jest-circus\build\run.js:252:3)
    at _runTestsForDescribeBlock (C:\Users\Utilisateur\zod-reify\node_modules\.pnpm\jest-circus@29.7.0\node_modules\jest-circus\build\run.js:126:9)
    at _runTestsForDescribeBlock (C:\Users\Utilisateur\zod-reify\node_modules\.pnpm\jest-circus@29.7.0\node_modules\jest-circus\build\run.js:121:9)
    at _runTestsForDescribeBlock (C:\Users\Utilisateur\zod-reify\node_modules\.pnpm\jest-circus@29.7.0\node_modules\jest-circus\build\run.js:121:9)
    at run (C:\Users\Utilisateur\zod-reify\node_modules\.pnpm\jest-circus@29.7.0\node_modules\jest-circus\build\run.js:71:3)
    at runAndTransformResultsToJestFormat (C:\Users\Utilisateur\zod-reify\node_modules\.pnpm\jest-circus@29.7.0\node_modules\jest-circus\build\legacy-code-todo-rewrite\jestAdapterInit.js:122:21)
    at jestAdapter (C:\Users\Utilisateur\zod-reify\node_modules\.pnpm\jest-circus@29.7.0\node_modules\jest-circus\build\legacy-code-todo-rewrite\jestAdapter.js:79:19)
    at runTestInternal (C:\Users\Utilisateur\zod-reify\node_modules\.pnpm\jest-runner@29.7.0\node_modules\jest-runner\build\runTest.js:367:16)
    at runTest (C:\Users\Utilisateur\zod-reify\node_modules\.pnpm\jest-runner@29.7.0\node_modules\jest-runner\build\runTest.js:444:34)
    at Object.worker (C:\Users\Utilisateur\zod-reify\node_modules\.pnpm\jest-runner@29.7.0\node_modules\jest-runner\build\testWorker.js:106:12)</failure>
    </testcase>
    <testcase classname="Tests of the {@ZodSchemaReifier} reify() method against the zod parse method Test the reify() returns a zod schema which successfully parses the test TypeScript Object [{&quot;expect&quot;: true, &quot;name&quot;: &quot;Test #4: zodSchema4&quot;, &quot;testTsObjectToValidate&quot;: [Object], &quot;zodSchema&quot;: [ZodOptional], &quot;zodSchemaAsText&quot;: &quot;z
  .object({
    title: z.string(),
    hereAnother: z.object({
      reseau: z.object({
        cesar: z.array(z.string()),
      }),
      imLackingIdea: z.boolean().optional(),
      itsForATest: z.boolean(),
    }),
    tags: z.array(z.string()),
    another: z.boolean().nullish(),
    exampleCategory: z.array(z.array(z.string().nullable())).optional(),
    example2Category: z.nullable(z.array(z.boolean())).optional(),
    example3Category: z.optional(z.number()).array(),
    example4Category: z.array(z.number()).optional(),
    image: z.string().optional(),
    somethingElseNested: z.object({
      firstname: z.string().array(),
      lastname: z.string(),
      color: z.string(),
      two: z.boolean().optional(),
      three: z.number().array().optional(),
      four: z.array(z.number()).optional(),
    }),
    department: z.object({
      divisionName: z.string(),
      secrecyTags: z.array(z.string()).optional(),
    }),
  })
  .optional()&quot;}] successfully pass the zod parse test" name="Tests of the {@ZodSchemaReifier} reify() method against the zod parse method Test the reify() returns a zod schema which successfully parses the test TypeScript Object [{&quot;expect&quot;: true, &quot;name&quot;: &quot;Test #4: zodSchema4&quot;, &quot;testTsObjectToValidate&quot;: [Object], &quot;zodSchema&quot;: [ZodOptional], &quot;zodSchemaAsText&quot;: &quot;z
  .object({
    title: z.string(),
    hereAnother: z.object({
      reseau: z.object({
        cesar: z.array(z.string()),
      }),
      imLackingIdea: z.boolean().optional(),
      itsForATest: z.boolean(),
    }),
    tags: z.array(z.string()),
    another: z.boolean().nullish(),
    exampleCategory: z.array(z.array(z.string().nullable())).optional(),
    example2Category: z.nullable(z.array(z.boolean())).optional(),
    example3Category: z.optional(z.number()).array(),
    example4Category: z.array(z.number()).optional(),
    image: z.string().optional(),
    somethingElseNested: z.object({
      firstname: z.string().array(),
      lastname: z.string(),
      color: z.string(),
      two: z.boolean().optional(),
      three: z.number().array().optional(),
      four: z.array(z.number()).optional(),
    }),
    department: z.object({
      divisionName: z.string(),
      secrecyTags: z.array(z.string()).optional(),
    }),
  })
  .optional()&quot;}] successfully pass the zod parse test" time="1.566">
      <failure>TypeError: Converting circular structure to JSON
    --&gt; starting at object with constructor &apos;SourceFile&apos;
    --- property &apos;__sourceFile&apos; closes the circle
    at JSON.stringify (&lt;anonymous&gt;)
    at ZodSchemaReifier.reify (C:\Users\Utilisateur\zod-reify\src\reify\ZodSchemaReifier.ts:343:106)
    at C:\Users\Utilisateur\zod-reify\tests\reify\ZodSchemaReifier.test.ts:1704:25
    at Object.&lt;anonymous&gt; (C:\Users\Utilisateur\zod-reify\node_modules\.pnpm\jest-each@29.7.0\node_modules\jest-each\build\bind.js:81:13)
    at Promise.then.completed (C:\Users\Utilisateur\zod-reify\node_modules\.pnpm\jest-circus@29.7.0\node_modules\jest-circus\build\utils.js:298:28)
    at new Promise (&lt;anonymous&gt;)
    at callAsyncCircusFn (C:\Users\Utilisateur\zod-reify\node_modules\.pnpm\jest-circus@29.7.0\node_modules\jest-circus\build\utils.js:231:10)
    at _callCircusTest (C:\Users\Utilisateur\zod-reify\node_modules\.pnpm\jest-circus@29.7.0\node_modules\jest-circus\build\run.js:316:40)
    at processTicksAndRejections (node:internal/process/task_queues:95:5)
    at _runTest (C:\Users\Utilisateur\zod-reify\node_modules\.pnpm\jest-circus@29.7.0\node_modules\jest-circus\build\run.js:252:3)
    at _runTestsForDescribeBlock (C:\Users\Utilisateur\zod-reify\node_modules\.pnpm\jest-circus@29.7.0\node_modules\jest-circus\build\run.js:126:9)
    at _runTestsForDescribeBlock (C:\Users\Utilisateur\zod-reify\node_modules\.pnpm\jest-circus@29.7.0\node_modules\jest-circus\build\run.js:121:9)
    at _runTestsForDescribeBlock (C:\Users\Utilisateur\zod-reify\node_modules\.pnpm\jest-circus@29.7.0\node_modules\jest-circus\build\run.js:121:9)
    at run (C:\Users\Utilisateur\zod-reify\node_modules\.pnpm\jest-circus@29.7.0\node_modules\jest-circus\build\run.js:71:3)
    at runAndTransformResultsToJestFormat (C:\Users\Utilisateur\zod-reify\node_modules\.pnpm\jest-circus@29.7.0\node_modules\jest-circus\build\legacy-code-todo-rewrite\jestAdapterInit.js:122:21)
    at jestAdapter (C:\Users\Utilisateur\zod-reify\node_modules\.pnpm\jest-circus@29.7.0\node_modules\jest-circus\build\legacy-code-todo-rewrite\jestAdapter.js:79:19)
    at runTestInternal (C:\Users\Utilisateur\zod-reify\node_modules\.pnpm\jest-runner@29.7.0\node_modules\jest-runner\build\runTest.js:367:16)
    at runTest (C:\Users\Utilisateur\zod-reify\node_modules\.pnpm\jest-runner@29.7.0\node_modules\jest-runner\build\runTest.js:444:34)
    at Object.worker (C:\Users\Utilisateur\zod-reify\node_modules\.pnpm\jest-runner@29.7.0\node_modules\jest-runner\build\testWorker.js:106:12)</failure>
    </testcase>
    <testcase classname="Tests of the {@ZodSchemaReifier} reify() method against the zod parse method Test the reify() returns a zod schema which successfully parses the test TypeScript Object [{&quot;expect&quot;: true, &quot;name&quot;: &quot;Test #5: zodSchema5&quot;, &quot;testTsObjectToValidate&quot;: [Object], &quot;zodSchema&quot;: [ZodObject], &quot;zodSchemaAsText&quot;: &quot;z
  .object({
    title: z.string(),
    hereAnother: z.object({
      reseau: z.object({
        cesar: z.array(z.string()),
      }),
      imLackingIdea: z.boolean().optional(),
      itsForATest: z.boolean(),
    }),
    tags: z.array(z.string()),
    another: z.boolean().nullish(),
    exampleCategory: z.array(z.array(z.string().nullable())).optional(),
    example2Category: z.nullable(z.array(z.boolean())).optional(),
    example3Category: z.optional(z.number()).array(),
    example4Category: z.array(z.number()).optional(),
    image: z.string().optional(),
    somethingElseNested: z.object({
      firstname: z.string().array(),
      lastname: z.string(),
      color: z.string(),
      two: z.boolean().optional(),
      three: z.number().array().optional(),
      four: z.array(z.number()).optional(),
    }),
    department: z.object({
      divisionName: z.string(),
      secrecyTags: z.array(z.string()).optional(),
    }),
  })&quot;}] successfully pass the zod parse test" name="Tests of the {@ZodSchemaReifier} reify() method against the zod parse method Test the reify() returns a zod schema which successfully parses the test TypeScript Object [{&quot;expect&quot;: true, &quot;name&quot;: &quot;Test #5: zodSchema5&quot;, &quot;testTsObjectToValidate&quot;: [Object], &quot;zodSchema&quot;: [ZodObject], &quot;zodSchemaAsText&quot;: &quot;z
  .object({
    title: z.string(),
    hereAnother: z.object({
      reseau: z.object({
        cesar: z.array(z.string()),
      }),
      imLackingIdea: z.boolean().optional(),
      itsForATest: z.boolean(),
    }),
    tags: z.array(z.string()),
    another: z.boolean().nullish(),
    exampleCategory: z.array(z.array(z.string().nullable())).optional(),
    example2Category: z.nullable(z.array(z.boolean())).optional(),
    example3Category: z.optional(z.number()).array(),
    example4Category: z.array(z.number()).optional(),
    image: z.string().optional(),
    somethingElseNested: z.object({
      firstname: z.string().array(),
      lastname: z.string(),
      color: z.string(),
      two: z.boolean().optional(),
      three: z.number().array().optional(),
      four: z.array(z.number()).optional(),
    }),
    department: z.object({
      divisionName: z.string(),
      secrecyTags: z.array(z.string()).optional(),
    }),
  })&quot;}] successfully pass the zod parse test" time="1.486">
      <failure>TypeError: Converting circular structure to JSON
    --&gt; starting at object with constructor &apos;SourceFile&apos;
    --- property &apos;__sourceFile&apos; closes the circle
    at JSON.stringify (&lt;anonymous&gt;)
    at ZodSchemaReifier.reify (C:\Users\Utilisateur\zod-reify\src\reify\ZodSchemaReifier.ts:343:106)
    at C:\Users\Utilisateur\zod-reify\tests\reify\ZodSchemaReifier.test.ts:1704:25
    at Object.&lt;anonymous&gt; (C:\Users\Utilisateur\zod-reify\node_modules\.pnpm\jest-each@29.7.0\node_modules\jest-each\build\bind.js:81:13)
    at Promise.then.completed (C:\Users\Utilisateur\zod-reify\node_modules\.pnpm\jest-circus@29.7.0\node_modules\jest-circus\build\utils.js:298:28)
    at new Promise (&lt;anonymous&gt;)
    at callAsyncCircusFn (C:\Users\Utilisateur\zod-reify\node_modules\.pnpm\jest-circus@29.7.0\node_modules\jest-circus\build\utils.js:231:10)
    at _callCircusTest (C:\Users\Utilisateur\zod-reify\node_modules\.pnpm\jest-circus@29.7.0\node_modules\jest-circus\build\run.js:316:40)
    at processTicksAndRejections (node:internal/process/task_queues:95:5)
    at _runTest (C:\Users\Utilisateur\zod-reify\node_modules\.pnpm\jest-circus@29.7.0\node_modules\jest-circus\build\run.js:252:3)
    at _runTestsForDescribeBlock (C:\Users\Utilisateur\zod-reify\node_modules\.pnpm\jest-circus@29.7.0\node_modules\jest-circus\build\run.js:126:9)
    at _runTestsForDescribeBlock (C:\Users\Utilisateur\zod-reify\node_modules\.pnpm\jest-circus@29.7.0\node_modules\jest-circus\build\run.js:121:9)
    at _runTestsForDescribeBlock (C:\Users\Utilisateur\zod-reify\node_modules\.pnpm\jest-circus@29.7.0\node_modules\jest-circus\build\run.js:121:9)
    at run (C:\Users\Utilisateur\zod-reify\node_modules\.pnpm\jest-circus@29.7.0\node_modules\jest-circus\build\run.js:71:3)
    at runAndTransformResultsToJestFormat (C:\Users\Utilisateur\zod-reify\node_modules\.pnpm\jest-circus@29.7.0\node_modules\jest-circus\build\legacy-code-todo-rewrite\jestAdapterInit.js:122:21)
    at jestAdapter (C:\Users\Utilisateur\zod-reify\node_modules\.pnpm\jest-circus@29.7.0\node_modules\jest-circus\build\legacy-code-todo-rewrite\jestAdapter.js:79:19)
    at runTestInternal (C:\Users\Utilisateur\zod-reify\node_modules\.pnpm\jest-runner@29.7.0\node_modules\jest-runner\build\runTest.js:367:16)
    at runTest (C:\Users\Utilisateur\zod-reify\node_modules\.pnpm\jest-runner@29.7.0\node_modules\jest-runner\build\runTest.js:444:34)
    at Object.worker (C:\Users\Utilisateur\zod-reify\node_modules\.pnpm\jest-runner@29.7.0\node_modules\jest-runner\build\testWorker.js:106:12)</failure>
    </testcase>
    <testcase classname="Tests of the {@ZodSchemaReifier} reify() method against the zod parse method Test the reify() returns a zod schema which successfully parses the test TypeScript Object [{&quot;expect&quot;: true, &quot;name&quot;: &quot;Test #6: zodSchema6&quot;, &quot;testTsObjectToValidate&quot;: [Array], &quot;zodSchema&quot;: [ZodTuple], &quot;zodSchemaAsText&quot;: &quot;z.tuple([
      z.object({first: z.array(z.string())}),
      z.object({second: z.array(z.string())}),
      z.object({third: z.array(z.string())}),
    ])&quot;}] successfully pass the zod parse test" name="Tests of the {@ZodSchemaReifier} reify() method against the zod parse method Test the reify() returns a zod schema which successfully parses the test TypeScript Object [{&quot;expect&quot;: true, &quot;name&quot;: &quot;Test #6: zodSchema6&quot;, &quot;testTsObjectToValidate&quot;: [Array], &quot;zodSchema&quot;: [ZodTuple], &quot;zodSchemaAsText&quot;: &quot;z.tuple([
      z.object({first: z.array(z.string())}),
      z.object({second: z.array(z.string())}),
      z.object({third: z.array(z.string())}),
    ])&quot;}] successfully pass the zod parse test" time="1.25">
      <failure>TypeError: Converting circular structure to JSON
    --&gt; starting at object with constructor &apos;SourceFile&apos;
    --- property &apos;__sourceFile&apos; closes the circle
    at JSON.stringify (&lt;anonymous&gt;)
    at ZodSchemaReifier.reify (C:\Users\Utilisateur\zod-reify\src\reify\ZodSchemaReifier.ts:343:106)
    at C:\Users\Utilisateur\zod-reify\tests\reify\ZodSchemaReifier.test.ts:1704:25
    at Object.&lt;anonymous&gt; (C:\Users\Utilisateur\zod-reify\node_modules\.pnpm\jest-each@29.7.0\node_modules\jest-each\build\bind.js:81:13)
    at Promise.then.completed (C:\Users\Utilisateur\zod-reify\node_modules\.pnpm\jest-circus@29.7.0\node_modules\jest-circus\build\utils.js:298:28)
    at new Promise (&lt;anonymous&gt;)
    at callAsyncCircusFn (C:\Users\Utilisateur\zod-reify\node_modules\.pnpm\jest-circus@29.7.0\node_modules\jest-circus\build\utils.js:231:10)
    at _callCircusTest (C:\Users\Utilisateur\zod-reify\node_modules\.pnpm\jest-circus@29.7.0\node_modules\jest-circus\build\run.js:316:40)
    at processTicksAndRejections (node:internal/process/task_queues:95:5)
    at _runTest (C:\Users\Utilisateur\zod-reify\node_modules\.pnpm\jest-circus@29.7.0\node_modules\jest-circus\build\run.js:252:3)
    at _runTestsForDescribeBlock (C:\Users\Utilisateur\zod-reify\node_modules\.pnpm\jest-circus@29.7.0\node_modules\jest-circus\build\run.js:126:9)
    at _runTestsForDescribeBlock (C:\Users\Utilisateur\zod-reify\node_modules\.pnpm\jest-circus@29.7.0\node_modules\jest-circus\build\run.js:121:9)
    at _runTestsForDescribeBlock (C:\Users\Utilisateur\zod-reify\node_modules\.pnpm\jest-circus@29.7.0\node_modules\jest-circus\build\run.js:121:9)
    at run (C:\Users\Utilisateur\zod-reify\node_modules\.pnpm\jest-circus@29.7.0\node_modules\jest-circus\build\run.js:71:3)
    at runAndTransformResultsToJestFormat (C:\Users\Utilisateur\zod-reify\node_modules\.pnpm\jest-circus@29.7.0\node_modules\jest-circus\build\legacy-code-todo-rewrite\jestAdapterInit.js:122:21)
    at jestAdapter (C:\Users\Utilisateur\zod-reify\node_modules\.pnpm\jest-circus@29.7.0\node_modules\jest-circus\build\legacy-code-todo-rewrite\jestAdapter.js:79:19)
    at runTestInternal (C:\Users\Utilisateur\zod-reify\node_modules\.pnpm\jest-runner@29.7.0\node_modules\jest-runner\build\runTest.js:367:16)
    at runTest (C:\Users\Utilisateur\zod-reify\node_modules\.pnpm\jest-runner@29.7.0\node_modules\jest-runner\build\runTest.js:444:34)
    at Object.worker (C:\Users\Utilisateur\zod-reify\node_modules\.pnpm\jest-runner@29.7.0\node_modules\jest-runner\build\testWorker.js:106:12)</failure>
    </testcase>
    <testcase classname="Tests of the {@ZodSchemaReifier} reify() method against the zod parse method Test the reify() returns a zod schema which successfully parses the test TypeScript Object [{&quot;expect&quot;: true, &quot;name&quot;: &quot;Test #7: zodSchema7&quot;, &quot;testTsObjectToValidate&quot;: [Array], &quot;zodSchema&quot;: [ZodOptional], &quot;zodSchemaAsText&quot;: &quot;z.tuple([
      z.object({first: z.array(z.string())}),
      z.object({second: z.array(z.string())}),
      z.object({third: z.array(z.string())}),
    ]).nullable().optional()&quot;}] successfully pass the zod parse test" name="Tests of the {@ZodSchemaReifier} reify() method against the zod parse method Test the reify() returns a zod schema which successfully parses the test TypeScript Object [{&quot;expect&quot;: true, &quot;name&quot;: &quot;Test #7: zodSchema7&quot;, &quot;testTsObjectToValidate&quot;: [Array], &quot;zodSchema&quot;: [ZodOptional], &quot;zodSchemaAsText&quot;: &quot;z.tuple([
      z.object({first: z.array(z.string())}),
      z.object({second: z.array(z.string())}),
      z.object({third: z.array(z.string())}),
    ]).nullable().optional()&quot;}] successfully pass the zod parse test" time="1.104">
      <failure>TypeError: Converting circular structure to JSON
    --&gt; starting at object with constructor &apos;SourceFile&apos;
    --- property &apos;__sourceFile&apos; closes the circle
    at JSON.stringify (&lt;anonymous&gt;)
    at ZodSchemaReifier.reify (C:\Users\Utilisateur\zod-reify\src\reify\ZodSchemaReifier.ts:343:106)
    at C:\Users\Utilisateur\zod-reify\tests\reify\ZodSchemaReifier.test.ts:1704:25
    at Object.&lt;anonymous&gt; (C:\Users\Utilisateur\zod-reify\node_modules\.pnpm\jest-each@29.7.0\node_modules\jest-each\build\bind.js:81:13)
    at Promise.then.completed (C:\Users\Utilisateur\zod-reify\node_modules\.pnpm\jest-circus@29.7.0\node_modules\jest-circus\build\utils.js:298:28)
    at new Promise (&lt;anonymous&gt;)
    at callAsyncCircusFn (C:\Users\Utilisateur\zod-reify\node_modules\.pnpm\jest-circus@29.7.0\node_modules\jest-circus\build\utils.js:231:10)
    at _callCircusTest (C:\Users\Utilisateur\zod-reify\node_modules\.pnpm\jest-circus@29.7.0\node_modules\jest-circus\build\run.js:316:40)
    at processTicksAndRejections (node:internal/process/task_queues:95:5)
    at _runTest (C:\Users\Utilisateur\zod-reify\node_modules\.pnpm\jest-circus@29.7.0\node_modules\jest-circus\build\run.js:252:3)
    at _runTestsForDescribeBlock (C:\Users\Utilisateur\zod-reify\node_modules\.pnpm\jest-circus@29.7.0\node_modules\jest-circus\build\run.js:126:9)
    at _runTestsForDescribeBlock (C:\Users\Utilisateur\zod-reify\node_modules\.pnpm\jest-circus@29.7.0\node_modules\jest-circus\build\run.js:121:9)
    at _runTestsForDescribeBlock (C:\Users\Utilisateur\zod-reify\node_modules\.pnpm\jest-circus@29.7.0\node_modules\jest-circus\build\run.js:121:9)
    at run (C:\Users\Utilisateur\zod-reify\node_modules\.pnpm\jest-circus@29.7.0\node_modules\jest-circus\build\run.js:71:3)
    at runAndTransformResultsToJestFormat (C:\Users\Utilisateur\zod-reify\node_modules\.pnpm\jest-circus@29.7.0\node_modules\jest-circus\build\legacy-code-todo-rewrite\jestAdapterInit.js:122:21)
    at jestAdapter (C:\Users\Utilisateur\zod-reify\node_modules\.pnpm\jest-circus@29.7.0\node_modules\jest-circus\build\legacy-code-todo-rewrite\jestAdapter.js:79:19)
    at runTestInternal (C:\Users\Utilisateur\zod-reify\node_modules\.pnpm\jest-runner@29.7.0\node_modules\jest-runner\build\runTest.js:367:16)
    at runTest (C:\Users\Utilisateur\zod-reify\node_modules\.pnpm\jest-runner@29.7.0\node_modules\jest-runner\build\runTest.js:444:34)
    at Object.worker (C:\Users\Utilisateur\zod-reify\node_modules\.pnpm\jest-runner@29.7.0\node_modules\jest-runner\build\testWorker.js:106:12)</failure>
    </testcase>
    <testcase classname="Tests of the {@ZodSchemaReifier} reify() method against the zod parse method Test the reify() returns a zod schema which successfully parses the test TypeScript Object [{&quot;expect&quot;: true, &quot;name&quot;: &quot;Test #8: zodSchema8&quot;, &quot;testTsObjectToValidate&quot;: false, &quot;zodSchema&quot;: [ZodOptional], &quot;zodSchemaAsText&quot;: &quot;z.boolean().nullable().optional()&quot;}] successfully pass the zod parse test" name="Tests of the {@ZodSchemaReifier} reify() method against the zod parse method Test the reify() returns a zod schema which successfully parses the test TypeScript Object [{&quot;expect&quot;: true, &quot;name&quot;: &quot;Test #8: zodSchema8&quot;, &quot;testTsObjectToValidate&quot;: false, &quot;zodSchema&quot;: [ZodOptional], &quot;zodSchemaAsText&quot;: &quot;z.boolean().nullable().optional()&quot;}] successfully pass the zod parse test" time="0.973">
      <failure>TypeError: Converting circular structure to JSON
    --&gt; starting at object with constructor &apos;SourceFile&apos;
    --- property &apos;__sourceFile&apos; closes the circle
    at JSON.stringify (&lt;anonymous&gt;)
    at ZodSchemaReifier.reify (C:\Users\Utilisateur\zod-reify\src\reify\ZodSchemaReifier.ts:343:106)
    at C:\Users\Utilisateur\zod-reify\tests\reify\ZodSchemaReifier.test.ts:1704:25
    at Object.&lt;anonymous&gt; (C:\Users\Utilisateur\zod-reify\node_modules\.pnpm\jest-each@29.7.0\node_modules\jest-each\build\bind.js:81:13)
    at Promise.then.completed (C:\Users\Utilisateur\zod-reify\node_modules\.pnpm\jest-circus@29.7.0\node_modules\jest-circus\build\utils.js:298:28)
    at new Promise (&lt;anonymous&gt;)
    at callAsyncCircusFn (C:\Users\Utilisateur\zod-reify\node_modules\.pnpm\jest-circus@29.7.0\node_modules\jest-circus\build\utils.js:231:10)
    at _callCircusTest (C:\Users\Utilisateur\zod-reify\node_modules\.pnpm\jest-circus@29.7.0\node_modules\jest-circus\build\run.js:316:40)
    at processTicksAndRejections (node:internal/process/task_queues:95:5)
    at _runTest (C:\Users\Utilisateur\zod-reify\node_modules\.pnpm\jest-circus@29.7.0\node_modules\jest-circus\build\run.js:252:3)
    at _runTestsForDescribeBlock (C:\Users\Utilisateur\zod-reify\node_modules\.pnpm\jest-circus@29.7.0\node_modules\jest-circus\build\run.js:126:9)
    at _runTestsForDescribeBlock (C:\Users\Utilisateur\zod-reify\node_modules\.pnpm\jest-circus@29.7.0\node_modules\jest-circus\build\run.js:121:9)
    at _runTestsForDescribeBlock (C:\Users\Utilisateur\zod-reify\node_modules\.pnpm\jest-circus@29.7.0\node_modules\jest-circus\build\run.js:121:9)
    at run (C:\Users\Utilisateur\zod-reify\node_modules\.pnpm\jest-circus@29.7.0\node_modules\jest-circus\build\run.js:71:3)
    at runAndTransformResultsToJestFormat (C:\Users\Utilisateur\zod-reify\node_modules\.pnpm\jest-circus@29.7.0\node_modules\jest-circus\build\legacy-code-todo-rewrite\jestAdapterInit.js:122:21)
    at jestAdapter (C:\Users\Utilisateur\zod-reify\node_modules\.pnpm\jest-circus@29.7.0\node_modules\jest-circus\build\legacy-code-todo-rewrite\jestAdapter.js:79:19)
    at runTestInternal (C:\Users\Utilisateur\zod-reify\node_modules\.pnpm\jest-runner@29.7.0\node_modules\jest-runner\build\runTest.js:367:16)
    at runTest (C:\Users\Utilisateur\zod-reify\node_modules\.pnpm\jest-runner@29.7.0\node_modules\jest-runner\build\runTest.js:444:34)
    at Object.worker (C:\Users\Utilisateur\zod-reify\node_modules\.pnpm\jest-runner@29.7.0\node_modules\jest-runner\build\testWorker.js:106:12)</failure>
    </testcase>
    <testcase classname="Tests of the {@ZodSchemaReifier} reify() method against the zod parse method Test the reify() returns a zod schema which successfully parses the test TypeScript Object [{&quot;expect&quot;: true, &quot;name&quot;: &quot;Test #9: zodSchema9&quot;, &quot;testTsObjectToValidate&quot;: [Array], &quot;zodSchema&quot;: [ZodOptional], &quot;zodSchemaAsText&quot;: &quot;z.array(z.boolean().nullish()).nullable().optional()&quot;}] successfully pass the zod parse test" name="Tests of the {@ZodSchemaReifier} reify() method against the zod parse method Test the reify() returns a zod schema which successfully parses the test TypeScript Object [{&quot;expect&quot;: true, &quot;name&quot;: &quot;Test #9: zodSchema9&quot;, &quot;testTsObjectToValidate&quot;: [Array], &quot;zodSchema&quot;: [ZodOptional], &quot;zodSchemaAsText&quot;: &quot;z.array(z.boolean().nullish()).nullable().optional()&quot;}] successfully pass the zod parse test" time="1.104">
      <failure>TypeError: Converting circular structure to JSON
    --&gt; starting at object with constructor &apos;SourceFile&apos;
    --- property &apos;__sourceFile&apos; closes the circle
    at JSON.stringify (&lt;anonymous&gt;)
    at ZodSchemaReifier.reify (C:\Users\Utilisateur\zod-reify\src\reify\ZodSchemaReifier.ts:343:106)
    at C:\Users\Utilisateur\zod-reify\tests\reify\ZodSchemaReifier.test.ts:1704:25
    at Object.&lt;anonymous&gt; (C:\Users\Utilisateur\zod-reify\node_modules\.pnpm\jest-each@29.7.0\node_modules\jest-each\build\bind.js:81:13)
    at Promise.then.completed (C:\Users\Utilisateur\zod-reify\node_modules\.pnpm\jest-circus@29.7.0\node_modules\jest-circus\build\utils.js:298:28)
    at new Promise (&lt;anonymous&gt;)
    at callAsyncCircusFn (C:\Users\Utilisateur\zod-reify\node_modules\.pnpm\jest-circus@29.7.0\node_modules\jest-circus\build\utils.js:231:10)
    at _callCircusTest (C:\Users\Utilisateur\zod-reify\node_modules\.pnpm\jest-circus@29.7.0\node_modules\jest-circus\build\run.js:316:40)
    at processTicksAndRejections (node:internal/process/task_queues:95:5)
    at _runTest (C:\Users\Utilisateur\zod-reify\node_modules\.pnpm\jest-circus@29.7.0\node_modules\jest-circus\build\run.js:252:3)
    at _runTestsForDescribeBlock (C:\Users\Utilisateur\zod-reify\node_modules\.pnpm\jest-circus@29.7.0\node_modules\jest-circus\build\run.js:126:9)
    at _runTestsForDescribeBlock (C:\Users\Utilisateur\zod-reify\node_modules\.pnpm\jest-circus@29.7.0\node_modules\jest-circus\build\run.js:121:9)
    at _runTestsForDescribeBlock (C:\Users\Utilisateur\zod-reify\node_modules\.pnpm\jest-circus@29.7.0\node_modules\jest-circus\build\run.js:121:9)
    at run (C:\Users\Utilisateur\zod-reify\node_modules\.pnpm\jest-circus@29.7.0\node_modules\jest-circus\build\run.js:71:3)
    at runAndTransformResultsToJestFormat (C:\Users\Utilisateur\zod-reify\node_modules\.pnpm\jest-circus@29.7.0\node_modules\jest-circus\build\legacy-code-todo-rewrite\jestAdapterInit.js:122:21)
    at jestAdapter (C:\Users\Utilisateur\zod-reify\node_modules\.pnpm\jest-circus@29.7.0\node_modules\jest-circus\build\legacy-code-todo-rewrite\jestAdapter.js:79:19)
    at runTestInternal (C:\Users\Utilisateur\zod-reify\node_modules\.pnpm\jest-runner@29.7.0\node_modules\jest-runner\build\runTest.js:367:16)
    at runTest (C:\Users\Utilisateur\zod-reify\node_modules\.pnpm\jest-runner@29.7.0\node_modules\jest-runner\build\runTest.js:444:34)
    at Object.worker (C:\Users\Utilisateur\zod-reify\node_modules\.pnpm\jest-runner@29.7.0\node_modules\jest-runner\build\testWorker.js:106:12)</failure>
    </testcase>
    <testcase classname="Tests of the {@ZodSchemaReifier} reify() method against the zod parse method Test the reify() returns a zod schema which successfully parses the test TypeScript Object [{&quot;expect&quot;: true, &quot;name&quot;: &quot;Test #10: zodSchema10&quot;, &quot;testTsObjectToValidate&quot;: [Object], &quot;zodSchema&quot;: [ZodNullable], &quot;zodSchemaAsText&quot;: &quot;z
  .object({
    un: z.object({
      deux: z.object({
        trois: z.object({
          quatre: z.object({
            cinq: z.object({
              six: z.object({
                sept: z.string(),
              }),
            }),
          }),
        }),
      }),
    })
  })
  .strict().optional().nullable()&quot;}] successfully pass the zod parse test" name="Tests of the {@ZodSchemaReifier} reify() method against the zod parse method Test the reify() returns a zod schema which successfully parses the test TypeScript Object [{&quot;expect&quot;: true, &quot;name&quot;: &quot;Test #10: zodSchema10&quot;, &quot;testTsObjectToValidate&quot;: [Object], &quot;zodSchema&quot;: [ZodNullable], &quot;zodSchemaAsText&quot;: &quot;z
  .object({
    un: z.object({
      deux: z.object({
        trois: z.object({
          quatre: z.object({
            cinq: z.object({
              six: z.object({
                sept: z.string(),
              }),
            }),
          }),
        }),
      }),
    })
  })
  .strict().optional().nullable()&quot;}] successfully pass the zod parse test" time="1.278">
      <failure>TypeError: Converting circular structure to JSON
    --&gt; starting at object with constructor &apos;SourceFile&apos;
    --- property &apos;__sourceFile&apos; closes the circle
    at JSON.stringify (&lt;anonymous&gt;)
    at ZodSchemaReifier.reify (C:\Users\Utilisateur\zod-reify\src\reify\ZodSchemaReifier.ts:343:106)
    at C:\Users\Utilisateur\zod-reify\tests\reify\ZodSchemaReifier.test.ts:1704:25
    at Object.&lt;anonymous&gt; (C:\Users\Utilisateur\zod-reify\node_modules\.pnpm\jest-each@29.7.0\node_modules\jest-each\build\bind.js:81:13)
    at Promise.then.completed (C:\Users\Utilisateur\zod-reify\node_modules\.pnpm\jest-circus@29.7.0\node_modules\jest-circus\build\utils.js:298:28)
    at new Promise (&lt;anonymous&gt;)
    at callAsyncCircusFn (C:\Users\Utilisateur\zod-reify\node_modules\.pnpm\jest-circus@29.7.0\node_modules\jest-circus\build\utils.js:231:10)
    at _callCircusTest (C:\Users\Utilisateur\zod-reify\node_modules\.pnpm\jest-circus@29.7.0\node_modules\jest-circus\build\run.js:316:40)
    at processTicksAndRejections (node:internal/process/task_queues:95:5)
    at _runTest (C:\Users\Utilisateur\zod-reify\node_modules\.pnpm\jest-circus@29.7.0\node_modules\jest-circus\build\run.js:252:3)
    at _runTestsForDescribeBlock (C:\Users\Utilisateur\zod-reify\node_modules\.pnpm\jest-circus@29.7.0\node_modules\jest-circus\build\run.js:126:9)
    at _runTestsForDescribeBlock (C:\Users\Utilisateur\zod-reify\node_modules\.pnpm\jest-circus@29.7.0\node_modules\jest-circus\build\run.js:121:9)
    at _runTestsForDescribeBlock (C:\Users\Utilisateur\zod-reify\node_modules\.pnpm\jest-circus@29.7.0\node_modules\jest-circus\build\run.js:121:9)
    at run (C:\Users\Utilisateur\zod-reify\node_modules\.pnpm\jest-circus@29.7.0\node_modules\jest-circus\build\run.js:71:3)
    at runAndTransformResultsToJestFormat (C:\Users\Utilisateur\zod-reify\node_modules\.pnpm\jest-circus@29.7.0\node_modules\jest-circus\build\legacy-code-todo-rewrite\jestAdapterInit.js:122:21)
    at jestAdapter (C:\Users\Utilisateur\zod-reify\node_modules\.pnpm\jest-circus@29.7.0\node_modules\jest-circus\build\legacy-code-todo-rewrite\jestAdapter.js:79:19)
    at runTestInternal (C:\Users\Utilisateur\zod-reify\node_modules\.pnpm\jest-runner@29.7.0\node_modules\jest-runner\build\runTest.js:367:16)
    at runTest (C:\Users\Utilisateur\zod-reify\node_modules\.pnpm\jest-runner@29.7.0\node_modules\jest-runner\build\runTest.js:444:34)
    at Object.worker (C:\Users\Utilisateur\zod-reify\node_modules\.pnpm\jest-runner@29.7.0\node_modules\jest-runner\build\testWorker.js:106:12)</failure>
    </testcase>
    <testcase classname="Tests of the {@ZodSchemaReifier} reify() method against the zod parse method Test the reify() returns a zod schema which successfully parses the test TypeScript Object [{&quot;expect&quot;: true, &quot;name&quot;: &quot;Test #10bis: zodSchema10&quot;, &quot;testTsObjectToValidate&quot;: null, &quot;zodSchema&quot;: [ZodNullable], &quot;zodSchemaAsText&quot;: &quot;z
  .object({
    un: z.object({
      deux: z.object({
        trois: z.object({
          quatre: z.object({
            cinq: z.object({
              six: z.object({
                sept: z.string(),
              }),
            }),
          }),
        }),
      }),
    })
  })
  .strict().optional().nullable()&quot;}] successfully pass the zod parse test" name="Tests of the {@ZodSchemaReifier} reify() method against the zod parse method Test the reify() returns a zod schema which successfully parses the test TypeScript Object [{&quot;expect&quot;: true, &quot;name&quot;: &quot;Test #10bis: zodSchema10&quot;, &quot;testTsObjectToValidate&quot;: null, &quot;zodSchema&quot;: [ZodNullable], &quot;zodSchemaAsText&quot;: &quot;z
  .object({
    un: z.object({
      deux: z.object({
        trois: z.object({
          quatre: z.object({
            cinq: z.object({
              six: z.object({
                sept: z.string(),
              }),
            }),
          }),
        }),
      }),
    })
  })
  .strict().optional().nullable()&quot;}] successfully pass the zod parse test" time="1.348">
      <failure>TypeError: Converting circular structure to JSON
    --&gt; starting at object with constructor &apos;SourceFile&apos;
    --- property &apos;__sourceFile&apos; closes the circle
    at JSON.stringify (&lt;anonymous&gt;)
    at ZodSchemaReifier.reify (C:\Users\Utilisateur\zod-reify\src\reify\ZodSchemaReifier.ts:343:106)
    at C:\Users\Utilisateur\zod-reify\tests\reify\ZodSchemaReifier.test.ts:1704:25
    at Object.&lt;anonymous&gt; (C:\Users\Utilisateur\zod-reify\node_modules\.pnpm\jest-each@29.7.0\node_modules\jest-each\build\bind.js:81:13)
    at Promise.then.completed (C:\Users\Utilisateur\zod-reify\node_modules\.pnpm\jest-circus@29.7.0\node_modules\jest-circus\build\utils.js:298:28)
    at new Promise (&lt;anonymous&gt;)
    at callAsyncCircusFn (C:\Users\Utilisateur\zod-reify\node_modules\.pnpm\jest-circus@29.7.0\node_modules\jest-circus\build\utils.js:231:10)
    at _callCircusTest (C:\Users\Utilisateur\zod-reify\node_modules\.pnpm\jest-circus@29.7.0\node_modules\jest-circus\build\run.js:316:40)
    at processTicksAndRejections (node:internal/process/task_queues:95:5)
    at _runTest (C:\Users\Utilisateur\zod-reify\node_modules\.pnpm\jest-circus@29.7.0\node_modules\jest-circus\build\run.js:252:3)
    at _runTestsForDescribeBlock (C:\Users\Utilisateur\zod-reify\node_modules\.pnpm\jest-circus@29.7.0\node_modules\jest-circus\build\run.js:126:9)
    at _runTestsForDescribeBlock (C:\Users\Utilisateur\zod-reify\node_modules\.pnpm\jest-circus@29.7.0\node_modules\jest-circus\build\run.js:121:9)
    at _runTestsForDescribeBlock (C:\Users\Utilisateur\zod-reify\node_modules\.pnpm\jest-circus@29.7.0\node_modules\jest-circus\build\run.js:121:9)
    at run (C:\Users\Utilisateur\zod-reify\node_modules\.pnpm\jest-circus@29.7.0\node_modules\jest-circus\build\run.js:71:3)
    at runAndTransformResultsToJestFormat (C:\Users\Utilisateur\zod-reify\node_modules\.pnpm\jest-circus@29.7.0\node_modules\jest-circus\build\legacy-code-todo-rewrite\jestAdapterInit.js:122:21)
    at jestAdapter (C:\Users\Utilisateur\zod-reify\node_modules\.pnpm\jest-circus@29.7.0\node_modules\jest-circus\build\legacy-code-todo-rewrite\jestAdapter.js:79:19)
    at runTestInternal (C:\Users\Utilisateur\zod-reify\node_modules\.pnpm\jest-runner@29.7.0\node_modules\jest-runner\build\runTest.js:367:16)
    at runTest (C:\Users\Utilisateur\zod-reify\node_modules\.pnpm\jest-runner@29.7.0\node_modules\jest-runner\build\runTest.js:444:34)
    at Object.worker (C:\Users\Utilisateur\zod-reify\node_modules\.pnpm\jest-runner@29.7.0\node_modules\jest-runner\build\testWorker.js:106:12)</failure>
    </testcase>
    <testcase classname="Tests of the {@ZodSchemaReifier} reify() method against the zod parse method Test the reify() returns a zod schema which successfully parses the test TypeScript Object [{&quot;expect&quot;: true, &quot;name&quot;: &quot;Test #10ter: zodSchema10&quot;, &quot;testTsObjectToValidate&quot;: undefined, &quot;zodSchema&quot;: [ZodNullable], &quot;zodSchemaAsText&quot;: &quot;z
  .object({
    un: z.object({
      deux: z.object({
        trois: z.object({
          quatre: z.object({
            cinq: z.object({
              six: z.object({
                sept: z.string(),
              }),
            }),
          }),
        }),
      }),
    })
  })
  .strict().optional().nullable()&quot;}] successfully pass the zod parse test" name="Tests of the {@ZodSchemaReifier} reify() method against the zod parse method Test the reify() returns a zod schema which successfully parses the test TypeScript Object [{&quot;expect&quot;: true, &quot;name&quot;: &quot;Test #10ter: zodSchema10&quot;, &quot;testTsObjectToValidate&quot;: undefined, &quot;zodSchema&quot;: [ZodNullable], &quot;zodSchemaAsText&quot;: &quot;z
  .object({
    un: z.object({
      deux: z.object({
        trois: z.object({
          quatre: z.object({
            cinq: z.object({
              six: z.object({
                sept: z.string(),
              }),
            }),
          }),
        }),
      }),
    })
  })
  .strict().optional().nullable()&quot;}] successfully pass the zod parse test" time="1.078">
      <failure>TypeError: Converting circular structure to JSON
    --&gt; starting at object with constructor &apos;SourceFile&apos;
    --- property &apos;__sourceFile&apos; closes the circle
    at JSON.stringify (&lt;anonymous&gt;)
    at ZodSchemaReifier.reify (C:\Users\Utilisateur\zod-reify\src\reify\ZodSchemaReifier.ts:343:106)
    at C:\Users\Utilisateur\zod-reify\tests\reify\ZodSchemaReifier.test.ts:1704:25
    at Object.&lt;anonymous&gt; (C:\Users\Utilisateur\zod-reify\node_modules\.pnpm\jest-each@29.7.0\node_modules\jest-each\build\bind.js:81:13)
    at Promise.then.completed (C:\Users\Utilisateur\zod-reify\node_modules\.pnpm\jest-circus@29.7.0\node_modules\jest-circus\build\utils.js:298:28)
    at new Promise (&lt;anonymous&gt;)
    at callAsyncCircusFn (C:\Users\Utilisateur\zod-reify\node_modules\.pnpm\jest-circus@29.7.0\node_modules\jest-circus\build\utils.js:231:10)
    at _callCircusTest (C:\Users\Utilisateur\zod-reify\node_modules\.pnpm\jest-circus@29.7.0\node_modules\jest-circus\build\run.js:316:40)
    at processTicksAndRejections (node:internal/process/task_queues:95:5)
    at _runTest (C:\Users\Utilisateur\zod-reify\node_modules\.pnpm\jest-circus@29.7.0\node_modules\jest-circus\build\run.js:252:3)
    at _runTestsForDescribeBlock (C:\Users\Utilisateur\zod-reify\node_modules\.pnpm\jest-circus@29.7.0\node_modules\jest-circus\build\run.js:126:9)
    at _runTestsForDescribeBlock (C:\Users\Utilisateur\zod-reify\node_modules\.pnpm\jest-circus@29.7.0\node_modules\jest-circus\build\run.js:121:9)
    at _runTestsForDescribeBlock (C:\Users\Utilisateur\zod-reify\node_modules\.pnpm\jest-circus@29.7.0\node_modules\jest-circus\build\run.js:121:9)
    at run (C:\Users\Utilisateur\zod-reify\node_modules\.pnpm\jest-circus@29.7.0\node_modules\jest-circus\build\run.js:71:3)
    at runAndTransformResultsToJestFormat (C:\Users\Utilisateur\zod-reify\node_modules\.pnpm\jest-circus@29.7.0\node_modules\jest-circus\build\legacy-code-todo-rewrite\jestAdapterInit.js:122:21)
    at jestAdapter (C:\Users\Utilisateur\zod-reify\node_modules\.pnpm\jest-circus@29.7.0\node_modules\jest-circus\build\legacy-code-todo-rewrite\jestAdapter.js:79:19)
    at runTestInternal (C:\Users\Utilisateur\zod-reify\node_modules\.pnpm\jest-runner@29.7.0\node_modules\jest-runner\build\runTest.js:367:16)
    at runTest (C:\Users\Utilisateur\zod-reify\node_modules\.pnpm\jest-runner@29.7.0\node_modules\jest-runner\build\runTest.js:444:34)
    at Object.worker (C:\Users\Utilisateur\zod-reify\node_modules\.pnpm\jest-runner@29.7.0\node_modules\jest-runner\build\testWorker.js:106:12)</failure>
    </testcase>
    <testcase classname="Tests of the {@ZodSchemaReifier} reify() method against the zod parse method Test the reify() returns a zod schema which successfully parses the test TypeScript Object [{&quot;expect&quot;: true, &quot;name&quot;: &quot;Test #11: zodSchema11, https://zod.dev/?id=datetimes&quot;, &quot;testTsObjectToValidate&quot;: &quot;2020-01-01T00:00:00Z&quot;, &quot;zodSchema&quot;: [ZodString], &quot;zodSchemaAsText&quot;: &quot;z.string().datetime()&quot;}] successfully pass the zod parse test" name="Tests of the {@ZodSchemaReifier} reify() method against the zod parse method Test the reify() returns a zod schema which successfully parses the test TypeScript Object [{&quot;expect&quot;: true, &quot;name&quot;: &quot;Test #11: zodSchema11, https://zod.dev/?id=datetimes&quot;, &quot;testTsObjectToValidate&quot;: &quot;2020-01-01T00:00:00Z&quot;, &quot;zodSchema&quot;: [ZodString], &quot;zodSchemaAsText&quot;: &quot;z.string().datetime()&quot;}] successfully pass the zod parse test" time="0.914">
      <failure>TypeError: Converting circular structure to JSON
    --&gt; starting at object with constructor &apos;SourceFile&apos;
    --- property &apos;__sourceFile&apos; closes the circle
    at JSON.stringify (&lt;anonymous&gt;)
    at ZodSchemaReifier.reify (C:\Users\Utilisateur\zod-reify\src\reify\ZodSchemaReifier.ts:343:106)
    at C:\Users\Utilisateur\zod-reify\tests\reify\ZodSchemaReifier.test.ts:1704:25
    at Object.&lt;anonymous&gt; (C:\Users\Utilisateur\zod-reify\node_modules\.pnpm\jest-each@29.7.0\node_modules\jest-each\build\bind.js:81:13)
    at Promise.then.completed (C:\Users\Utilisateur\zod-reify\node_modules\.pnpm\jest-circus@29.7.0\node_modules\jest-circus\build\utils.js:298:28)
    at new Promise (&lt;anonymous&gt;)
    at callAsyncCircusFn (C:\Users\Utilisateur\zod-reify\node_modules\.pnpm\jest-circus@29.7.0\node_modules\jest-circus\build\utils.js:231:10)
    at _callCircusTest (C:\Users\Utilisateur\zod-reify\node_modules\.pnpm\jest-circus@29.7.0\node_modules\jest-circus\build\run.js:316:40)
    at processTicksAndRejections (node:internal/process/task_queues:95:5)
    at _runTest (C:\Users\Utilisateur\zod-reify\node_modules\.pnpm\jest-circus@29.7.0\node_modules\jest-circus\build\run.js:252:3)
    at _runTestsForDescribeBlock (C:\Users\Utilisateur\zod-reify\node_modules\.pnpm\jest-circus@29.7.0\node_modules\jest-circus\build\run.js:126:9)
    at _runTestsForDescribeBlock (C:\Users\Utilisateur\zod-reify\node_modules\.pnpm\jest-circus@29.7.0\node_modules\jest-circus\build\run.js:121:9)
    at _runTestsForDescribeBlock (C:\Users\Utilisateur\zod-reify\node_modules\.pnpm\jest-circus@29.7.0\node_modules\jest-circus\build\run.js:121:9)
    at run (C:\Users\Utilisateur\zod-reify\node_modules\.pnpm\jest-circus@29.7.0\node_modules\jest-circus\build\run.js:71:3)
    at runAndTransformResultsToJestFormat (C:\Users\Utilisateur\zod-reify\node_modules\.pnpm\jest-circus@29.7.0\node_modules\jest-circus\build\legacy-code-todo-rewrite\jestAdapterInit.js:122:21)
    at jestAdapter (C:\Users\Utilisateur\zod-reify\node_modules\.pnpm\jest-circus@29.7.0\node_modules\jest-circus\build\legacy-code-todo-rewrite\jestAdapter.js:79:19)
    at runTestInternal (C:\Users\Utilisateur\zod-reify\node_modules\.pnpm\jest-runner@29.7.0\node_modules\jest-runner\build\runTest.js:367:16)
    at runTest (C:\Users\Utilisateur\zod-reify\node_modules\.pnpm\jest-runner@29.7.0\node_modules\jest-runner\build\runTest.js:444:34)
    at Object.worker (C:\Users\Utilisateur\zod-reify\node_modules\.pnpm\jest-runner@29.7.0\node_modules\jest-runner\build\testWorker.js:106:12)</failure>
    </testcase>
    <testcase classname="Tests of the {@ZodSchemaReifier} reify() method against the zod parse method Test the reify() returns a zod schema which successfully parses the test TypeScript Object [{&quot;expect&quot;: true, &quot;name&quot;: &quot;Test #11bis: zodSchema11, https://zod.dev/?id=datetimes&quot;, &quot;testTsObjectToValidate&quot;: &quot;2020-01-01T00:00:00.123Z&quot;, &quot;zodSchema&quot;: [ZodString], &quot;zodSchemaAsText&quot;: &quot;z.string().datetime()&quot;}] successfully pass the zod parse test" name="Tests of the {@ZodSchemaReifier} reify() method against the zod parse method Test the reify() returns a zod schema which successfully parses the test TypeScript Object [{&quot;expect&quot;: true, &quot;name&quot;: &quot;Test #11bis: zodSchema11, https://zod.dev/?id=datetimes&quot;, &quot;testTsObjectToValidate&quot;: &quot;2020-01-01T00:00:00.123Z&quot;, &quot;zodSchema&quot;: [ZodString], &quot;zodSchemaAsText&quot;: &quot;z.string().datetime()&quot;}] successfully pass the zod parse test" time="0.946">
      <failure>TypeError: Converting circular structure to JSON
    --&gt; starting at object with constructor &apos;SourceFile&apos;
    --- property &apos;__sourceFile&apos; closes the circle
    at JSON.stringify (&lt;anonymous&gt;)
    at ZodSchemaReifier.reify (C:\Users\Utilisateur\zod-reify\src\reify\ZodSchemaReifier.ts:343:106)
    at C:\Users\Utilisateur\zod-reify\tests\reify\ZodSchemaReifier.test.ts:1704:25
    at Object.&lt;anonymous&gt; (C:\Users\Utilisateur\zod-reify\node_modules\.pnpm\jest-each@29.7.0\node_modules\jest-each\build\bind.js:81:13)
    at Promise.then.completed (C:\Users\Utilisateur\zod-reify\node_modules\.pnpm\jest-circus@29.7.0\node_modules\jest-circus\build\utils.js:298:28)
    at new Promise (&lt;anonymous&gt;)
    at callAsyncCircusFn (C:\Users\Utilisateur\zod-reify\node_modules\.pnpm\jest-circus@29.7.0\node_modules\jest-circus\build\utils.js:231:10)
    at _callCircusTest (C:\Users\Utilisateur\zod-reify\node_modules\.pnpm\jest-circus@29.7.0\node_modules\jest-circus\build\run.js:316:40)
    at processTicksAndRejections (node:internal/process/task_queues:95:5)
    at _runTest (C:\Users\Utilisateur\zod-reify\node_modules\.pnpm\jest-circus@29.7.0\node_modules\jest-circus\build\run.js:252:3)
    at _runTestsForDescribeBlock (C:\Users\Utilisateur\zod-reify\node_modules\.pnpm\jest-circus@29.7.0\node_modules\jest-circus\build\run.js:126:9)
    at _runTestsForDescribeBlock (C:\Users\Utilisateur\zod-reify\node_modules\.pnpm\jest-circus@29.7.0\node_modules\jest-circus\build\run.js:121:9)
    at _runTestsForDescribeBlock (C:\Users\Utilisateur\zod-reify\node_modules\.pnpm\jest-circus@29.7.0\node_modules\jest-circus\build\run.js:121:9)
    at run (C:\Users\Utilisateur\zod-reify\node_modules\.pnpm\jest-circus@29.7.0\node_modules\jest-circus\build\run.js:71:3)
    at runAndTransformResultsToJestFormat (C:\Users\Utilisateur\zod-reify\node_modules\.pnpm\jest-circus@29.7.0\node_modules\jest-circus\build\legacy-code-todo-rewrite\jestAdapterInit.js:122:21)
    at jestAdapter (C:\Users\Utilisateur\zod-reify\node_modules\.pnpm\jest-circus@29.7.0\node_modules\jest-circus\build\legacy-code-todo-rewrite\jestAdapter.js:79:19)
    at runTestInternal (C:\Users\Utilisateur\zod-reify\node_modules\.pnpm\jest-runner@29.7.0\node_modules\jest-runner\build\runTest.js:367:16)
    at runTest (C:\Users\Utilisateur\zod-reify\node_modules\.pnpm\jest-runner@29.7.0\node_modules\jest-runner\build\runTest.js:444:34)
    at Object.worker (C:\Users\Utilisateur\zod-reify\node_modules\.pnpm\jest-runner@29.7.0\node_modules\jest-runner\build\testWorker.js:106:12)</failure>
    </testcase>
    <testcase classname="Tests of the {@ZodSchemaReifier} reify() method against the zod parse method Test the reify() returns a zod schema which successfully parses the test TypeScript Object [{&quot;expect&quot;: true, &quot;name&quot;: &quot;Test #11ter: zodSchema11, https://zod.dev/?id=datetimes&quot;, &quot;testTsObjectToValidate&quot;: &quot;2020-01-01T00:00:00.123456Z&quot;, &quot;zodSchema&quot;: [ZodString], &quot;zodSchemaAsText&quot;: &quot;z.string().datetime()&quot;}] successfully pass the zod parse test" name="Tests of the {@ZodSchemaReifier} reify() method against the zod parse method Test the reify() returns a zod schema which successfully parses the test TypeScript Object [{&quot;expect&quot;: true, &quot;name&quot;: &quot;Test #11ter: zodSchema11, https://zod.dev/?id=datetimes&quot;, &quot;testTsObjectToValidate&quot;: &quot;2020-01-01T00:00:00.123456Z&quot;, &quot;zodSchema&quot;: [ZodString], &quot;zodSchemaAsText&quot;: &quot;z.string().datetime()&quot;}] successfully pass the zod parse test" time="0.93">
      <failure>TypeError: Converting circular structure to JSON
    --&gt; starting at object with constructor &apos;SourceFile&apos;
    --- property &apos;__sourceFile&apos; closes the circle
    at JSON.stringify (&lt;anonymous&gt;)
    at ZodSchemaReifier.reify (C:\Users\Utilisateur\zod-reify\src\reify\ZodSchemaReifier.ts:343:106)
    at C:\Users\Utilisateur\zod-reify\tests\reify\ZodSchemaReifier.test.ts:1704:25
    at Object.&lt;anonymous&gt; (C:\Users\Utilisateur\zod-reify\node_modules\.pnpm\jest-each@29.7.0\node_modules\jest-each\build\bind.js:81:13)
    at Promise.then.completed (C:\Users\Utilisateur\zod-reify\node_modules\.pnpm\jest-circus@29.7.0\node_modules\jest-circus\build\utils.js:298:28)
    at new Promise (&lt;anonymous&gt;)
    at callAsyncCircusFn (C:\Users\Utilisateur\zod-reify\node_modules\.pnpm\jest-circus@29.7.0\node_modules\jest-circus\build\utils.js:231:10)
    at _callCircusTest (C:\Users\Utilisateur\zod-reify\node_modules\.pnpm\jest-circus@29.7.0\node_modules\jest-circus\build\run.js:316:40)
    at processTicksAndRejections (node:internal/process/task_queues:95:5)
    at _runTest (C:\Users\Utilisateur\zod-reify\node_modules\.pnpm\jest-circus@29.7.0\node_modules\jest-circus\build\run.js:252:3)
    at _runTestsForDescribeBlock (C:\Users\Utilisateur\zod-reify\node_modules\.pnpm\jest-circus@29.7.0\node_modules\jest-circus\build\run.js:126:9)
    at _runTestsForDescribeBlock (C:\Users\Utilisateur\zod-reify\node_modules\.pnpm\jest-circus@29.7.0\node_modules\jest-circus\build\run.js:121:9)
    at _runTestsForDescribeBlock (C:\Users\Utilisateur\zod-reify\node_modules\.pnpm\jest-circus@29.7.0\node_modules\jest-circus\build\run.js:121:9)
    at run (C:\Users\Utilisateur\zod-reify\node_modules\.pnpm\jest-circus@29.7.0\node_modules\jest-circus\build\run.js:71:3)
    at runAndTransformResultsToJestFormat (C:\Users\Utilisateur\zod-reify\node_modules\.pnpm\jest-circus@29.7.0\node_modules\jest-circus\build\legacy-code-todo-rewrite\jestAdapterInit.js:122:21)
    at jestAdapter (C:\Users\Utilisateur\zod-reify\node_modules\.pnpm\jest-circus@29.7.0\node_modules\jest-circus\build\legacy-code-todo-rewrite\jestAdapter.js:79:19)
    at runTestInternal (C:\Users\Utilisateur\zod-reify\node_modules\.pnpm\jest-runner@29.7.0\node_modules\jest-runner\build\runTest.js:367:16)
    at runTest (C:\Users\Utilisateur\zod-reify\node_modules\.pnpm\jest-runner@29.7.0\node_modules\jest-runner\build\runTest.js:444:34)
    at Object.worker (C:\Users\Utilisateur\zod-reify\node_modules\.pnpm\jest-runner@29.7.0\node_modules\jest-runner\build\testWorker.js:106:12)</failure>
    </testcase>
    <testcase classname="Tests of the {@ZodSchemaReifier} reify() method against the zod parse method Test the reify() returns a zod schema which successfully parses the test TypeScript Object [{&quot;expect&quot;: false, &quot;name&quot;: &quot;Test #11quarte: zodSchema11, https://zod.dev/?id=datetimes&quot;, &quot;testTsObjectToValidate&quot;: &quot;2020-01-01T00:00:00+02:00&quot;, &quot;zodSchema&quot;: [ZodString], &quot;zodSchemaAsText&quot;: &quot;z.string().datetime()&quot;}] successfully pass the zod parse test" name="Tests of the {@ZodSchemaReifier} reify() method against the zod parse method Test the reify() returns a zod schema which successfully parses the test TypeScript Object [{&quot;expect&quot;: false, &quot;name&quot;: &quot;Test #11quarte: zodSchema11, https://zod.dev/?id=datetimes&quot;, &quot;testTsObjectToValidate&quot;: &quot;2020-01-01T00:00:00+02:00&quot;, &quot;zodSchema&quot;: [ZodString], &quot;zodSchemaAsText&quot;: &quot;z.string().datetime()&quot;}] successfully pass the zod parse test" time="1.039">
      <failure>TypeError: Converting circular structure to JSON
    --&gt; starting at object with constructor &apos;SourceFile&apos;
    --- property &apos;__sourceFile&apos; closes the circle
    at JSON.stringify (&lt;anonymous&gt;)
    at ZodSchemaReifier.reify (C:\Users\Utilisateur\zod-reify\src\reify\ZodSchemaReifier.ts:343:106)
    at C:\Users\Utilisateur\zod-reify\tests\reify\ZodSchemaReifier.test.ts:1704:25
    at Object.&lt;anonymous&gt; (C:\Users\Utilisateur\zod-reify\node_modules\.pnpm\jest-each@29.7.0\node_modules\jest-each\build\bind.js:81:13)
    at Promise.then.completed (C:\Users\Utilisateur\zod-reify\node_modules\.pnpm\jest-circus@29.7.0\node_modules\jest-circus\build\utils.js:298:28)
    at new Promise (&lt;anonymous&gt;)
    at callAsyncCircusFn (C:\Users\Utilisateur\zod-reify\node_modules\.pnpm\jest-circus@29.7.0\node_modules\jest-circus\build\utils.js:231:10)
    at _callCircusTest (C:\Users\Utilisateur\zod-reify\node_modules\.pnpm\jest-circus@29.7.0\node_modules\jest-circus\build\run.js:316:40)
    at processTicksAndRejections (node:internal/process/task_queues:95:5)
    at _runTest (C:\Users\Utilisateur\zod-reify\node_modules\.pnpm\jest-circus@29.7.0\node_modules\jest-circus\build\run.js:252:3)
    at _runTestsForDescribeBlock (C:\Users\Utilisateur\zod-reify\node_modules\.pnpm\jest-circus@29.7.0\node_modules\jest-circus\build\run.js:126:9)
    at _runTestsForDescribeBlock (C:\Users\Utilisateur\zod-reify\node_modules\.pnpm\jest-circus@29.7.0\node_modules\jest-circus\build\run.js:121:9)
    at _runTestsForDescribeBlock (C:\Users\Utilisateur\zod-reify\node_modules\.pnpm\jest-circus@29.7.0\node_modules\jest-circus\build\run.js:121:9)
    at run (C:\Users\Utilisateur\zod-reify\node_modules\.pnpm\jest-circus@29.7.0\node_modules\jest-circus\build\run.js:71:3)
    at runAndTransformResultsToJestFormat (C:\Users\Utilisateur\zod-reify\node_modules\.pnpm\jest-circus@29.7.0\node_modules\jest-circus\build\legacy-code-todo-rewrite\jestAdapterInit.js:122:21)
    at jestAdapter (C:\Users\Utilisateur\zod-reify\node_modules\.pnpm\jest-circus@29.7.0\node_modules\jest-circus\build\legacy-code-todo-rewrite\jestAdapter.js:79:19)
    at runTestInternal (C:\Users\Utilisateur\zod-reify\node_modules\.pnpm\jest-runner@29.7.0\node_modules\jest-runner\build\runTest.js:367:16)
    at runTest (C:\Users\Utilisateur\zod-reify\node_modules\.pnpm\jest-runner@29.7.0\node_modules\jest-runner\build\runTest.js:444:34)
    at Object.worker (C:\Users\Utilisateur\zod-reify\node_modules\.pnpm\jest-runner@29.7.0\node_modules\jest-runner\build\testWorker.js:106:12)</failure>
    </testcase>
    <testcase classname="Tests of the {@ZodSchemaReifier} reify() method against the zod parse method Test the reify() returns a zod schema which successfully parses the test TypeScript Object [{&quot;expect&quot;: true, &quot;name&quot;: &quot;Test #12: zodSchema12, https://zod.dev/?id=datetimes&quot;, &quot;testTsObjectToValidate&quot;: &quot;2020-01-01T00:00:00+02:00&quot;, &quot;zodSchema&quot;: [ZodString], &quot;zodSchemaAsText&quot;: &quot;z.string().datetime({ offset: true });&quot;}] successfully pass the zod parse test" name="Tests of the {@ZodSchemaReifier} reify() method against the zod parse method Test the reify() returns a zod schema which successfully parses the test TypeScript Object [{&quot;expect&quot;: true, &quot;name&quot;: &quot;Test #12: zodSchema12, https://zod.dev/?id=datetimes&quot;, &quot;testTsObjectToValidate&quot;: &quot;2020-01-01T00:00:00+02:00&quot;, &quot;zodSchema&quot;: [ZodString], &quot;zodSchemaAsText&quot;: &quot;z.string().datetime({ offset: true });&quot;}] successfully pass the zod parse test" time="0.945">
      <failure>TypeError: Converting circular structure to JSON
    --&gt; starting at object with constructor &apos;SourceFile&apos;
    --- property &apos;__sourceFile&apos; closes the circle
    at JSON.stringify (&lt;anonymous&gt;)
    at ZodSchemaReifier.reify (C:\Users\Utilisateur\zod-reify\src\reify\ZodSchemaReifier.ts:343:106)
    at C:\Users\Utilisateur\zod-reify\tests\reify\ZodSchemaReifier.test.ts:1704:25
    at Object.&lt;anonymous&gt; (C:\Users\Utilisateur\zod-reify\node_modules\.pnpm\jest-each@29.7.0\node_modules\jest-each\build\bind.js:81:13)
    at Promise.then.completed (C:\Users\Utilisateur\zod-reify\node_modules\.pnpm\jest-circus@29.7.0\node_modules\jest-circus\build\utils.js:298:28)
    at new Promise (&lt;anonymous&gt;)
    at callAsyncCircusFn (C:\Users\Utilisateur\zod-reify\node_modules\.pnpm\jest-circus@29.7.0\node_modules\jest-circus\build\utils.js:231:10)
    at _callCircusTest (C:\Users\Utilisateur\zod-reify\node_modules\.pnpm\jest-circus@29.7.0\node_modules\jest-circus\build\run.js:316:40)
    at processTicksAndRejections (node:internal/process/task_queues:95:5)
    at _runTest (C:\Users\Utilisateur\zod-reify\node_modules\.pnpm\jest-circus@29.7.0\node_modules\jest-circus\build\run.js:252:3)
    at _runTestsForDescribeBlock (C:\Users\Utilisateur\zod-reify\node_modules\.pnpm\jest-circus@29.7.0\node_modules\jest-circus\build\run.js:126:9)
    at _runTestsForDescribeBlock (C:\Users\Utilisateur\zod-reify\node_modules\.pnpm\jest-circus@29.7.0\node_modules\jest-circus\build\run.js:121:9)
    at _runTestsForDescribeBlock (C:\Users\Utilisateur\zod-reify\node_modules\.pnpm\jest-circus@29.7.0\node_modules\jest-circus\build\run.js:121:9)
    at run (C:\Users\Utilisateur\zod-reify\node_modules\.pnpm\jest-circus@29.7.0\node_modules\jest-circus\build\run.js:71:3)
    at runAndTransformResultsToJestFormat (C:\Users\Utilisateur\zod-reify\node_modules\.pnpm\jest-circus@29.7.0\node_modules\jest-circus\build\legacy-code-todo-rewrite\jestAdapterInit.js:122:21)
    at jestAdapter (C:\Users\Utilisateur\zod-reify\node_modules\.pnpm\jest-circus@29.7.0\node_modules\jest-circus\build\legacy-code-todo-rewrite\jestAdapter.js:79:19)
    at runTestInternal (C:\Users\Utilisateur\zod-reify\node_modules\.pnpm\jest-runner@29.7.0\node_modules\jest-runner\build\runTest.js:367:16)
    at runTest (C:\Users\Utilisateur\zod-reify\node_modules\.pnpm\jest-runner@29.7.0\node_modules\jest-runner\build\runTest.js:444:34)
    at Object.worker (C:\Users\Utilisateur\zod-reify\node_modules\.pnpm\jest-runner@29.7.0\node_modules\jest-runner\build\testWorker.js:106:12)</failure>
    </testcase>
    <testcase classname="Tests of the {@ZodSchemaReifier} reify() method against the zod parse method Test the reify() returns a zod schema which successfully parses the test TypeScript Object [{&quot;expect&quot;: true, &quot;name&quot;: &quot;Test #12bis: zodSchema12, https://zod.dev/?id=datetimes&quot;, &quot;testTsObjectToValidate&quot;: &quot;2020-01-01T00:00:00.123+02:00&quot;, &quot;zodSchema&quot;: [ZodString], &quot;zodSchemaAsText&quot;: &quot;z.string().datetime({ offset: true });&quot;}] successfully pass the zod parse test" name="Tests of the {@ZodSchemaReifier} reify() method against the zod parse method Test the reify() returns a zod schema which successfully parses the test TypeScript Object [{&quot;expect&quot;: true, &quot;name&quot;: &quot;Test #12bis: zodSchema12, https://zod.dev/?id=datetimes&quot;, &quot;testTsObjectToValidate&quot;: &quot;2020-01-01T00:00:00.123+02:00&quot;, &quot;zodSchema&quot;: [ZodString], &quot;zodSchemaAsText&quot;: &quot;z.string().datetime({ offset: true });&quot;}] successfully pass the zod parse test" time="0.978">
      <failure>TypeError: Converting circular structure to JSON
    --&gt; starting at object with constructor &apos;SourceFile&apos;
    --- property &apos;__sourceFile&apos; closes the circle
    at JSON.stringify (&lt;anonymous&gt;)
    at ZodSchemaReifier.reify (C:\Users\Utilisateur\zod-reify\src\reify\ZodSchemaReifier.ts:343:106)
    at C:\Users\Utilisateur\zod-reify\tests\reify\ZodSchemaReifier.test.ts:1704:25
    at Object.&lt;anonymous&gt; (C:\Users\Utilisateur\zod-reify\node_modules\.pnpm\jest-each@29.7.0\node_modules\jest-each\build\bind.js:81:13)
    at Promise.then.completed (C:\Users\Utilisateur\zod-reify\node_modules\.pnpm\jest-circus@29.7.0\node_modules\jest-circus\build\utils.js:298:28)
    at new Promise (&lt;anonymous&gt;)
    at callAsyncCircusFn (C:\Users\Utilisateur\zod-reify\node_modules\.pnpm\jest-circus@29.7.0\node_modules\jest-circus\build\utils.js:231:10)
    at _callCircusTest (C:\Users\Utilisateur\zod-reify\node_modules\.pnpm\jest-circus@29.7.0\node_modules\jest-circus\build\run.js:316:40)
    at processTicksAndRejections (node:internal/process/task_queues:95:5)
    at _runTest (C:\Users\Utilisateur\zod-reify\node_modules\.pnpm\jest-circus@29.7.0\node_modules\jest-circus\build\run.js:252:3)
    at _runTestsForDescribeBlock (C:\Users\Utilisateur\zod-reify\node_modules\.pnpm\jest-circus@29.7.0\node_modules\jest-circus\build\run.js:126:9)
    at _runTestsForDescribeBlock (C:\Users\Utilisateur\zod-reify\node_modules\.pnpm\jest-circus@29.7.0\node_modules\jest-circus\build\run.js:121:9)
    at _runTestsForDescribeBlock (C:\Users\Utilisateur\zod-reify\node_modules\.pnpm\jest-circus@29.7.0\node_modules\jest-circus\build\run.js:121:9)
    at run (C:\Users\Utilisateur\zod-reify\node_modules\.pnpm\jest-circus@29.7.0\node_modules\jest-circus\build\run.js:71:3)
    at runAndTransformResultsToJestFormat (C:\Users\Utilisateur\zod-reify\node_modules\.pnpm\jest-circus@29.7.0\node_modules\jest-circus\build\legacy-code-todo-rewrite\jestAdapterInit.js:122:21)
    at jestAdapter (C:\Users\Utilisateur\zod-reify\node_modules\.pnpm\jest-circus@29.7.0\node_modules\jest-circus\build\legacy-code-todo-rewrite\jestAdapter.js:79:19)
    at runTestInternal (C:\Users\Utilisateur\zod-reify\node_modules\.pnpm\jest-runner@29.7.0\node_modules\jest-runner\build\runTest.js:367:16)
    at runTest (C:\Users\Utilisateur\zod-reify\node_modules\.pnpm\jest-runner@29.7.0\node_modules\jest-runner\build\runTest.js:444:34)
    at Object.worker (C:\Users\Utilisateur\zod-reify\node_modules\.pnpm\jest-runner@29.7.0\node_modules\jest-runner\build\testWorker.js:106:12)</failure>
    </testcase>
    <testcase classname="Tests of the {@ZodSchemaReifier} reify() method against the zod parse method Test the reify() returns a zod schema which successfully parses the test TypeScript Object [{&quot;expect&quot;: true, &quot;name&quot;: &quot;Test #12ter: zodSchema12, https://zod.dev/?id=datetimes&quot;, &quot;testTsObjectToValidate&quot;: &quot;2020-01-01T00:00:00.123+0200&quot;, &quot;zodSchema&quot;: [ZodString], &quot;zodSchemaAsText&quot;: &quot;z.string().datetime({ offset: true });&quot;}] successfully pass the zod parse test" name="Tests of the {@ZodSchemaReifier} reify() method against the zod parse method Test the reify() returns a zod schema which successfully parses the test TypeScript Object [{&quot;expect&quot;: true, &quot;name&quot;: &quot;Test #12ter: zodSchema12, https://zod.dev/?id=datetimes&quot;, &quot;testTsObjectToValidate&quot;: &quot;2020-01-01T00:00:00.123+0200&quot;, &quot;zodSchema&quot;: [ZodString], &quot;zodSchemaAsText&quot;: &quot;z.string().datetime({ offset: true });&quot;}] successfully pass the zod parse test" time="1.067">
      <failure>TypeError: Converting circular structure to JSON
    --&gt; starting at object with constructor &apos;SourceFile&apos;
    --- property &apos;__sourceFile&apos; closes the circle
    at JSON.stringify (&lt;anonymous&gt;)
    at ZodSchemaReifier.reify (C:\Users\Utilisateur\zod-reify\src\reify\ZodSchemaReifier.ts:343:106)
    at C:\Users\Utilisateur\zod-reify\tests\reify\ZodSchemaReifier.test.ts:1704:25
    at Object.&lt;anonymous&gt; (C:\Users\Utilisateur\zod-reify\node_modules\.pnpm\jest-each@29.7.0\node_modules\jest-each\build\bind.js:81:13)
    at Promise.then.completed (C:\Users\Utilisateur\zod-reify\node_modules\.pnpm\jest-circus@29.7.0\node_modules\jest-circus\build\utils.js:298:28)
    at new Promise (&lt;anonymous&gt;)
    at callAsyncCircusFn (C:\Users\Utilisateur\zod-reify\node_modules\.pnpm\jest-circus@29.7.0\node_modules\jest-circus\build\utils.js:231:10)
    at _callCircusTest (C:\Users\Utilisateur\zod-reify\node_modules\.pnpm\jest-circus@29.7.0\node_modules\jest-circus\build\run.js:316:40)
    at processTicksAndRejections (node:internal/process/task_queues:95:5)
    at _runTest (C:\Users\Utilisateur\zod-reify\node_modules\.pnpm\jest-circus@29.7.0\node_modules\jest-circus\build\run.js:252:3)
    at _runTestsForDescribeBlock (C:\Users\Utilisateur\zod-reify\node_modules\.pnpm\jest-circus@29.7.0\node_modules\jest-circus\build\run.js:126:9)
    at _runTestsForDescribeBlock (C:\Users\Utilisateur\zod-reify\node_modules\.pnpm\jest-circus@29.7.0\node_modules\jest-circus\build\run.js:121:9)
    at _runTestsForDescribeBlock (C:\Users\Utilisateur\zod-reify\node_modules\.pnpm\jest-circus@29.7.0\node_modules\jest-circus\build\run.js:121:9)
    at run (C:\Users\Utilisateur\zod-reify\node_modules\.pnpm\jest-circus@29.7.0\node_modules\jest-circus\build\run.js:71:3)
    at runAndTransformResultsToJestFormat (C:\Users\Utilisateur\zod-reify\node_modules\.pnpm\jest-circus@29.7.0\node_modules\jest-circus\build\legacy-code-todo-rewrite\jestAdapterInit.js:122:21)
    at jestAdapter (C:\Users\Utilisateur\zod-reify\node_modules\.pnpm\jest-circus@29.7.0\node_modules\jest-circus\build\legacy-code-todo-rewrite\jestAdapter.js:79:19)
    at runTestInternal (C:\Users\Utilisateur\zod-reify\node_modules\.pnpm\jest-runner@29.7.0\node_modules\jest-runner\build\runTest.js:367:16)
    at runTest (C:\Users\Utilisateur\zod-reify\node_modules\.pnpm\jest-runner@29.7.0\node_modules\jest-runner\build\runTest.js:444:34)
    at Object.worker (C:\Users\Utilisateur\zod-reify\node_modules\.pnpm\jest-runner@29.7.0\node_modules\jest-runner\build\testWorker.js:106:12)</failure>
    </testcase>
    <testcase classname="Tests of the {@ZodSchemaReifier} reify() method against the zod parse method Test the reify() returns a zod schema which successfully parses the test TypeScript Object [{&quot;expect&quot;: true, &quot;name&quot;: &quot;Test #12quarte: zodSchema12, https://zod.dev/?id=datetimes&quot;, &quot;testTsObjectToValidate&quot;: &quot;2020-01-01T00:00:00.123+02&quot;, &quot;zodSchema&quot;: [ZodString], &quot;zodSchemaAsText&quot;: &quot;z.string().datetime({ offset: true });&quot;}] successfully pass the zod parse test" name="Tests of the {@ZodSchemaReifier} reify() method against the zod parse method Test the reify() returns a zod schema which successfully parses the test TypeScript Object [{&quot;expect&quot;: true, &quot;name&quot;: &quot;Test #12quarte: zodSchema12, https://zod.dev/?id=datetimes&quot;, &quot;testTsObjectToValidate&quot;: &quot;2020-01-01T00:00:00.123+02&quot;, &quot;zodSchema&quot;: [ZodString], &quot;zodSchemaAsText&quot;: &quot;z.string().datetime({ offset: true });&quot;}] successfully pass the zod parse test" time="0.942">
      <failure>TypeError: Converting circular structure to JSON
    --&gt; starting at object with constructor &apos;SourceFile&apos;
    --- property &apos;__sourceFile&apos; closes the circle
    at JSON.stringify (&lt;anonymous&gt;)
    at ZodSchemaReifier.reify (C:\Users\Utilisateur\zod-reify\src\reify\ZodSchemaReifier.ts:343:106)
    at C:\Users\Utilisateur\zod-reify\tests\reify\ZodSchemaReifier.test.ts:1704:25
    at Object.&lt;anonymous&gt; (C:\Users\Utilisateur\zod-reify\node_modules\.pnpm\jest-each@29.7.0\node_modules\jest-each\build\bind.js:81:13)
    at Promise.then.completed (C:\Users\Utilisateur\zod-reify\node_modules\.pnpm\jest-circus@29.7.0\node_modules\jest-circus\build\utils.js:298:28)
    at new Promise (&lt;anonymous&gt;)
    at callAsyncCircusFn (C:\Users\Utilisateur\zod-reify\node_modules\.pnpm\jest-circus@29.7.0\node_modules\jest-circus\build\utils.js:231:10)
    at _callCircusTest (C:\Users\Utilisateur\zod-reify\node_modules\.pnpm\jest-circus@29.7.0\node_modules\jest-circus\build\run.js:316:40)
    at processTicksAndRejections (node:internal/process/task_queues:95:5)
    at _runTest (C:\Users\Utilisateur\zod-reify\node_modules\.pnpm\jest-circus@29.7.0\node_modules\jest-circus\build\run.js:252:3)
    at _runTestsForDescribeBlock (C:\Users\Utilisateur\zod-reify\node_modules\.pnpm\jest-circus@29.7.0\node_modules\jest-circus\build\run.js:126:9)
    at _runTestsForDescribeBlock (C:\Users\Utilisateur\zod-reify\node_modules\.pnpm\jest-circus@29.7.0\node_modules\jest-circus\build\run.js:121:9)
    at _runTestsForDescribeBlock (C:\Users\Utilisateur\zod-reify\node_modules\.pnpm\jest-circus@29.7.0\node_modules\jest-circus\build\run.js:121:9)
    at run (C:\Users\Utilisateur\zod-reify\node_modules\.pnpm\jest-circus@29.7.0\node_modules\jest-circus\build\run.js:71:3)
    at runAndTransformResultsToJestFormat (C:\Users\Utilisateur\zod-reify\node_modules\.pnpm\jest-circus@29.7.0\node_modules\jest-circus\build\legacy-code-todo-rewrite\jestAdapterInit.js:122:21)
    at jestAdapter (C:\Users\Utilisateur\zod-reify\node_modules\.pnpm\jest-circus@29.7.0\node_modules\jest-circus\build\legacy-code-todo-rewrite\jestAdapter.js:79:19)
    at runTestInternal (C:\Users\Utilisateur\zod-reify\node_modules\.pnpm\jest-runner@29.7.0\node_modules\jest-runner\build\runTest.js:367:16)
    at runTest (C:\Users\Utilisateur\zod-reify\node_modules\.pnpm\jest-runner@29.7.0\node_modules\jest-runner\build\runTest.js:444:34)
    at Object.worker (C:\Users\Utilisateur\zod-reify\node_modules\.pnpm\jest-runner@29.7.0\node_modules\jest-runner\build\testWorker.js:106:12)</failure>
    </testcase>
    <testcase classname="Tests of the {@ZodSchemaReifier} reify() method against the zod parse method Test the reify() returns a zod schema which successfully parses the test TypeScript Object [{&quot;expect&quot;: true, &quot;name&quot;: &quot;Test #13: zodSchema13, https://zod.dev/?id=datetimes&quot;, &quot;testTsObjectToValidate&quot;: &quot;2020-01-01T00:00:00.123Z&quot;, &quot;zodSchema&quot;: [ZodString], &quot;zodSchemaAsText&quot;: &quot;z.string().datetime({ precision: 3 });&quot;}] successfully pass the zod parse test" name="Tests of the {@ZodSchemaReifier} reify() method against the zod parse method Test the reify() returns a zod schema which successfully parses the test TypeScript Object [{&quot;expect&quot;: true, &quot;name&quot;: &quot;Test #13: zodSchema13, https://zod.dev/?id=datetimes&quot;, &quot;testTsObjectToValidate&quot;: &quot;2020-01-01T00:00:00.123Z&quot;, &quot;zodSchema&quot;: [ZodString], &quot;zodSchemaAsText&quot;: &quot;z.string().datetime({ precision: 3 });&quot;}] successfully pass the zod parse test" time="0.983">
      <failure>TypeError: Converting circular structure to JSON
    --&gt; starting at object with constructor &apos;SourceFile&apos;
    --- property &apos;__sourceFile&apos; closes the circle
    at JSON.stringify (&lt;anonymous&gt;)
    at ZodSchemaReifier.reify (C:\Users\Utilisateur\zod-reify\src\reify\ZodSchemaReifier.ts:343:106)
    at C:\Users\Utilisateur\zod-reify\tests\reify\ZodSchemaReifier.test.ts:1704:25
    at Object.&lt;anonymous&gt; (C:\Users\Utilisateur\zod-reify\node_modules\.pnpm\jest-each@29.7.0\node_modules\jest-each\build\bind.js:81:13)
    at Promise.then.completed (C:\Users\Utilisateur\zod-reify\node_modules\.pnpm\jest-circus@29.7.0\node_modules\jest-circus\build\utils.js:298:28)
    at new Promise (&lt;anonymous&gt;)
    at callAsyncCircusFn (C:\Users\Utilisateur\zod-reify\node_modules\.pnpm\jest-circus@29.7.0\node_modules\jest-circus\build\utils.js:231:10)
    at _callCircusTest (C:\Users\Utilisateur\zod-reify\node_modules\.pnpm\jest-circus@29.7.0\node_modules\jest-circus\build\run.js:316:40)
    at processTicksAndRejections (node:internal/process/task_queues:95:5)
    at _runTest (C:\Users\Utilisateur\zod-reify\node_modules\.pnpm\jest-circus@29.7.0\node_modules\jest-circus\build\run.js:252:3)
    at _runTestsForDescribeBlock (C:\Users\Utilisateur\zod-reify\node_modules\.pnpm\jest-circus@29.7.0\node_modules\jest-circus\build\run.js:126:9)
    at _runTestsForDescribeBlock (C:\Users\Utilisateur\zod-reify\node_modules\.pnpm\jest-circus@29.7.0\node_modules\jest-circus\build\run.js:121:9)
    at _runTestsForDescribeBlock (C:\Users\Utilisateur\zod-reify\node_modules\.pnpm\jest-circus@29.7.0\node_modules\jest-circus\build\run.js:121:9)
    at run (C:\Users\Utilisateur\zod-reify\node_modules\.pnpm\jest-circus@29.7.0\node_modules\jest-circus\build\run.js:71:3)
    at runAndTransformResultsToJestFormat (C:\Users\Utilisateur\zod-reify\node_modules\.pnpm\jest-circus@29.7.0\node_modules\jest-circus\build\legacy-code-todo-rewrite\jestAdapterInit.js:122:21)
    at jestAdapter (C:\Users\Utilisateur\zod-reify\node_modules\.pnpm\jest-circus@29.7.0\node_modules\jest-circus\build\legacy-code-todo-rewrite\jestAdapter.js:79:19)
    at runTestInternal (C:\Users\Utilisateur\zod-reify\node_modules\.pnpm\jest-runner@29.7.0\node_modules\jest-runner\build\runTest.js:367:16)
    at runTest (C:\Users\Utilisateur\zod-reify\node_modules\.pnpm\jest-runner@29.7.0\node_modules\jest-runner\build\runTest.js:444:34)
    at Object.worker (C:\Users\Utilisateur\zod-reify\node_modules\.pnpm\jest-runner@29.7.0\node_modules\jest-runner\build\testWorker.js:106:12)</failure>
    </testcase>
    <testcase classname="Tests of the {@ZodSchemaReifier} reify() method against the zod parse method Test the reify() returns a zod schema which successfully parses the test TypeScript Object [{&quot;expect&quot;: false, &quot;name&quot;: &quot;Test #13bis: zodSchema13, https://zod.dev/?id=datetimes&quot;, &quot;testTsObjectToValidate&quot;: &quot;2020-01-01T00:00:00Z&quot;, &quot;zodSchema&quot;: [ZodString], &quot;zodSchemaAsText&quot;: &quot;z.string().datetime({ precision: 3 });&quot;}] successfully pass the zod parse test" name="Tests of the {@ZodSchemaReifier} reify() method against the zod parse method Test the reify() returns a zod schema which successfully parses the test TypeScript Object [{&quot;expect&quot;: false, &quot;name&quot;: &quot;Test #13bis: zodSchema13, https://zod.dev/?id=datetimes&quot;, &quot;testTsObjectToValidate&quot;: &quot;2020-01-01T00:00:00Z&quot;, &quot;zodSchema&quot;: [ZodString], &quot;zodSchemaAsText&quot;: &quot;z.string().datetime({ precision: 3 });&quot;}] successfully pass the zod parse test" time="0.954">
      <failure>TypeError: Converting circular structure to JSON
    --&gt; starting at object with constructor &apos;SourceFile&apos;
    --- property &apos;__sourceFile&apos; closes the circle
    at JSON.stringify (&lt;anonymous&gt;)
    at ZodSchemaReifier.reify (C:\Users\Utilisateur\zod-reify\src\reify\ZodSchemaReifier.ts:343:106)
    at C:\Users\Utilisateur\zod-reify\tests\reify\ZodSchemaReifier.test.ts:1704:25
    at Object.&lt;anonymous&gt; (C:\Users\Utilisateur\zod-reify\node_modules\.pnpm\jest-each@29.7.0\node_modules\jest-each\build\bind.js:81:13)
    at Promise.then.completed (C:\Users\Utilisateur\zod-reify\node_modules\.pnpm\jest-circus@29.7.0\node_modules\jest-circus\build\utils.js:298:28)
    at new Promise (&lt;anonymous&gt;)
    at callAsyncCircusFn (C:\Users\Utilisateur\zod-reify\node_modules\.pnpm\jest-circus@29.7.0\node_modules\jest-circus\build\utils.js:231:10)
    at _callCircusTest (C:\Users\Utilisateur\zod-reify\node_modules\.pnpm\jest-circus@29.7.0\node_modules\jest-circus\build\run.js:316:40)
    at processTicksAndRejections (node:internal/process/task_queues:95:5)
    at _runTest (C:\Users\Utilisateur\zod-reify\node_modules\.pnpm\jest-circus@29.7.0\node_modules\jest-circus\build\run.js:252:3)
    at _runTestsForDescribeBlock (C:\Users\Utilisateur\zod-reify\node_modules\.pnpm\jest-circus@29.7.0\node_modules\jest-circus\build\run.js:126:9)
    at _runTestsForDescribeBlock (C:\Users\Utilisateur\zod-reify\node_modules\.pnpm\jest-circus@29.7.0\node_modules\jest-circus\build\run.js:121:9)
    at _runTestsForDescribeBlock (C:\Users\Utilisateur\zod-reify\node_modules\.pnpm\jest-circus@29.7.0\node_modules\jest-circus\build\run.js:121:9)
    at run (C:\Users\Utilisateur\zod-reify\node_modules\.pnpm\jest-circus@29.7.0\node_modules\jest-circus\build\run.js:71:3)
    at runAndTransformResultsToJestFormat (C:\Users\Utilisateur\zod-reify\node_modules\.pnpm\jest-circus@29.7.0\node_modules\jest-circus\build\legacy-code-todo-rewrite\jestAdapterInit.js:122:21)
    at jestAdapter (C:\Users\Utilisateur\zod-reify\node_modules\.pnpm\jest-circus@29.7.0\node_modules\jest-circus\build\legacy-code-todo-rewrite\jestAdapter.js:79:19)
    at runTestInternal (C:\Users\Utilisateur\zod-reify\node_modules\.pnpm\jest-runner@29.7.0\node_modules\jest-runner\build\runTest.js:367:16)
    at runTest (C:\Users\Utilisateur\zod-reify\node_modules\.pnpm\jest-runner@29.7.0\node_modules\jest-runner\build\runTest.js:444:34)
    at Object.worker (C:\Users\Utilisateur\zod-reify\node_modules\.pnpm\jest-runner@29.7.0\node_modules\jest-runner\build\testWorker.js:106:12)</failure>
    </testcase>
    <testcase classname="Tests of the {@ZodSchemaReifier} reify() method against the zod parse method Test the reify() returns a zod schema which successfully parses the test TypeScript Object [{&quot;expect&quot;: false, &quot;name&quot;: &quot;Test #13ter: zodSchema13, https://zod.dev/?id=datetimes&quot;, &quot;testTsObjectToValidate&quot;: &quot;2020-01-01T00:00:00.123456Z&quot;, &quot;zodSchema&quot;: [ZodString], &quot;zodSchemaAsText&quot;: &quot;z.string().datetime({ precision: 3 });&quot;}] successfully pass the zod parse test" name="Tests of the {@ZodSchemaReifier} reify() method against the zod parse method Test the reify() returns a zod schema which successfully parses the test TypeScript Object [{&quot;expect&quot;: false, &quot;name&quot;: &quot;Test #13ter: zodSchema13, https://zod.dev/?id=datetimes&quot;, &quot;testTsObjectToValidate&quot;: &quot;2020-01-01T00:00:00.123456Z&quot;, &quot;zodSchema&quot;: [ZodString], &quot;zodSchemaAsText&quot;: &quot;z.string().datetime({ precision: 3 });&quot;}] successfully pass the zod parse test" time="0.932">
      <failure>TypeError: Converting circular structure to JSON
    --&gt; starting at object with constructor &apos;SourceFile&apos;
    --- property &apos;__sourceFile&apos; closes the circle
    at JSON.stringify (&lt;anonymous&gt;)
    at ZodSchemaReifier.reify (C:\Users\Utilisateur\zod-reify\src\reify\ZodSchemaReifier.ts:343:106)
    at C:\Users\Utilisateur\zod-reify\tests\reify\ZodSchemaReifier.test.ts:1704:25
    at Object.&lt;anonymous&gt; (C:\Users\Utilisateur\zod-reify\node_modules\.pnpm\jest-each@29.7.0\node_modules\jest-each\build\bind.js:81:13)
    at Promise.then.completed (C:\Users\Utilisateur\zod-reify\node_modules\.pnpm\jest-circus@29.7.0\node_modules\jest-circus\build\utils.js:298:28)
    at new Promise (&lt;anonymous&gt;)
    at callAsyncCircusFn (C:\Users\Utilisateur\zod-reify\node_modules\.pnpm\jest-circus@29.7.0\node_modules\jest-circus\build\utils.js:231:10)
    at _callCircusTest (C:\Users\Utilisateur\zod-reify\node_modules\.pnpm\jest-circus@29.7.0\node_modules\jest-circus\build\run.js:316:40)
    at processTicksAndRejections (node:internal/process/task_queues:95:5)
    at _runTest (C:\Users\Utilisateur\zod-reify\node_modules\.pnpm\jest-circus@29.7.0\node_modules\jest-circus\build\run.js:252:3)
    at _runTestsForDescribeBlock (C:\Users\Utilisateur\zod-reify\node_modules\.pnpm\jest-circus@29.7.0\node_modules\jest-circus\build\run.js:126:9)
    at _runTestsForDescribeBlock (C:\Users\Utilisateur\zod-reify\node_modules\.pnpm\jest-circus@29.7.0\node_modules\jest-circus\build\run.js:121:9)
    at _runTestsForDescribeBlock (C:\Users\Utilisateur\zod-reify\node_modules\.pnpm\jest-circus@29.7.0\node_modules\jest-circus\build\run.js:121:9)
    at run (C:\Users\Utilisateur\zod-reify\node_modules\.pnpm\jest-circus@29.7.0\node_modules\jest-circus\build\run.js:71:3)
    at runAndTransformResultsToJestFormat (C:\Users\Utilisateur\zod-reify\node_modules\.pnpm\jest-circus@29.7.0\node_modules\jest-circus\build\legacy-code-todo-rewrite\jestAdapterInit.js:122:21)
    at jestAdapter (C:\Users\Utilisateur\zod-reify\node_modules\.pnpm\jest-circus@29.7.0\node_modules\jest-circus\build\legacy-code-todo-rewrite\jestAdapter.js:79:19)
    at runTestInternal (C:\Users\Utilisateur\zod-reify\node_modules\.pnpm\jest-runner@29.7.0\node_modules\jest-runner\build\runTest.js:367:16)
    at runTest (C:\Users\Utilisateur\zod-reify\node_modules\.pnpm\jest-runner@29.7.0\node_modules\jest-runner\build\runTest.js:444:34)
    at Object.worker (C:\Users\Utilisateur\zod-reify\node_modules\.pnpm\jest-runner@29.7.0\node_modules\jest-runner\build\testWorker.js:106:12)</failure>
    </testcase>
    <testcase classname="Tests of the {@ZodSchemaReifier} reify() method against the zod parse method Test the reify() returns a zod schema which successfully parses the test TypeScript Object [{&quot;expect&quot;: true, &quot;name&quot;: &quot;Test #14: zodSchema14, a simple zod object  with one boolean property, the test assigns a boolean value to the property, using an unary operator (the \&quot;not\&quot; operator).&quot;, &quot;testTsObjectToValidate&quot;: [Object], &quot;zodSchema&quot;: [ZodObject], &quot;zodSchemaAsText&quot;: &quot;z.object({ 
    something: z.boolean(),
  });&quot;}] successfully pass the zod parse test" name="Tests of the {@ZodSchemaReifier} reify() method against the zod parse method Test the reify() returns a zod schema which successfully parses the test TypeScript Object [{&quot;expect&quot;: true, &quot;name&quot;: &quot;Test #14: zodSchema14, a simple zod object  with one boolean property, the test assigns a boolean value to the property, using an unary operator (the \&quot;not\&quot; operator).&quot;, &quot;testTsObjectToValidate&quot;: [Object], &quot;zodSchema&quot;: [ZodObject], &quot;zodSchemaAsText&quot;: &quot;z.object({ 
    something: z.boolean(),
  });&quot;}] successfully pass the zod parse test" time="1.207">
      <failure>TypeError: Converting circular structure to JSON
    --&gt; starting at object with constructor &apos;SourceFile&apos;
    --- property &apos;__sourceFile&apos; closes the circle
    at JSON.stringify (&lt;anonymous&gt;)
    at ZodSchemaReifier.reify (C:\Users\Utilisateur\zod-reify\src\reify\ZodSchemaReifier.ts:343:106)
    at C:\Users\Utilisateur\zod-reify\tests\reify\ZodSchemaReifier.test.ts:1704:25
    at Object.&lt;anonymous&gt; (C:\Users\Utilisateur\zod-reify\node_modules\.pnpm\jest-each@29.7.0\node_modules\jest-each\build\bind.js:81:13)
    at Promise.then.completed (C:\Users\Utilisateur\zod-reify\node_modules\.pnpm\jest-circus@29.7.0\node_modules\jest-circus\build\utils.js:298:28)
    at new Promise (&lt;anonymous&gt;)
    at callAsyncCircusFn (C:\Users\Utilisateur\zod-reify\node_modules\.pnpm\jest-circus@29.7.0\node_modules\jest-circus\build\utils.js:231:10)
    at _callCircusTest (C:\Users\Utilisateur\zod-reify\node_modules\.pnpm\jest-circus@29.7.0\node_modules\jest-circus\build\run.js:316:40)
    at processTicksAndRejections (node:internal/process/task_queues:95:5)
    at _runTest (C:\Users\Utilisateur\zod-reify\node_modules\.pnpm\jest-circus@29.7.0\node_modules\jest-circus\build\run.js:252:3)
    at _runTestsForDescribeBlock (C:\Users\Utilisateur\zod-reify\node_modules\.pnpm\jest-circus@29.7.0\node_modules\jest-circus\build\run.js:126:9)
    at _runTestsForDescribeBlock (C:\Users\Utilisateur\zod-reify\node_modules\.pnpm\jest-circus@29.7.0\node_modules\jest-circus\build\run.js:121:9)
    at _runTestsForDescribeBlock (C:\Users\Utilisateur\zod-reify\node_modules\.pnpm\jest-circus@29.7.0\node_modules\jest-circus\build\run.js:121:9)
    at run (C:\Users\Utilisateur\zod-reify\node_modules\.pnpm\jest-circus@29.7.0\node_modules\jest-circus\build\run.js:71:3)
    at runAndTransformResultsToJestFormat (C:\Users\Utilisateur\zod-reify\node_modules\.pnpm\jest-circus@29.7.0\node_modules\jest-circus\build\legacy-code-todo-rewrite\jestAdapterInit.js:122:21)
    at jestAdapter (C:\Users\Utilisateur\zod-reify\node_modules\.pnpm\jest-circus@29.7.0\node_modules\jest-circus\build\legacy-code-todo-rewrite\jestAdapter.js:79:19)
    at runTestInternal (C:\Users\Utilisateur\zod-reify\node_modules\.pnpm\jest-runner@29.7.0\node_modules\jest-runner\build\runTest.js:367:16)
    at runTest (C:\Users\Utilisateur\zod-reify\node_modules\.pnpm\jest-runner@29.7.0\node_modules\jest-runner\build\runTest.js:444:34)
    at Object.worker (C:\Users\Utilisateur\zod-reify\node_modules\.pnpm\jest-runner@29.7.0\node_modules\jest-runner\build\testWorker.js:106:12)</failure>
    </testcase>
    <testcase classname="Tests of the {@ZodSchemaReifier} reify() method against the zod parse method Test the reify() returns a zod schema which successfully parses the test TypeScript Object [{&quot;expect&quot;: true, &quot;name&quot;: &quot;Test #14bis: testCase14bis, a simple zod object  with one boolean property, the test assigns a boolean value to the property, using both an unary, and a binary operator (the \&quot;not\&quot; operator, and the \&quot;or\&quot; operator).&quot;, &quot;testTsObjectToValidate&quot;: [Object], &quot;zodSchema&quot;: [ZodObject], &quot;zodSchemaAsText&quot;: &quot;z.object({ 
    something: z.boolean(),
  });&quot;}] successfully pass the zod parse test" name="Tests of the {@ZodSchemaReifier} reify() method against the zod parse method Test the reify() returns a zod schema which successfully parses the test TypeScript Object [{&quot;expect&quot;: true, &quot;name&quot;: &quot;Test #14bis: testCase14bis, a simple zod object  with one boolean property, the test assigns a boolean value to the property, using both an unary, and a binary operator (the \&quot;not\&quot; operator, and the \&quot;or\&quot; operator).&quot;, &quot;testTsObjectToValidate&quot;: [Object], &quot;zodSchema&quot;: [ZodObject], &quot;zodSchemaAsText&quot;: &quot;z.object({ 
    something: z.boolean(),
  });&quot;}] successfully pass the zod parse test" time="1.05">
      <failure>TypeError: Converting circular structure to JSON
    --&gt; starting at object with constructor &apos;SourceFile&apos;
    --- property &apos;__sourceFile&apos; closes the circle
    at JSON.stringify (&lt;anonymous&gt;)
    at ZodSchemaReifier.reify (C:\Users\Utilisateur\zod-reify\src\reify\ZodSchemaReifier.ts:343:106)
    at C:\Users\Utilisateur\zod-reify\tests\reify\ZodSchemaReifier.test.ts:1704:25
    at Object.&lt;anonymous&gt; (C:\Users\Utilisateur\zod-reify\node_modules\.pnpm\jest-each@29.7.0\node_modules\jest-each\build\bind.js:81:13)
    at Promise.then.completed (C:\Users\Utilisateur\zod-reify\node_modules\.pnpm\jest-circus@29.7.0\node_modules\jest-circus\build\utils.js:298:28)
    at new Promise (&lt;anonymous&gt;)
    at callAsyncCircusFn (C:\Users\Utilisateur\zod-reify\node_modules\.pnpm\jest-circus@29.7.0\node_modules\jest-circus\build\utils.js:231:10)
    at _callCircusTest (C:\Users\Utilisateur\zod-reify\node_modules\.pnpm\jest-circus@29.7.0\node_modules\jest-circus\build\run.js:316:40)
    at processTicksAndRejections (node:internal/process/task_queues:95:5)
    at _runTest (C:\Users\Utilisateur\zod-reify\node_modules\.pnpm\jest-circus@29.7.0\node_modules\jest-circus\build\run.js:252:3)
    at _runTestsForDescribeBlock (C:\Users\Utilisateur\zod-reify\node_modules\.pnpm\jest-circus@29.7.0\node_modules\jest-circus\build\run.js:126:9)
    at _runTestsForDescribeBlock (C:\Users\Utilisateur\zod-reify\node_modules\.pnpm\jest-circus@29.7.0\node_modules\jest-circus\build\run.js:121:9)
    at _runTestsForDescribeBlock (C:\Users\Utilisateur\zod-reify\node_modules\.pnpm\jest-circus@29.7.0\node_modules\jest-circus\build\run.js:121:9)
    at run (C:\Users\Utilisateur\zod-reify\node_modules\.pnpm\jest-circus@29.7.0\node_modules\jest-circus\build\run.js:71:3)
    at runAndTransformResultsToJestFormat (C:\Users\Utilisateur\zod-reify\node_modules\.pnpm\jest-circus@29.7.0\node_modules\jest-circus\build\legacy-code-todo-rewrite\jestAdapterInit.js:122:21)
    at jestAdapter (C:\Users\Utilisateur\zod-reify\node_modules\.pnpm\jest-circus@29.7.0\node_modules\jest-circus\build\legacy-code-todo-rewrite\jestAdapter.js:79:19)
    at runTestInternal (C:\Users\Utilisateur\zod-reify\node_modules\.pnpm\jest-runner@29.7.0\node_modules\jest-runner\build\runTest.js:367:16)
    at runTest (C:\Users\Utilisateur\zod-reify\node_modules\.pnpm\jest-runner@29.7.0\node_modules\jest-runner\build\runTest.js:444:34)
    at Object.worker (C:\Users\Utilisateur\zod-reify\node_modules\.pnpm\jest-runner@29.7.0\node_modules\jest-runner\build\testWorker.js:106:12)</failure>
    </testcase>
    <testcase classname="Tests of the {@ZodSchemaReifier} reify() method against the zod parse method Test the reify() returns a zod schema which successfully parses the test TypeScript Object [{&quot;expect&quot;: false, &quot;name&quot;: &quot;Test #15: zodSchema15, a simple zod object  with one boolean property, the test assigns a boolean value to the property, using an unary operator (the \&quot;not\&quot; operator).&quot;, &quot;testTsObjectToValidate&quot;: 1901-01-01T00:00:00.000Z, &quot;zodSchema&quot;: [ZodDate], &quot;zodSchemaAsText&quot;: &quot;z.date().min(new Date(\&quot;1900-01-01\&quot;), { message: \&quot;Too old\&quot; });&quot;}] successfully pass the zod parse test" name="Tests of the {@ZodSchemaReifier} reify() method against the zod parse method Test the reify() returns a zod schema which successfully parses the test TypeScript Object [{&quot;expect&quot;: false, &quot;name&quot;: &quot;Test #15: zodSchema15, a simple zod object  with one boolean property, the test assigns a boolean value to the property, using an unary operator (the \&quot;not\&quot; operator).&quot;, &quot;testTsObjectToValidate&quot;: 1901-01-01T00:00:00.000Z, &quot;zodSchema&quot;: [ZodDate], &quot;zodSchemaAsText&quot;: &quot;z.date().min(new Date(\&quot;1900-01-01\&quot;), { message: \&quot;Too old\&quot; });&quot;}] successfully pass the zod parse test" time="0.933">
      <failure>TypeError: Converting circular structure to JSON
    --&gt; starting at object with constructor &apos;SourceFile&apos;
    --- property &apos;__sourceFile&apos; closes the circle
    at JSON.stringify (&lt;anonymous&gt;)
    at ZodSchemaReifier.reify (C:\Users\Utilisateur\zod-reify\src\reify\ZodSchemaReifier.ts:343:106)
    at C:\Users\Utilisateur\zod-reify\tests\reify\ZodSchemaReifier.test.ts:1704:25
    at Object.&lt;anonymous&gt; (C:\Users\Utilisateur\zod-reify\node_modules\.pnpm\jest-each@29.7.0\node_modules\jest-each\build\bind.js:81:13)
    at Promise.then.completed (C:\Users\Utilisateur\zod-reify\node_modules\.pnpm\jest-circus@29.7.0\node_modules\jest-circus\build\utils.js:298:28)
    at new Promise (&lt;anonymous&gt;)
    at callAsyncCircusFn (C:\Users\Utilisateur\zod-reify\node_modules\.pnpm\jest-circus@29.7.0\node_modules\jest-circus\build\utils.js:231:10)
    at _callCircusTest (C:\Users\Utilisateur\zod-reify\node_modules\.pnpm\jest-circus@29.7.0\node_modules\jest-circus\build\run.js:316:40)
    at processTicksAndRejections (node:internal/process/task_queues:95:5)
    at _runTest (C:\Users\Utilisateur\zod-reify\node_modules\.pnpm\jest-circus@29.7.0\node_modules\jest-circus\build\run.js:252:3)
    at _runTestsForDescribeBlock (C:\Users\Utilisateur\zod-reify\node_modules\.pnpm\jest-circus@29.7.0\node_modules\jest-circus\build\run.js:126:9)
    at _runTestsForDescribeBlock (C:\Users\Utilisateur\zod-reify\node_modules\.pnpm\jest-circus@29.7.0\node_modules\jest-circus\build\run.js:121:9)
    at _runTestsForDescribeBlock (C:\Users\Utilisateur\zod-reify\node_modules\.pnpm\jest-circus@29.7.0\node_modules\jest-circus\build\run.js:121:9)
    at run (C:\Users\Utilisateur\zod-reify\node_modules\.pnpm\jest-circus@29.7.0\node_modules\jest-circus\build\run.js:71:3)
    at runAndTransformResultsToJestFormat (C:\Users\Utilisateur\zod-reify\node_modules\.pnpm\jest-circus@29.7.0\node_modules\jest-circus\build\legacy-code-todo-rewrite\jestAdapterInit.js:122:21)
    at jestAdapter (C:\Users\Utilisateur\zod-reify\node_modules\.pnpm\jest-circus@29.7.0\node_modules\jest-circus\build\legacy-code-todo-rewrite\jestAdapter.js:79:19)
    at runTestInternal (C:\Users\Utilisateur\zod-reify\node_modules\.pnpm\jest-runner@29.7.0\node_modules\jest-runner\build\runTest.js:367:16)
    at runTest (C:\Users\Utilisateur\zod-reify\node_modules\.pnpm\jest-runner@29.7.0\node_modules\jest-runner\build\runTest.js:444:34)
    at Object.worker (C:\Users\Utilisateur\zod-reify\node_modules\.pnpm\jest-runner@29.7.0\node_modules\jest-runner\build\testWorker.js:106:12)</failure>
    </testcase>
    <testcase classname="Tests of the {@ZodSchemaReifier} reify() method against the zod parse method Test the reify() returns a zod schema which successfully parses the test TypeScript Object [{&quot;expect&quot;: true, &quot;name&quot;: &quot;Test #16: zodSchema16, a simple zod object  with one boolean property, the test assigns a boolean value to the property, using an unary operator (the \&quot;not\&quot; operator).&quot;, &quot;testTsObjectToValidate&quot;: 2024-01-01T00:00:00.000Z, &quot;zodSchema&quot;: [ZodDate], &quot;zodSchemaAsText&quot;: &quot;z.date().max(new Date(), { message: \&quot;Too young!\&quot; });&quot;}] successfully pass the zod parse test" name="Tests of the {@ZodSchemaReifier} reify() method against the zod parse method Test the reify() returns a zod schema which successfully parses the test TypeScript Object [{&quot;expect&quot;: true, &quot;name&quot;: &quot;Test #16: zodSchema16, a simple zod object  with one boolean property, the test assigns a boolean value to the property, using an unary operator (the \&quot;not\&quot; operator).&quot;, &quot;testTsObjectToValidate&quot;: 2024-01-01T00:00:00.000Z, &quot;zodSchema&quot;: [ZodDate], &quot;zodSchemaAsText&quot;: &quot;z.date().max(new Date(), { message: \&quot;Too young!\&quot; });&quot;}] successfully pass the zod parse test" time="0.923">
      <failure>TypeError: Converting circular structure to JSON
    --&gt; starting at object with constructor &apos;SourceFile&apos;
    --- property &apos;__sourceFile&apos; closes the circle
    at JSON.stringify (&lt;anonymous&gt;)
    at ZodSchemaReifier.reify (C:\Users\Utilisateur\zod-reify\src\reify\ZodSchemaReifier.ts:343:106)
    at C:\Users\Utilisateur\zod-reify\tests\reify\ZodSchemaReifier.test.ts:1704:25
    at Object.&lt;anonymous&gt; (C:\Users\Utilisateur\zod-reify\node_modules\.pnpm\jest-each@29.7.0\node_modules\jest-each\build\bind.js:81:13)
    at Promise.then.completed (C:\Users\Utilisateur\zod-reify\node_modules\.pnpm\jest-circus@29.7.0\node_modules\jest-circus\build\utils.js:298:28)
    at new Promise (&lt;anonymous&gt;)
    at callAsyncCircusFn (C:\Users\Utilisateur\zod-reify\node_modules\.pnpm\jest-circus@29.7.0\node_modules\jest-circus\build\utils.js:231:10)
    at _callCircusTest (C:\Users\Utilisateur\zod-reify\node_modules\.pnpm\jest-circus@29.7.0\node_modules\jest-circus\build\run.js:316:40)
    at processTicksAndRejections (node:internal/process/task_queues:95:5)
    at _runTest (C:\Users\Utilisateur\zod-reify\node_modules\.pnpm\jest-circus@29.7.0\node_modules\jest-circus\build\run.js:252:3)
    at _runTestsForDescribeBlock (C:\Users\Utilisateur\zod-reify\node_modules\.pnpm\jest-circus@29.7.0\node_modules\jest-circus\build\run.js:126:9)
    at _runTestsForDescribeBlock (C:\Users\Utilisateur\zod-reify\node_modules\.pnpm\jest-circus@29.7.0\node_modules\jest-circus\build\run.js:121:9)
    at _runTestsForDescribeBlock (C:\Users\Utilisateur\zod-reify\node_modules\.pnpm\jest-circus@29.7.0\node_modules\jest-circus\build\run.js:121:9)
    at run (C:\Users\Utilisateur\zod-reify\node_modules\.pnpm\jest-circus@29.7.0\node_modules\jest-circus\build\run.js:71:3)
    at runAndTransformResultsToJestFormat (C:\Users\Utilisateur\zod-reify\node_modules\.pnpm\jest-circus@29.7.0\node_modules\jest-circus\build\legacy-code-todo-rewrite\jestAdapterInit.js:122:21)
    at jestAdapter (C:\Users\Utilisateur\zod-reify\node_modules\.pnpm\jest-circus@29.7.0\node_modules\jest-circus\build\legacy-code-todo-rewrite\jestAdapter.js:79:19)
    at runTestInternal (C:\Users\Utilisateur\zod-reify\node_modules\.pnpm\jest-runner@29.7.0\node_modules\jest-runner\build\runTest.js:367:16)
    at runTest (C:\Users\Utilisateur\zod-reify\node_modules\.pnpm\jest-runner@29.7.0\node_modules\jest-runner\build\runTest.js:444:34)
    at Object.worker (C:\Users\Utilisateur\zod-reify\node_modules\.pnpm\jest-runner@29.7.0\node_modules\jest-runner\build\testWorker.js:106:12)</failure>
    </testcase>
    <testcase classname="Tests of the {@ZodSchemaReifier} reify() method against the zod parse method Test the reify() returns a zod schema which successfully parses the test TypeScript Object [{&quot;expect&quot;: true, &quot;name&quot;: &quot;Test #17: zodSchema17, a simple zod object  with one boolean property, the test assigns a boolean value to the property, using an unary operator (the \&quot;not\&quot; operator).&quot;, &quot;testTsObjectToValidate&quot;: 2024-01-01T00:00:00.000Z, &quot;zodSchema&quot;: [ZodDate], &quot;zodSchemaAsText&quot;: &quot;z.coerce.date();&quot;}] successfully pass the zod parse test" name="Tests of the {@ZodSchemaReifier} reify() method against the zod parse method Test the reify() returns a zod schema which successfully parses the test TypeScript Object [{&quot;expect&quot;: true, &quot;name&quot;: &quot;Test #17: zodSchema17, a simple zod object  with one boolean property, the test assigns a boolean value to the property, using an unary operator (the \&quot;not\&quot; operator).&quot;, &quot;testTsObjectToValidate&quot;: 2024-01-01T00:00:00.000Z, &quot;zodSchema&quot;: [ZodDate], &quot;zodSchemaAsText&quot;: &quot;z.coerce.date();&quot;}] successfully pass the zod parse test" time="0.937">
      <failure>TypeError: Converting circular structure to JSON
    --&gt; starting at object with constructor &apos;SourceFile&apos;
    --- property &apos;__sourceFile&apos; closes the circle
    at JSON.stringify (&lt;anonymous&gt;)
    at ZodSchemaReifier.reify (C:\Users\Utilisateur\zod-reify\src\reify\ZodSchemaReifier.ts:343:106)
    at C:\Users\Utilisateur\zod-reify\tests\reify\ZodSchemaReifier.test.ts:1704:25
    at Object.&lt;anonymous&gt; (C:\Users\Utilisateur\zod-reify\node_modules\.pnpm\jest-each@29.7.0\node_modules\jest-each\build\bind.js:81:13)
    at Promise.then.completed (C:\Users\Utilisateur\zod-reify\node_modules\.pnpm\jest-circus@29.7.0\node_modules\jest-circus\build\utils.js:298:28)
    at new Promise (&lt;anonymous&gt;)
    at callAsyncCircusFn (C:\Users\Utilisateur\zod-reify\node_modules\.pnpm\jest-circus@29.7.0\node_modules\jest-circus\build\utils.js:231:10)
    at _callCircusTest (C:\Users\Utilisateur\zod-reify\node_modules\.pnpm\jest-circus@29.7.0\node_modules\jest-circus\build\run.js:316:40)
    at processTicksAndRejections (node:internal/process/task_queues:95:5)
    at _runTest (C:\Users\Utilisateur\zod-reify\node_modules\.pnpm\jest-circus@29.7.0\node_modules\jest-circus\build\run.js:252:3)
    at _runTestsForDescribeBlock (C:\Users\Utilisateur\zod-reify\node_modules\.pnpm\jest-circus@29.7.0\node_modules\jest-circus\build\run.js:126:9)
    at _runTestsForDescribeBlock (C:\Users\Utilisateur\zod-reify\node_modules\.pnpm\jest-circus@29.7.0\node_modules\jest-circus\build\run.js:121:9)
    at _runTestsForDescribeBlock (C:\Users\Utilisateur\zod-reify\node_modules\.pnpm\jest-circus@29.7.0\node_modules\jest-circus\build\run.js:121:9)
    at run (C:\Users\Utilisateur\zod-reify\node_modules\.pnpm\jest-circus@29.7.0\node_modules\jest-circus\build\run.js:71:3)
    at runAndTransformResultsToJestFormat (C:\Users\Utilisateur\zod-reify\node_modules\.pnpm\jest-circus@29.7.0\node_modules\jest-circus\build\legacy-code-todo-rewrite\jestAdapterInit.js:122:21)
    at jestAdapter (C:\Users\Utilisateur\zod-reify\node_modules\.pnpm\jest-circus@29.7.0\node_modules\jest-circus\build\legacy-code-todo-rewrite\jestAdapter.js:79:19)
    at runTestInternal (C:\Users\Utilisateur\zod-reify\node_modules\.pnpm\jest-runner@29.7.0\node_modules\jest-runner\build\runTest.js:367:16)
    at runTest (C:\Users\Utilisateur\zod-reify\node_modules\.pnpm\jest-runner@29.7.0\node_modules\jest-runner\build\runTest.js:444:34)
    at Object.worker (C:\Users\Utilisateur\zod-reify\node_modules\.pnpm\jest-runner@29.7.0\node_modules\jest-runner\build\testWorker.js:106:12)</failure>
    </testcase>
    <testcase classname="Tests of the {@ZodSchemaReifier} reify() method against the zod-matter parse method Test the reify() returns a zod schema which successfully extracts the frontmatter from the test markdown [{&quot;expectedFrontmatter&quot;: [Array], &quot;name&quot;: &quot;Test #3: markdown frontmatter extraction zodSchema3&quot;, &quot;testMarkdown&quot;: &quot;---

- voila: oh que oui
- voila: a marche vraiment!
---

# Hello Pesto ZodSchemaReifier!
&quot;, &quot;zodMatterShouldThrow&quot;: false, &quot;zodSchema&quot;: [ZodNullable], &quot;zodSchemaAsText&quot;: &quot;z
  .object({
    voila: z.string(),
  })
  .array()
  .optional()
  .nullable()&quot;}] successfully pass the zod parse test [%p]" name="Tests of the {@ZodSchemaReifier} reify() method against the zod-matter parse method Test the reify() returns a zod schema which successfully extracts the frontmatter from the test markdown [{&quot;expectedFrontmatter&quot;: [Array], &quot;name&quot;: &quot;Test #3: markdown frontmatter extraction zodSchema3&quot;, &quot;testMarkdown&quot;: &quot;---

- voila: oh que oui
- voila: a marche vraiment!
---

# Hello Pesto ZodSchemaReifier!
&quot;, &quot;zodMatterShouldThrow&quot;: false, &quot;zodSchema&quot;: [ZodNullable], &quot;zodSchemaAsText&quot;: &quot;z
  .object({
    voila: z.string(),
  })
  .array()
  .optional()
  .nullable()&quot;}] successfully pass the zod parse test [%p]" time="1.051">
      <failure>TypeError: Converting circular structure to JSON
    --&gt; starting at object with constructor &apos;SourceFile&apos;
    --- property &apos;__sourceFile&apos; closes the circle
    at JSON.stringify (&lt;anonymous&gt;)
    at ZodSchemaReifier.reify (C:\Users\Utilisateur\zod-reify\src\reify\ZodSchemaReifier.ts:343:106)
    at C:\Users\Utilisateur\zod-reify\tests\reify\ZodSchemaReifier.test.ts:1754:51
    at Object.&lt;anonymous&gt; (C:\Users\Utilisateur\zod-reify\node_modules\.pnpm\jest-each@29.7.0\node_modules\jest-each\build\bind.js:81:13)
    at Promise.then.completed (C:\Users\Utilisateur\zod-reify\node_modules\.pnpm\jest-circus@29.7.0\node_modules\jest-circus\build\utils.js:298:28)
    at new Promise (&lt;anonymous&gt;)
    at callAsyncCircusFn (C:\Users\Utilisateur\zod-reify\node_modules\.pnpm\jest-circus@29.7.0\node_modules\jest-circus\build\utils.js:231:10)
    at _callCircusTest (C:\Users\Utilisateur\zod-reify\node_modules\.pnpm\jest-circus@29.7.0\node_modules\jest-circus\build\run.js:316:40)
    at processTicksAndRejections (node:internal/process/task_queues:95:5)
    at _runTest (C:\Users\Utilisateur\zod-reify\node_modules\.pnpm\jest-circus@29.7.0\node_modules\jest-circus\build\run.js:252:3)
    at _runTestsForDescribeBlock (C:\Users\Utilisateur\zod-reify\node_modules\.pnpm\jest-circus@29.7.0\node_modules\jest-circus\build\run.js:126:9)
    at _runTestsForDescribeBlock (C:\Users\Utilisateur\zod-reify\node_modules\.pnpm\jest-circus@29.7.0\node_modules\jest-circus\build\run.js:121:9)
    at _runTestsForDescribeBlock (C:\Users\Utilisateur\zod-reify\node_modules\.pnpm\jest-circus@29.7.0\node_modules\jest-circus\build\run.js:121:9)
    at run (C:\Users\Utilisateur\zod-reify\node_modules\.pnpm\jest-circus@29.7.0\node_modules\jest-circus\build\run.js:71:3)
    at runAndTransformResultsToJestFormat (C:\Users\Utilisateur\zod-reify\node_modules\.pnpm\jest-circus@29.7.0\node_modules\jest-circus\build\legacy-code-todo-rewrite\jestAdapterInit.js:122:21)
    at jestAdapter (C:\Users\Utilisateur\zod-reify\node_modules\.pnpm\jest-circus@29.7.0\node_modules\jest-circus\build\legacy-code-todo-rewrite\jestAdapter.js:79:19)
    at runTestInternal (C:\Users\Utilisateur\zod-reify\node_modules\.pnpm\jest-runner@29.7.0\node_modules\jest-runner\build\runTest.js:367:16)
    at runTest (C:\Users\Utilisateur\zod-reify\node_modules\.pnpm\jest-runner@29.7.0\node_modules\jest-runner\build\runTest.js:444:34)
    at Object.worker (C:\Users\Utilisateur\zod-reify\node_modules\.pnpm\jest-runner@29.7.0\node_modules\jest-runner\build\testWorker.js:106:12)</failure>
    </testcase>
    <testcase classname="Tests of the {@ZodSchemaReifier} reify() method against the zod-matter parse method Test the reify() returns a zod schema which successfully extracts the frontmatter from the test markdown [{&quot;expectedFrontmatter&quot;: [Object], &quot;name&quot;: &quot;Test #4: markdown frontmatter extraction zodSchema4&quot;, &quot;testMarkdown&quot;: &quot;---

title: HiDeoo

hereAnother: 

  reseau: 

    cesar: 

      - marc

      - aurle

      - auguste

  imLackingIdea: true

  itsForATest: false

tags: 

  - william

  - the

  - conquerer

another: true

exampleCategory:

  - - joe

    - alfred

    - alvin

  - - thirteen

    - hundred

    - books

  - - going

    - overseas

    - together

example2Category: 

  - false

  - true

  - false

example3Category: 

  - 7684464125145

  - 26454943684684

  - 1516546884648

example4Category: 

  - 7684464125145

  - 26454943684684

  - 1516546884648

image: \&quot;./images/paysages/puydedome.png\&quot;

somethingElseNested:

  firstname: 

    - Jean-Baptiste

    - Marie

    - ric

  lastname: Lasselle

  color: yellow

  two: false

  three: 

    - 56

    - 789

    - 159

  four: 

    - 15

    - 46

    - 739

  example1Categories: 

    - design

    - terraform

    - plugin

  example2Categories: 

    first:

      - joe

      - alfred

      - alvin

    second:

      - thirteen

      - hundred

      - books

    third:

      - going

      - overseas

      - together

department: 

  divisionName: CCOE

  secrecyTags: 
    - LEVEL3
 
    - NOCOPY

---

# Hello Pesto ZodSchemaReifier!
&quot;, &quot;zodMatterShouldThrow&quot;: false, &quot;zodSchema&quot;: [ZodOptional], &quot;zodSchemaAsText&quot;: &quot;z
  .object({
    title: z.string(),
    hereAnother: z.object({
      reseau: z.object({
        cesar: z.array(z.string()),
      }),
      imLackingIdea: z.boolean().optional(),
      itsForATest: z.boolean(),
    }),
    tags: z.array(z.string()),
    another: z.boolean().nullish(),
    exampleCategory: z.array(z.array(z.string().nullable())).optional(),
    example2Category: z.nullable(z.array(z.boolean())).optional(),
    example3Category: z.optional(z.number()).array(),
    example4Category: z.array(z.number()).optional(),
    image: z.string().optional(),
    somethingElseNested: z.object({
      firstname: z.string().array(),
      lastname: z.string(),
      color: z.string(),
      two: z.boolean().optional(),
      three: z.number().array().optional(),
      four: z.array(z.number()).optional(),
    }),
    department: z.object({
      divisionName: z.string(),
      secrecyTags: z.array(z.string()).optional(),
    }),
  })
  .optional()&quot;}] successfully pass the zod parse test [%p]" name="Tests of the {@ZodSchemaReifier} reify() method against the zod-matter parse method Test the reify() returns a zod schema which successfully extracts the frontmatter from the test markdown [{&quot;expectedFrontmatter&quot;: [Object], &quot;name&quot;: &quot;Test #4: markdown frontmatter extraction zodSchema4&quot;, &quot;testMarkdown&quot;: &quot;---

title: HiDeoo

hereAnother: 

  reseau: 

    cesar: 

      - marc

      - aurle

      - auguste

  imLackingIdea: true

  itsForATest: false

tags: 

  - william

  - the

  - conquerer

another: true

exampleCategory:

  - - joe

    - alfred

    - alvin

  - - thirteen

    - hundred

    - books

  - - going

    - overseas

    - together

example2Category: 

  - false

  - true

  - false

example3Category: 

  - 7684464125145

  - 26454943684684

  - 1516546884648

example4Category: 

  - 7684464125145

  - 26454943684684

  - 1516546884648

image: \&quot;./images/paysages/puydedome.png\&quot;

somethingElseNested:

  firstname: 

    - Jean-Baptiste

    - Marie

    - ric

  lastname: Lasselle

  color: yellow

  two: false

  three: 

    - 56

    - 789

    - 159

  four: 

    - 15

    - 46

    - 739

  example1Categories: 

    - design

    - terraform

    - plugin

  example2Categories: 

    first:

      - joe

      - alfred

      - alvin

    second:

      - thirteen

      - hundred

      - books

    third:

      - going

      - overseas

      - together

department: 

  divisionName: CCOE

  secrecyTags: 
    - LEVEL3
 
    - NOCOPY

---

# Hello Pesto ZodSchemaReifier!
&quot;, &quot;zodMatterShouldThrow&quot;: false, &quot;zodSchema&quot;: [ZodOptional], &quot;zodSchemaAsText&quot;: &quot;z
  .object({
    title: z.string(),
    hereAnother: z.object({
      reseau: z.object({
        cesar: z.array(z.string()),
      }),
      imLackingIdea: z.boolean().optional(),
      itsForATest: z.boolean(),
    }),
    tags: z.array(z.string()),
    another: z.boolean().nullish(),
    exampleCategory: z.array(z.array(z.string().nullable())).optional(),
    example2Category: z.nullable(z.array(z.boolean())).optional(),
    example3Category: z.optional(z.number()).array(),
    example4Category: z.array(z.number()).optional(),
    image: z.string().optional(),
    somethingElseNested: z.object({
      firstname: z.string().array(),
      lastname: z.string(),
      color: z.string(),
      two: z.boolean().optional(),
      three: z.number().array().optional(),
      four: z.array(z.number()).optional(),
    }),
    department: z.object({
      divisionName: z.string(),
      secrecyTags: z.array(z.string()).optional(),
    }),
  })
  .optional()&quot;}] successfully pass the zod parse test [%p]" time="1.148">
      <failure>TypeError: Converting circular structure to JSON
    --&gt; starting at object with constructor &apos;SourceFile&apos;
    --- property &apos;__sourceFile&apos; closes the circle
    at JSON.stringify (&lt;anonymous&gt;)
    at ZodSchemaReifier.reify (C:\Users\Utilisateur\zod-reify\src\reify\ZodSchemaReifier.ts:343:106)
    at C:\Users\Utilisateur\zod-reify\tests\reify\ZodSchemaReifier.test.ts:1754:51
    at Object.&lt;anonymous&gt; (C:\Users\Utilisateur\zod-reify\node_modules\.pnpm\jest-each@29.7.0\node_modules\jest-each\build\bind.js:81:13)
    at Promise.then.completed (C:\Users\Utilisateur\zod-reify\node_modules\.pnpm\jest-circus@29.7.0\node_modules\jest-circus\build\utils.js:298:28)
    at new Promise (&lt;anonymous&gt;)
    at callAsyncCircusFn (C:\Users\Utilisateur\zod-reify\node_modules\.pnpm\jest-circus@29.7.0\node_modules\jest-circus\build\utils.js:231:10)
    at _callCircusTest (C:\Users\Utilisateur\zod-reify\node_modules\.pnpm\jest-circus@29.7.0\node_modules\jest-circus\build\run.js:316:40)
    at processTicksAndRejections (node:internal/process/task_queues:95:5)
    at _runTest (C:\Users\Utilisateur\zod-reify\node_modules\.pnpm\jest-circus@29.7.0\node_modules\jest-circus\build\run.js:252:3)
    at _runTestsForDescribeBlock (C:\Users\Utilisateur\zod-reify\node_modules\.pnpm\jest-circus@29.7.0\node_modules\jest-circus\build\run.js:126:9)
    at _runTestsForDescribeBlock (C:\Users\Utilisateur\zod-reify\node_modules\.pnpm\jest-circus@29.7.0\node_modules\jest-circus\build\run.js:121:9)
    at _runTestsForDescribeBlock (C:\Users\Utilisateur\zod-reify\node_modules\.pnpm\jest-circus@29.7.0\node_modules\jest-circus\build\run.js:121:9)
    at run (C:\Users\Utilisateur\zod-reify\node_modules\.pnpm\jest-circus@29.7.0\node_modules\jest-circus\build\run.js:71:3)
    at runAndTransformResultsToJestFormat (C:\Users\Utilisateur\zod-reify\node_modules\.pnpm\jest-circus@29.7.0\node_modules\jest-circus\build\legacy-code-todo-rewrite\jestAdapterInit.js:122:21)
    at jestAdapter (C:\Users\Utilisateur\zod-reify\node_modules\.pnpm\jest-circus@29.7.0\node_modules\jest-circus\build\legacy-code-todo-rewrite\jestAdapter.js:79:19)
    at runTestInternal (C:\Users\Utilisateur\zod-reify\node_modules\.pnpm\jest-runner@29.7.0\node_modules\jest-runner\build\runTest.js:367:16)
    at runTest (C:\Users\Utilisateur\zod-reify\node_modules\.pnpm\jest-runner@29.7.0\node_modules\jest-runner\build\runTest.js:444:34)
    at Object.worker (C:\Users\Utilisateur\zod-reify\node_modules\.pnpm\jest-runner@29.7.0\node_modules\jest-runner\build\testWorker.js:106:12)</failure>
    </testcase>
    <testcase classname="Tests of the {@ZodSchemaReifier} reify() method against the zod-matter parse method Test the reify() returns a zod schema which successfully extracts the frontmatter from the test markdown [{&quot;expectedFrontmatter&quot;: [Object], &quot;name&quot;: &quot;Test #5: markdown frontmatter extraction zodSchema5&quot;, &quot;testMarkdown&quot;: &quot;---

title: HiDeoo

hereAnother:

  reseau:

    cesar:

      - marc

      - aurle

      - auguste

  imLackingIdea: true

  itsForATest: false

tags: 

  - william

  - the

  - conquerer

another: true

exampleCategory:

  - - joe

    - alfred

    - alvin

  - - thirteen

    - hundred

    - books

  - - going

    - overseas

    - together

example2Category: 

  - false

  - true

  - false

example3Category: 

  - 7684464125145

  - 26454943684684

  - 1516546884648

example4Category: 

  - 7684464125145

  - 26454943684684

  - 1516546884648

image: \&quot;./images/paysages/puydedome.png\&quot;

somethingElseNested:

  firstname: 

    - Jean-Baptiste

    - Marie

    - ric

  lastname: Lasselle

  color: yellow

  two: false

  three: 

    - 56

    - 789

    - 159

  four: 

    - 15

    - 46

    - 739

  example1Categories: 

    - design

    - terraform

    - plugin

  example2Categories: 

    first:

      - joe

      - alfred

      - alvin

    second:

      - thirteen

      - hundred

      - books

    third:

      - going

      - overseas

      - together

department: 

  divisionName: CCOE

  secrecyTags: 
    - LEVEL3
 
    - NOCOPY

---

# Hello Pesto ZodSchemaReifier!
&quot;, &quot;zodMatterShouldThrow&quot;: false, &quot;zodSchema&quot;: [ZodObject], &quot;zodSchemaAsText&quot;: &quot;z
  .object({
    title: z.string(),
    hereAnother: z.object({
      reseau: z.object({
        cesar: z.array(z.string()),
      }),
      imLackingIdea: z.boolean().optional(),
      itsForATest: z.boolean(),
    }),
    tags: z.array(z.string()),
    another: z.boolean().nullish(),
    exampleCategory: z.array(z.array(z.string().nullable())).optional(),
    example2Category: z.nullable(z.array(z.boolean())).optional(),
    example3Category: z.optional(z.number()).array(),
    example4Category: z.array(z.number()).optional(),
    image: z.string().optional(),
    somethingElseNested: z.object({
      firstname: z.string().array(),
      lastname: z.string(),
      color: z.string(),
      two: z.boolean().optional(),
      three: z.number().array().optional(),
      four: z.array(z.number()).optional(),
    }),
    department: z.object({
      divisionName: z.string(),
      secrecyTags: z.array(z.string()).optional(),
    }),
  })&quot;}] successfully pass the zod parse test [%p]" name="Tests of the {@ZodSchemaReifier} reify() method against the zod-matter parse method Test the reify() returns a zod schema which successfully extracts the frontmatter from the test markdown [{&quot;expectedFrontmatter&quot;: [Object], &quot;name&quot;: &quot;Test #5: markdown frontmatter extraction zodSchema5&quot;, &quot;testMarkdown&quot;: &quot;---

title: HiDeoo

hereAnother:

  reseau:

    cesar:

      - marc

      - aurle

      - auguste

  imLackingIdea: true

  itsForATest: false

tags: 

  - william

  - the

  - conquerer

another: true

exampleCategory:

  - - joe

    - alfred

    - alvin

  - - thirteen

    - hundred

    - books

  - - going

    - overseas

    - together

example2Category: 

  - false

  - true

  - false

example3Category: 

  - 7684464125145

  - 26454943684684

  - 1516546884648

example4Category: 

  - 7684464125145

  - 26454943684684

  - 1516546884648

image: \&quot;./images/paysages/puydedome.png\&quot;

somethingElseNested:

  firstname: 

    - Jean-Baptiste

    - Marie

    - ric

  lastname: Lasselle

  color: yellow

  two: false

  three: 

    - 56

    - 789

    - 159

  four: 

    - 15

    - 46

    - 739

  example1Categories: 

    - design

    - terraform

    - plugin

  example2Categories: 

    first:

      - joe

      - alfred

      - alvin

    second:

      - thirteen

      - hundred

      - books

    third:

      - going

      - overseas

      - together

department: 

  divisionName: CCOE

  secrecyTags: 
    - LEVEL3
 
    - NOCOPY

---

# Hello Pesto ZodSchemaReifier!
&quot;, &quot;zodMatterShouldThrow&quot;: false, &quot;zodSchema&quot;: [ZodObject], &quot;zodSchemaAsText&quot;: &quot;z
  .object({
    title: z.string(),
    hereAnother: z.object({
      reseau: z.object({
        cesar: z.array(z.string()),
      }),
      imLackingIdea: z.boolean().optional(),
      itsForATest: z.boolean(),
    }),
    tags: z.array(z.string()),
    another: z.boolean().nullish(),
    exampleCategory: z.array(z.array(z.string().nullable())).optional(),
    example2Category: z.nullable(z.array(z.boolean())).optional(),
    example3Category: z.optional(z.number()).array(),
    example4Category: z.array(z.number()).optional(),
    image: z.string().optional(),
    somethingElseNested: z.object({
      firstname: z.string().array(),
      lastname: z.string(),
      color: z.string(),
      two: z.boolean().optional(),
      three: z.number().array().optional(),
      four: z.array(z.number()).optional(),
    }),
    department: z.object({
      divisionName: z.string(),
      secrecyTags: z.array(z.string()).optional(),
    }),
  })&quot;}] successfully pass the zod parse test [%p]" time="1.238">
      <failure>TypeError: Converting circular structure to JSON
    --&gt; starting at object with constructor &apos;SourceFile&apos;
    --- property &apos;__sourceFile&apos; closes the circle
    at JSON.stringify (&lt;anonymous&gt;)
    at ZodSchemaReifier.reify (C:\Users\Utilisateur\zod-reify\src\reify\ZodSchemaReifier.ts:343:106)
    at C:\Users\Utilisateur\zod-reify\tests\reify\ZodSchemaReifier.test.ts:1754:51
    at Object.&lt;anonymous&gt; (C:\Users\Utilisateur\zod-reify\node_modules\.pnpm\jest-each@29.7.0\node_modules\jest-each\build\bind.js:81:13)
    at Promise.then.completed (C:\Users\Utilisateur\zod-reify\node_modules\.pnpm\jest-circus@29.7.0\node_modules\jest-circus\build\utils.js:298:28)
    at new Promise (&lt;anonymous&gt;)
    at callAsyncCircusFn (C:\Users\Utilisateur\zod-reify\node_modules\.pnpm\jest-circus@29.7.0\node_modules\jest-circus\build\utils.js:231:10)
    at _callCircusTest (C:\Users\Utilisateur\zod-reify\node_modules\.pnpm\jest-circus@29.7.0\node_modules\jest-circus\build\run.js:316:40)
    at processTicksAndRejections (node:internal/process/task_queues:95:5)
    at _runTest (C:\Users\Utilisateur\zod-reify\node_modules\.pnpm\jest-circus@29.7.0\node_modules\jest-circus\build\run.js:252:3)
    at _runTestsForDescribeBlock (C:\Users\Utilisateur\zod-reify\node_modules\.pnpm\jest-circus@29.7.0\node_modules\jest-circus\build\run.js:126:9)
    at _runTestsForDescribeBlock (C:\Users\Utilisateur\zod-reify\node_modules\.pnpm\jest-circus@29.7.0\node_modules\jest-circus\build\run.js:121:9)
    at _runTestsForDescribeBlock (C:\Users\Utilisateur\zod-reify\node_modules\.pnpm\jest-circus@29.7.0\node_modules\jest-circus\build\run.js:121:9)
    at run (C:\Users\Utilisateur\zod-reify\node_modules\.pnpm\jest-circus@29.7.0\node_modules\jest-circus\build\run.js:71:3)
    at runAndTransformResultsToJestFormat (C:\Users\Utilisateur\zod-reify\node_modules\.pnpm\jest-circus@29.7.0\node_modules\jest-circus\build\legacy-code-todo-rewrite\jestAdapterInit.js:122:21)
    at jestAdapter (C:\Users\Utilisateur\zod-reify\node_modules\.pnpm\jest-circus@29.7.0\node_modules\jest-circus\build\legacy-code-todo-rewrite\jestAdapter.js:79:19)
    at runTestInternal (C:\Users\Utilisateur\zod-reify\node_modules\.pnpm\jest-runner@29.7.0\node_modules\jest-runner\build\runTest.js:367:16)
    at runTest (C:\Users\Utilisateur\zod-reify\node_modules\.pnpm\jest-runner@29.7.0\node_modules\jest-runner\build\runTest.js:444:34)
    at Object.worker (C:\Users\Utilisateur\zod-reify\node_modules\.pnpm\jest-runner@29.7.0\node_modules\jest-runner\build\testWorker.js:106:12)</failure>
    </testcase>
    <testcase classname="Tests of the {@ZodSchemaReifier} reify() method against the zod-matter parse method Test the reify() returns a zod schema which successfully extracts the frontmatter from the test markdown [{&quot;expectedFrontmatter&quot;: [Array], &quot;name&quot;: &quot;Test #6: markdown frontmatter extraction zodSchema6&quot;, &quot;testMarkdown&quot;: undefined, &quot;zodMatterShouldThrow&quot;: true, &quot;zodSchema&quot;: [ZodTuple], &quot;zodSchemaAsText&quot;: &quot;z.tuple([
      z.object({first: z.array(z.string())}),
      z.object({second: z.array(z.string())}),
      z.object({third: z.array(z.string())}),
    ])&quot;}] should throw an error because zod matter parse does not accept zod tuples as input schema" name="Tests of the {@ZodSchemaReifier} reify() method against the zod-matter parse method Test the reify() returns a zod schema which successfully extracts the frontmatter from the test markdown [{&quot;expectedFrontmatter&quot;: [Array], &quot;name&quot;: &quot;Test #6: markdown frontmatter extraction zodSchema6&quot;, &quot;testMarkdown&quot;: undefined, &quot;zodMatterShouldThrow&quot;: true, &quot;zodSchema&quot;: [ZodTuple], &quot;zodSchemaAsText&quot;: &quot;z.tuple([
      z.object({first: z.array(z.string())}),
      z.object({second: z.array(z.string())}),
      z.object({third: z.array(z.string())}),
    ])&quot;}] should throw an error because zod matter parse does not accept zod tuples as input schema" time="1.098">
      <failure>TypeError: Converting circular structure to JSON
    --&gt; starting at object with constructor &apos;SourceFile&apos;
    --- property &apos;__sourceFile&apos; closes the circle
    at JSON.stringify (&lt;anonymous&gt;)
    at ZodSchemaReifier.reify (C:\Users\Utilisateur\zod-reify\src\reify\ZodSchemaReifier.ts:343:106)
    at C:\Users\Utilisateur\zod-reify\tests\reify\ZodSchemaReifier.test.ts:1796:51
    at Object.&lt;anonymous&gt; (C:\Users\Utilisateur\zod-reify\node_modules\.pnpm\jest-each@29.7.0\node_modules\jest-each\build\bind.js:81:13)
    at Promise.then.completed (C:\Users\Utilisateur\zod-reify\node_modules\.pnpm\jest-circus@29.7.0\node_modules\jest-circus\build\utils.js:298:28)
    at new Promise (&lt;anonymous&gt;)
    at callAsyncCircusFn (C:\Users\Utilisateur\zod-reify\node_modules\.pnpm\jest-circus@29.7.0\node_modules\jest-circus\build\utils.js:231:10)
    at _callCircusTest (C:\Users\Utilisateur\zod-reify\node_modules\.pnpm\jest-circus@29.7.0\node_modules\jest-circus\build\run.js:316:40)
    at processTicksAndRejections (node:internal/process/task_queues:95:5)
    at _runTest (C:\Users\Utilisateur\zod-reify\node_modules\.pnpm\jest-circus@29.7.0\node_modules\jest-circus\build\run.js:252:3)
    at _runTestsForDescribeBlock (C:\Users\Utilisateur\zod-reify\node_modules\.pnpm\jest-circus@29.7.0\node_modules\jest-circus\build\run.js:126:9)
    at _runTestsForDescribeBlock (C:\Users\Utilisateur\zod-reify\node_modules\.pnpm\jest-circus@29.7.0\node_modules\jest-circus\build\run.js:121:9)
    at _runTestsForDescribeBlock (C:\Users\Utilisateur\zod-reify\node_modules\.pnpm\jest-circus@29.7.0\node_modules\jest-circus\build\run.js:121:9)
    at run (C:\Users\Utilisateur\zod-reify\node_modules\.pnpm\jest-circus@29.7.0\node_modules\jest-circus\build\run.js:71:3)
    at runAndTransformResultsToJestFormat (C:\Users\Utilisateur\zod-reify\node_modules\.pnpm\jest-circus@29.7.0\node_modules\jest-circus\build\legacy-code-todo-rewrite\jestAdapterInit.js:122:21)
    at jestAdapter (C:\Users\Utilisateur\zod-reify\node_modules\.pnpm\jest-circus@29.7.0\node_modules\jest-circus\build\legacy-code-todo-rewrite\jestAdapter.js:79:19)
    at runTestInternal (C:\Users\Utilisateur\zod-reify\node_modules\.pnpm\jest-runner@29.7.0\node_modules\jest-runner\build\runTest.js:367:16)
    at runTest (C:\Users\Utilisateur\zod-reify\node_modules\.pnpm\jest-runner@29.7.0\node_modules\jest-runner\build\runTest.js:444:34)
    at Object.worker (C:\Users\Utilisateur\zod-reify\node_modules\.pnpm\jest-runner@29.7.0\node_modules\jest-runner\build\testWorker.js:106:12)</failure>
    </testcase>
  </testsuite>
</testsuites>